9633_96.0_33.0
rm: No match.
rm: No match.
/lustre/janus_scratch/jixi7887/Tibet/inv_ET_BS/inv_Apr28data_v1/inv_AD_test.largerEtaRange_Tibet_v1_laytheta.20disc.XYdip.aug11.vpvs.3.AZmat4.5perc.RALT10.smEta/9633_96.0_33.0_inv_AD_test.largerEtaRange_Tibet_v1_laytheta.20disc.XYdip.aug11.vpvs.3.AZmat4.5perc.RALT10.smEta
.
Begin to work on point 1: id=9633 lon=96.000000 lat=33.000000
v[0]=0  v[1]=4  v[2]=1  v[3]=1  v[4]=0.434  v[5]=2  v[6]=1.278  v[7]=2.444  v[8]=1  v[9]=2.0  
para0
para1
v[0]=1  v[1]=3  v[2]=1  v[3]=4  v[4]=65.382  v[5]=5  v[6]=3.107  v[7]=3.446  v[8]=3.424  v[9]=3.321  v[10]=3.880  v[11]=1.77  
para0
para1
para2
para3
para4
v[0]=2  v[1]=2  v[2]=2  v[3]=3  v[4]=134.183  v[5]=5  v[6]=4.420  v[7]=4.618900  v[8]=4.348  v[9]=4.543660  v[10]=4.521  v[11]=4.724445  v[12]=4.531  v[13]=4.734895  v[14]=4.450  v[15]=4.650250  v[16]=1.77  
para0
para1
para2
para3
para4
finish read mod
#########group[0].vsvvalue[0]=1.278 vshvalue[0]=1.278
@@@ npara0, v=3.107 [2.641,3.573] sigma=0.050 p0=0 p6=1
@@@ npara1, v=3.107 [2.641,3.573] sigma=0.050 p0=0 p6=2
@@@ npara2, v=5.499 [4.674,6.324] sigma=-2.000 p0=0 p6=3
@@@ npara3, v=5.499 [4.674,6.324] sigma=-4.000 p0=0 p6=4
@@@ npara4, v=1.000 [0.600,0.800] sigma=0.010 p0=0 p6=5
@@@ npara5, v=0.000 [0.000,90.000] sigma=10.000 p0=0 p6=6
@@@ npara6, v=0.000 [0.000,180.000] sigma=10.000 p0=0 p6=7
@@@ npara7, v=3.446 [2.929,3.963] sigma=0.050 p0=0 p6=1
@@@ npara8, v=3.446 [2.929,3.963] sigma=0.050 p0=0 p6=2
@@@ npara9, v=6.099 [5.185,7.014] sigma=-2.000 p0=0 p6=3
@@@ npara10, v=6.099 [5.185,7.014] sigma=-4.000 p0=0 p6=4
@@@ npara11, v=1.000 [0.600,0.800] sigma=0.010 p0=0 p6=5
@@@ npara12, v=0.000 [0.000,90.000] sigma=-2.000 p0=0 p6=6
@@@ npara13, v=0.000 [0.000,180.000] sigma=-2.000 p0=0 p6=7
@@@ npara14, v=3.424 [2.910,3.938] sigma=0.050 p0=0 p6=1
@@@ npara15, v=3.424 [2.910,3.938] sigma=0.050 p0=0 p6=2
@@@ npara16, v=6.060 [5.151,6.970] sigma=-2.000 p0=0 p6=3
@@@ npara17, v=6.060 [5.151,6.970] sigma=-4.000 p0=0 p6=4
@@@ npara18, v=1.000 [0.600,0.800] sigma=0.010 p0=0 p6=5
@@@ npara19, v=0.000 [0.000,90.000] sigma=10.000 p0=0 p6=6
@@@ npara20, v=0.000 [0.000,180.000] sigma=-2.000 p0=0 p6=7
@@@ npara21, v=3.321 [2.823,3.819] sigma=0.050 p0=0 p6=1
@@@ npara22, v=3.321 [2.823,3.819] sigma=0.050 p0=0 p6=2
@@@ npara23, v=5.878 [4.996,6.760] sigma=-2.000 p0=0 p6=3
@@@ npara24, v=5.878 [4.996,6.760] sigma=-4.000 p0=0 p6=4
@@@ npara25, v=1.000 [0.600,0.800] sigma=0.010 p0=0 p6=5
@@@ npara26, v=0.000 [0.000,90.000] sigma=-2.000 p0=0 p6=6
@@@ npara27, v=0.000 [0.000,180.000] sigma=-2.000 p0=0 p6=7
@@@ npara28, v=3.880 [3.298,4.462] sigma=0.050 p0=0 p6=1
@@@ npara29, v=3.880 [3.298,4.462] sigma=0.050 p0=0 p6=2
@@@ npara30, v=6.868 [5.837,7.898] sigma=-2.000 p0=0 p6=3
@@@ npara31, v=6.868 [5.837,7.898] sigma=-4.000 p0=0 p6=4
@@@ npara32, v=1.000 [0.600,0.800] sigma=0.010 p0=0 p6=5
@@@ npara33, v=0.000 [0.000,90.000] sigma=10.000 p0=0 p6=6
@@@ npara34, v=0.000 [0.000,180.000] sigma=-2.000 p0=0 p6=7
@@@ npara35, v=4.420 [3.757,5.083] sigma=0.050 p0=0 p6=1
@@@ npara36, v=4.619 [3.926,5.312] sigma=-5.000 p0=0 p6=2
@@@ npara37, v=7.999 [6.800,9.199] sigma=-2.000 p0=0 p6=3
@@@ npara38, v=7.999 [6.800,9.199] sigma=-4.000 p0=0 p6=4
### in mod2para, fill model space part. for para39, the tmin(0.85)<tmax(0.8)!! something wrong, reset the para.in
inponm=point.txt
dirbin=./binmod
outdir=./bin_avg
=====CALavg begin working on point: 1 9633 96.000000 33.000000===
v[0]=0  v[1]=4  v[2]=1  v[3]=1  v[4]=0.434  v[5]=2  v[6]=1.278  v[7]=2.444  v[8]=1  v[9]=2.0  
para0
para1
v[0]=1  v[1]=3  v[2]=1  v[3]=4  v[4]=65.382  v[5]=5  v[6]=3.107  v[7]=3.446  v[8]=3.424  v[9]=3.321  v[10]=3.880  v[11]=1.77  
para0
para1
para2
para3
para4
v[0]=2  v[1]=2  v[2]=2  v[3]=3  v[4]=134.183  v[5]=5  v[6]=4.420  v[7]=4.618900  v[8]=4.348  v[9]=4.543660  v[10]=4.521  v[11]=4.724445  v[12]=4.531  v[13]=4.734895  v[14]=4.450  v[15]=4.650250  v[16]=1.77  
para0
para1
para2
para3
para4
@@@ npara0, v=3.107 [2.641,3.573] sigma=0.050 p0=0 p6=1
@@@ npara1, v=3.107 [2.641,3.573] sigma=0.050 p0=0 p6=2
@@@ npara2, v=5.499 [4.674,6.324] sigma=-2.000 p0=0 p6=3
@@@ npara3, v=5.499 [4.674,6.324] sigma=-4.000 p0=0 p6=4
@@@ npara4, v=1.000 [0.600,1.100] sigma=0.010 p0=0 p6=5
@@@ npara5, v=0.000 [0.000,90.000] sigma=10.000 p0=0 p6=6
@@@ npara6, v=0.000 [0.000,180.000] sigma=10.000 p0=0 p6=7
@@@ npara7, v=3.446 [2.929,3.963] sigma=0.050 p0=0 p6=1
@@@ npara8, v=3.446 [2.929,3.963] sigma=0.050 p0=0 p6=2
@@@ npara9, v=6.099 [5.185,7.014] sigma=-2.000 p0=0 p6=3
@@@ npara10, v=6.099 [5.185,7.014] sigma=-4.000 p0=0 p6=4
@@@ npara11, v=1.000 [0.600,1.100] sigma=0.010 p0=0 p6=5
@@@ npara12, v=0.000 [0.000,90.000] sigma=-2.000 p0=0 p6=6
@@@ npara13, v=0.000 [0.000,180.000] sigma=-2.000 p0=0 p6=7
@@@ npara14, v=3.424 [2.910,3.938] sigma=0.050 p0=0 p6=1
@@@ npara15, v=3.424 [2.910,3.938] sigma=0.050 p0=0 p6=2
@@@ npara16, v=6.060 [5.151,6.970] sigma=-2.000 p0=0 p6=3
@@@ npara17, v=6.060 [5.151,6.970] sigma=-4.000 p0=0 p6=4
@@@ npara18, v=1.000 [0.600,1.100] sigma=0.010 p0=0 p6=5
@@@ npara19, v=0.000 [0.000,90.000] sigma=10.000 p0=0 p6=6
@@@ npara20, v=0.000 [0.000,180.000] sigma=-2.000 p0=0 p6=7
@@@ npara21, v=3.321 [2.823,3.819] sigma=0.050 p0=0 p6=1
@@@ npara22, v=3.321 [2.823,3.819] sigma=0.050 p0=0 p6=2
@@@ npara23, v=5.878 [4.996,6.760] sigma=-2.000 p0=0 p6=3
@@@ npara24, v=5.878 [4.996,6.760] sigma=-4.000 p0=0 p6=4
@@@ npara25, v=1.000 [0.600,1.100] sigma=0.010 p0=0 p6=5
@@@ npara26, v=0.000 [0.000,90.000] sigma=-2.000 p0=0 p6=6
@@@ npara27, v=0.000 [0.000,180.000] sigma=-2.000 p0=0 p6=7
@@@ npara28, v=3.880 [3.298,4.462] sigma=0.050 p0=0 p6=1
@@@ npara29, v=3.880 [3.298,4.462] sigma=0.050 p0=0 p6=2
@@@ npara30, v=6.868 [5.837,7.898] sigma=-2.000 p0=0 p6=3
@@@ npara31, v=6.868 [5.837,7.898] sigma=-4.000 p0=0 p6=4
@@@ npara32, v=1.000 [0.600,1.100] sigma=0.010 p0=0 p6=5
@@@ npara33, v=0.000 [0.000,90.000] sigma=10.000 p0=0 p6=6
@@@ npara34, v=0.000 [0.000,180.000] sigma=-2.000 p0=0 p6=7
@@@ npara35, v=4.420 [3.757,5.083] sigma=0.050 p0=0 p6=1
@@@ npara36, v=4.619 [3.926,5.312] sigma=-5.000 p0=0 p6=2
@@@ npara37, v=7.999 [6.800,9.199] sigma=-2.000 p0=0 p6=3
@@@ npara38, v=7.999 [6.800,9.199] sigma=-4.000 p0=0 p6=4
@@@ npara39, v=1.000 [0.850,1.100] sigma=0.010 p0=0 p6=5
@@@ npara40, v=0.000 [-0.100,0.100] sigma=0.010 p0=0 p6=10
@@@ npara41, v=0.000 [-0.100,0.100] sigma=0.010 p0=0 p6=11
@@@ npara42, v=4.348 [3.696,5.000] sigma=0.050 p0=0 p6=1
@@@ npara43, v=4.544 [3.862,5.225] sigma=-2.000 p0=0 p6=2
@@@ npara44, v=7.869 [6.689,9.049] sigma=-2.000 p0=0 p6=3
@@@ npara45, v=7.869 [6.689,9.049] sigma=-4.000 p0=0 p6=4
@@@ npara46, v=1.000 [0.850,1.100] sigma=-2.000 p0=0 p6=5
@@@ npara47, v=0.000 [-0.100,0.100] sigma=-2.000 p0=0 p6=10
@@@ npara48, v=0.000 [-0.100,0.100] sigma=-2.000 p0=0 p6=11
@@@ npara49, v=4.521 [3.843,5.199] sigma=0.050 p0=0 p6=1
@@@ npara50, v=4.724 [4.016,5.433] sigma=-2.000 p0=0 p6=2
@@@ npara51, v=8.182 [6.955,9.410] sigma=-2.000 p0=0 p6=3
@@@ npara52, v=8.182 [6.955,9.410] sigma=-4.000 p0=0 p6=4
@@@ npara53, v=1.000 [0.850,1.100] sigma=-2.000 p0=0 p6=5
@@@ npara54, v=0.000 [-0.100,0.100] sigma=-2.000 p0=0 p6=10
@@@ npara55, v=0.000 [-0.100,0.100] sigma=-2.000 p0=0 p6=11
@@@ npara56, v=4.531 [3.851,5.211] sigma=0.050 p0=0 p6=1
@@@ npara57, v=4.735 [4.025,5.445] sigma=-2.000 p0=0 p6=2
@@@ npara58, v=8.200 [6.970,9.430] sigma=-2.000 p0=0 p6=3
@@@ npara59, v=8.200 [6.970,9.430] sigma=-4.000 p0=0 p6=4
@@@ npara60, v=1.000 [0.850,1.100] sigma=-2.000 p0=0 p6=5
@@@ npara61, v=0.000 [-0.100,0.100] sigma=-2.000 p0=0 p6=10
@@@ npara62, v=0.000 [-0.100,0.100] sigma=-2.000 p0=0 p6=11
@@@ npara63, v=4.450 [3.783,5.117] sigma=0.050 p0=0 p6=1
@@@ npara64, v=4.650 [3.953,5.348] sigma=-2.000 p0=0 p6=2
@@@ npara65, v=8.054 [6.846,9.262] sigma=-2.000 p0=0 p6=3
@@@ npara66, v=8.054 [6.846,9.262] sigma=-4.000 p0=0 p6=4
@@@ npara67, v=1.000 [0.850,1.100] sigma=-2.000 p0=0 p6=5
@@@ npara68, v=0.000 [-0.100,0.100] sigma=-2.000 p0=0 p6=10
@@@ npara69, v=0.000 [-0.100,0.100] sigma=-2.000 p0=0 p6=11
@@@ npara0, v=3.107 [2.641,3.573] sigma=0.050 p0=0 p6=1
@@@ npara1, v=3.107 [2.641,3.573] sigma=0.050 p0=0 p6=2
@@@ npara2, v=5.499 [4.674,6.324] sigma=-2.000 p0=0 p6=3
@@@ npara3, v=5.499 [4.674,6.324] sigma=-4.000 p0=0 p6=4
@@@ npara4, v=1.000 [0.600,1.100] sigma=0.010 p0=0 p6=5
@@@ npara5, v=0.000 [0.000,90.000] sigma=10.000 p0=0 p6=6
@@@ npara6, v=0.000 [0.000,180.000] sigma=10.000 p0=0 p6=7
@@@ npara7, v=3.343 [2.841,3.844] sigma=0.050 p0=0 p6=1
@@@ npara8, v=3.343 [2.841,3.844] sigma=0.050 p0=0 p6=2
@@@ npara9, v=5.917 [5.029,6.804] sigma=-2.000 p0=0 p6=3
@@@ npara10, v=5.917 [5.029,6.804] sigma=-4.000 p0=0 p6=4
@@@ npara11, v=1.000 [0.600,1.100] sigma=0.010 p0=0 p6=5
@@@ npara12, v=0.000 [0.000,90.000] sigma=-2.000 p0=0 p6=6
@@@ npara13, v=0.000 [0.000,180.000] sigma=-2.000 p0=0 p6=7
@@@ npara14, v=3.423 [2.910,3.937] sigma=0.050 p0=0 p6=1
@@@ npara15, v=3.423 [2.910,3.937] sigma=0.050 p0=0 p6=2
@@@ npara16, v=6.059 [5.150,6.968] sigma=-2.000 p0=0 p6=3
@@@ npara17, v=6.059 [5.150,6.968] sigma=-4.000 p0=0 p6=4
@@@ npara18, v=1.000 [0.600,1.100] sigma=0.010 p0=0 p6=5
@@@ npara19, v=0.000 [0.000,90.000] sigma=-2.000 p0=0 p6=6
@@@ npara20, v=0.000 [0.000,180.000] sigma=-2.000 p0=0 p6=7
@@@ npara21, v=3.422 [2.909,3.936] sigma=0.050 p0=0 p6=1
@@@ npara22, v=3.422 [2.909,3.936] sigma=0.050 p0=0 p6=2
@@@ npara23, v=6.058 [5.149,6.966] sigma=-2.000 p0=0 p6=3
@@@ npara24, v=6.058 [5.149,6.966] sigma=-4.000 p0=0 p6=4
@@@ npara25, v=1.000 [0.600,1.100] sigma=0.010 p0=0 p6=5
@@@ npara26, v=0.000 [0.000,90.000] sigma=-2.000 p0=0 p6=6
@@@ npara27, v=0.000 [0.000,180.000] sigma=-2.000 p0=0 p6=7
@@@ npara28, v=3.406 [2.895,3.917] sigma=0.050 p0=0 p6=1
@@@ npara29, v=3.406 [2.895,3.917] sigma=0.050 p0=0 p6=2
@@@ npara30, v=6.029 [5.124,6.933] sigma=-2.000 p0=0 p6=3
@@@ npara31, v=6.029 [5.124,6.933] sigma=-4.000 p0=0 p6=4
@@@ npara32, v=1.000 [0.600,1.100] sigma=0.010 p0=0 p6=5
@@@ npara33, v=0.000 [0.000,90.000] sigma=-2.000 p0=0 p6=6
@@@ npara34, v=0.000 [0.000,180.000] sigma=-2.000 p0=0 p6=7
@@@ npara35, v=3.402 [2.892,3.913] sigma=0.050 p0=0 p6=1
@@@ npara36, v=3.402 [2.892,3.913] sigma=0.050 p0=0 p6=2
@@@ npara37, v=6.022 [5.119,6.925] sigma=-2.000 p0=0 p6=3
@@@ npara38, v=6.022 [5.119,6.925] sigma=-4.000 p0=0 p6=4
@@@ npara39, v=1.000 [0.600,1.100] sigma=0.010 p0=0 p6=5
@@@ npara40, v=0.000 [0.000,90.000] sigma=-2.000 p0=0 p6=6
@@@ npara41, v=0.000 [0.000,180.000] sigma=-2.000 p0=0 p6=7
@@@ npara42, v=3.429 [2.915,3.944] sigma=0.050 p0=0 p6=1
@@@ npara43, v=3.429 [2.915,3.944] sigma=0.050 p0=0 p6=2
@@@ npara44, v=6.070 [5.159,6.980] sigma=-2.000 p0=0 p6=3
@@@ npara45, v=6.070 [5.159,6.980] sigma=-4.000 p0=0 p6=4
@@@ npara46, v=1.000 [0.600,1.100] sigma=0.010 p0=0 p6=5
@@@ npara47, v=0.000 [0.000,90.000] sigma=-2.000 p0=0 p6=6
@@@ npara48, v=0.000 [0.000,180.000] sigma=-2.000 p0=0 p6=7
@@@ npara49, v=3.506 [2.980,4.032] sigma=0.050 p0=0 p6=1
@@@ npara50, v=3.506 [2.980,4.032] sigma=0.050 p0=0 p6=2
@@@ npara51, v=6.205 [5.274,7.136] sigma=-2.000 p0=0 p6=3
@@@ npara52, v=6.205 [5.274,7.136] sigma=-4.000 p0=0 p6=4
@@@ npara53, v=1.000 [0.600,1.100] sigma=0.010 p0=0 p6=5
@@@ npara54, v=0.000 [0.000,90.000] sigma=-2.000 p0=0 p6=6
@@@ npara55, v=0.000 [0.000,180.000] sigma=-2.000 p0=0 p6=7
@@@ npara56, v=3.650 [3.103,4.198] sigma=0.050 p0=0 p6=1
@@@ npara57, v=3.650 [3.103,4.198] sigma=0.050 p0=0 p6=2
@@@ npara58, v=6.461 [5.491,7.430] sigma=-2.000 p0=0 p6=3
@@@ npara59, v=6.461 [5.491,7.430] sigma=-4.000 p0=0 p6=4
@@@ npara60, v=1.000 [0.600,1.100] sigma=0.010 p0=0 p6=5
@@@ npara61, v=0.000 [0.000,90.000] sigma=-2.000 p0=0 p6=6
@@@ npara62, v=0.000 [0.000,180.000] sigma=-2.000 p0=0 p6=7
@@@ npara63, v=3.880 [3.298,4.462] sigma=0.050 p0=0 p6=1
@@@ npara64, v=3.880 [3.298,4.462] sigma=0.050 p0=0 p6=2
@@@ npara65, v=6.868 [5.837,7.898] sigma=-2.000 p0=0 p6=3
@@@ npara66, v=6.868 [5.837,7.898] sigma=-4.000 p0=0 p6=4
@@@ npara67, v=1.000 [0.600,1.100] sigma=0.010 p0=0 p6=5
@@@ npara68, v=0.000 [0.000,90.000] sigma=-2.000 p0=0 p6=6
@@@ npara69, v=0.000 [0.000,180.000] sigma=-2.000 p0=0 p6=7
@@@ npara70, v=4.420 [3.757,5.083] sigma=0.050 p0=0 p6=1
@@@ npara71, v=4.619 [3.926,5.312] sigma=-5.000 p0=0 p6=2
@@@ npara72, v=7.999 [6.800,9.199] sigma=-2.000 p0=0 p6=3
@@@ npara73, v=7.999 [6.800,9.199] sigma=-4.000 p0=0 p6=4
@@@ npara74, v=1.000 [0.850,1.100] sigma=0.010 p0=0 p6=5
@@@ npara75, v=0.000 [-0.100,0.100] sigma=0.010 p0=0 p6=10
@@@ npara76, v=0.000 [-0.100,0.100] sigma=0.010 p0=0 p6=11
@@@ npara77, v=4.348 [3.696,5.000] sigma=0.050 p0=0 p6=1
@@@ npara78, v=4.544 [3.862,5.225] sigma=-2.000 p0=0 p6=2
@@@ npara79, v=7.869 [6.689,9.049] sigma=-2.000 p0=0 p6=3
@@@ npara80, v=7.869 [6.689,9.049] sigma=-4.000 p0=0 p6=4
@@@ npara81, v=1.000 [0.850,1.100] sigma=-2.000 p0=0 p6=5
@@@ npara82, v=0.000 [-0.100,0.100] sigma=-2.000 p0=0 p6=10
@@@ npara83, v=0.000 [-0.100,0.100] sigma=-2.000 p0=0 p6=11
@@@ npara84, v=4.521 [3.843,5.199] sigma=0.050 p0=0 p6=1
@@@ npara85, v=4.724 [4.016,5.433] sigma=-2.000 p0=0 p6=2
@@@ npara86, v=8.182 [6.955,9.410] sigma=-2.000 p0=0 p6=3
@@@ npara87, v=8.182 [6.955,9.410] sigma=-4.000 p0=0 p6=4
@@@ npara88, v=1.000 [0.850,1.100] sigma=-2.000 p0=0 p6=5
@@@ npara89, v=0.000 [-0.100,0.100] sigma=-2.000 p0=0 p6=10
@@@ npara90, v=0.000 [-0.100,0.100] sigma=-2.000 p0=0 p6=11
@@@ npara91, v=4.531 [3.851,5.211] sigma=0.050 p0=0 p6=1
@@@ npara92, v=4.735 [4.025,5.445] sigma=-2.000 p0=0 p6=2
@@@ npara93, v=8.200 [6.970,9.430] sigma=-2.000 p0=0 p6=3
@@@ npara94, v=8.200 [6.970,9.430] sigma=-4.000 p0=0 p6=4
@@@ npara95, v=1.000 [0.850,1.100] sigma=-2.000 p0=0 p6=5
@@@ npara96, v=0.000 [-0.100,0.100] sigma=-2.000 p0=0 p6=10
@@@ npara97, v=0.000 [-0.100,0.100] sigma=-2.000 p0=0 p6=11
@@@ npara98, v=4.450 [3.783,5.117] sigma=0.050 p0=0 p6=1
@@@ npara99, v=4.650 [3.953,5.348] sigma=-2.000 p0=0 p6=2
@@@ npara100, v=8.054 [6.846,9.262] sigma=-2.000 p0=0 p6=3
@@@ npara101, v=8.054 [6.846,9.262] sigma=-4.000 p0=0 p6=4
@@@ npara102, v=1.000 [0.850,1.100] sigma=-2.000 p0=0 p6=5
@@@ npara103, v=0.000 [-0.100,0.100] sigma=-2.000 p0=0 p6=10
@@@ npara104, v=0.000 [-0.100,0.100] sigma=-2.000 p0=0 p6=11
Cannot access file ./binmod/ani_9633_96.0_33.0.bin
inponm=point.txt
dirbin=./binmod
outdir=./bin_avg
=====CALavg begin working on point: 1 9633 96.000000 33.000000===
v[0]=0  v[1]=4  v[2]=1  v[3]=1  v[4]=0.434  v[5]=2  v[6]=1.278  v[7]=2.444  v[8]=1  v[9]=2.0  
para0
para1
v[0]=1  v[1]=3  v[2]=1  v[3]=4  v[4]=65.382  v[5]=5  v[6]=3.107  v[7]=3.446  v[8]=3.424  v[9]=3.321  v[10]=3.880  v[11]=1.77  
para0
para1
para2
para3
para4
v[0]=2  v[1]=2  v[2]=2  v[3]=3  v[4]=134.183  v[5]=5  v[6]=4.420  v[7]=4.618900  v[8]=4.348  v[9]=4.543660  v[10]=4.521  v[11]=4.724445  v[12]=4.531  v[13]=4.734895  v[14]=4.450  v[15]=4.650250  v[16]=1.77  
para0
para1
para2
para3
para4
@@@ npara0, v=3.107 [2.641,3.573] sigma=0.050 p0=0 p6=1
@@@ npara1, v=3.107 [2.641,3.573] sigma=0.050 p0=0 p6=2
@@@ npara2, v=5.499 [4.674,6.324] sigma=-2.000 p0=0 p6=3
@@@ npara3, v=5.499 [4.674,6.324] sigma=-4.000 p0=0 p6=4
@@@ npara4, v=1.000 [0.600,1.100] sigma=0.010 p0=0 p6=5
@@@ npara5, v=0.000 [0.000,90.000] sigma=10.000 p0=0 p6=6
@@@ npara6, v=0.000 [0.000,180.000] sigma=10.000 p0=0 p6=7
@@@ npara7, v=3.446 [2.929,3.963] sigma=0.050 p0=0 p6=1
@@@ npara8, v=3.446 [2.929,3.963] sigma=0.050 p0=0 p6=2
@@@ npara9, v=6.099 [5.185,7.014] sigma=-2.000 p0=0 p6=3
@@@ npara10, v=6.099 [5.185,7.014] sigma=-4.000 p0=0 p6=4
@@@ npara11, v=1.000 [0.600,1.100] sigma=0.010 p0=0 p6=5
@@@ npara12, v=0.000 [0.000,90.000] sigma=-2.000 p0=0 p6=6
@@@ npara13, v=0.000 [0.000,180.000] sigma=-2.000 p0=0 p6=7
@@@ npara14, v=3.424 [2.910,3.938] sigma=0.050 p0=0 p6=1
@@@ npara15, v=3.424 [2.910,3.938] sigma=0.050 p0=0 p6=2
@@@ npara16, v=6.060 [5.151,6.970] sigma=-2.000 p0=0 p6=3
@@@ npara17, v=6.060 [5.151,6.970] sigma=-4.000 p0=0 p6=4
@@@ npara18, v=1.000 [0.600,1.100] sigma=0.010 p0=0 p6=5
@@@ npara19, v=0.000 [0.000,90.000] sigma=10.000 p0=0 p6=6
@@@ npara20, v=0.000 [0.000,180.000] sigma=-2.000 p0=0 p6=7
@@@ npara21, v=3.321 [2.823,3.819] sigma=0.050 p0=0 p6=1
@@@ npara22, v=3.321 [2.823,3.819] sigma=0.050 p0=0 p6=2
@@@ npara23, v=5.878 [4.996,6.760] sigma=-2.000 p0=0 p6=3
@@@ npara24, v=5.878 [4.996,6.760] sigma=-4.000 p0=0 p6=4
@@@ npara25, v=1.000 [0.600,1.100] sigma=0.010 p0=0 p6=5
@@@ npara26, v=0.000 [0.000,90.000] sigma=-2.000 p0=0 p6=6
@@@ npara27, v=0.000 [0.000,180.000] sigma=-2.000 p0=0 p6=7
@@@ npara28, v=3.880 [3.298,4.462] sigma=0.050 p0=0 p6=1
@@@ npara29, v=3.880 [3.298,4.462] sigma=0.050 p0=0 p6=2
@@@ npara30, v=6.868 [5.837,7.898] sigma=-2.000 p0=0 p6=3
@@@ npara31, v=6.868 [5.837,7.898] sigma=-4.000 p0=0 p6=4
@@@ npara32, v=1.000 [0.600,1.100] sigma=0.010 p0=0 p6=5
@@@ npara33, v=0.000 [0.000,90.000] sigma=10.000 p0=0 p6=6
@@@ npara34, v=0.000 [0.000,180.000] sigma=-2.000 p0=0 p6=7
@@@ npara35, v=4.420 [3.757,5.083] sigma=0.050 p0=0 p6=1
@@@ npara36, v=4.619 [3.926,5.312] sigma=-5.000 p0=0 p6=2
@@@ npara37, v=7.999 [6.800,9.199] sigma=-2.000 p0=0 p6=3
@@@ npara38, v=7.999 [6.800,9.199] sigma=-4.000 p0=0 p6=4
@@@ npara39, v=1.000 [0.850,1.100] sigma=0.010 p0=0 p6=5
@@@ npara40, v=0.000 [-0.100,0.100] sigma=0.010 p0=0 p6=10
@@@ npara41, v=0.000 [-0.100,0.100] sigma=0.010 p0=0 p6=11
@@@ npara42, v=4.348 [3.696,5.000] sigma=0.050 p0=0 p6=1
@@@ npara43, v=4.544 [3.862,5.225] sigma=-2.000 p0=0 p6=2
@@@ npara44, v=7.869 [6.689,9.049] sigma=-2.000 p0=0 p6=3
@@@ npara45, v=7.869 [6.689,9.049] sigma=-4.000 p0=0 p6=4
@@@ npara46, v=1.000 [0.850,1.100] sigma=-2.000 p0=0 p6=5
@@@ npara47, v=0.000 [-0.100,0.100] sigma=-2.000 p0=0 p6=10
@@@ npara48, v=0.000 [-0.100,0.100] sigma=-2.000 p0=0 p6=11
@@@ npara49, v=4.521 [3.843,5.199] sigma=0.050 p0=0 p6=1
@@@ npara50, v=4.724 [4.016,5.433] sigma=-2.000 p0=0 p6=2
@@@ npara51, v=8.182 [6.955,9.410] sigma=-2.000 p0=0 p6=3
@@@ npara52, v=8.182 [6.955,9.410] sigma=-4.000 p0=0 p6=4
@@@ npara53, v=1.000 [0.850,1.100] sigma=-2.000 p0=0 p6=5
@@@ npara54, v=0.000 [-0.100,0.100] sigma=-2.000 p0=0 p6=10
@@@ npara55, v=0.000 [-0.100,0.100] sigma=-2.000 p0=0 p6=11
@@@ npara56, v=4.531 [3.851,5.211] sigma=0.050 p0=0 p6=1
@@@ npara57, v=4.735 [4.025,5.445] sigma=-2.000 p0=0 p6=2
@@@ npara58, v=8.200 [6.970,9.430] sigma=-2.000 p0=0 p6=3
@@@ npara59, v=8.200 [6.970,9.430] sigma=-4.000 p0=0 p6=4
@@@ npara60, v=1.000 [0.850,1.100] sigma=-2.000 p0=0 p6=5
@@@ npara61, v=0.000 [-0.100,0.100] sigma=-2.000 p0=0 p6=10
@@@ npara62, v=0.000 [-0.100,0.100] sigma=-2.000 p0=0 p6=11
@@@ npara63, v=4.450 [3.783,5.117] sigma=0.050 p0=0 p6=1
@@@ npara64, v=4.650 [3.953,5.348] sigma=-2.000 p0=0 p6=2
@@@ npara65, v=8.054 [6.846,9.262] sigma=-2.000 p0=0 p6=3
@@@ npara66, v=8.054 [6.846,9.262] sigma=-4.000 p0=0 p6=4
@@@ npara67, v=1.000 [0.850,1.100] sigma=-2.000 p0=0 p6=5
@@@ npara68, v=0.000 [-0.100,0.100] sigma=-2.000 p0=0 p6=10
@@@ npara69, v=0.000 [-0.100,0.100] sigma=-2.000 p0=0 p6=11
@@@ npara0, v=3.107 [2.641,3.573] sigma=0.050 p0=0 p6=1
@@@ npara1, v=3.107 [2.641,3.573] sigma=0.050 p0=0 p6=2
@@@ npara2, v=5.499 [4.674,6.324] sigma=-2.000 p0=0 p6=3
@@@ npara3, v=5.499 [4.674,6.324] sigma=-4.000 p0=0 p6=4
@@@ npara4, v=1.000 [0.600,1.100] sigma=0.010 p0=0 p6=5
@@@ npara5, v=0.000 [0.000,90.000] sigma=10.000 p0=0 p6=6
@@@ npara6, v=0.000 [0.000,180.000] sigma=10.000 p0=0 p6=7
@@@ npara7, v=3.343 [2.841,3.844] sigma=0.050 p0=0 p6=1
@@@ npara8, v=3.343 [2.841,3.844] sigma=0.050 p0=0 p6=2
@@@ npara9, v=5.917 [5.029,6.804] sigma=-2.000 p0=0 p6=3
@@@ npara10, v=5.917 [5.029,6.804] sigma=-4.000 p0=0 p6=4
@@@ npara11, v=1.000 [0.600,1.100] sigma=0.010 p0=0 p6=5
@@@ npara12, v=0.000 [0.000,90.000] sigma=-2.000 p0=0 p6=6
@@@ npara13, v=0.000 [0.000,180.000] sigma=-2.000 p0=0 p6=7
@@@ npara14, v=3.423 [2.910,3.937] sigma=0.050 p0=0 p6=1
@@@ npara15, v=3.423 [2.910,3.937] sigma=0.050 p0=0 p6=2
@@@ npara16, v=6.059 [5.150,6.968] sigma=-2.000 p0=0 p6=3
@@@ npara17, v=6.059 [5.150,6.968] sigma=-4.000 p0=0 p6=4
@@@ npara18, v=1.000 [0.600,1.100] sigma=0.010 p0=0 p6=5
@@@ npara19, v=0.000 [0.000,90.000] sigma=-2.000 p0=0 p6=6
@@@ npara20, v=0.000 [0.000,180.000] sigma=-2.000 p0=0 p6=7
@@@ npara21, v=3.422 [2.909,3.936] sigma=0.050 p0=0 p6=1
@@@ npara22, v=3.422 [2.909,3.936] sigma=0.050 p0=0 p6=2
@@@ npara23, v=6.058 [5.149,6.966] sigma=-2.000 p0=0 p6=3
@@@ npara24, v=6.058 [5.149,6.966] sigma=-4.000 p0=0 p6=4
@@@ npara25, v=1.000 [0.600,1.100] sigma=0.010 p0=0 p6=5
@@@ npara26, v=0.000 [0.000,90.000] sigma=-2.000 p0=0 p6=6
@@@ npara27, v=0.000 [0.000,180.000] sigma=-2.000 p0=0 p6=7
@@@ npara28, v=3.406 [2.895,3.917] sigma=0.050 p0=0 p6=1
@@@ npara29, v=3.406 [2.895,3.917] sigma=0.050 p0=0 p6=2
@@@ npara30, v=6.029 [5.124,6.933] sigma=-2.000 p0=0 p6=3
@@@ npara31, v=6.029 [5.124,6.933] sigma=-4.000 p0=0 p6=4
@@@ npara32, v=1.000 [0.600,1.100] sigma=0.010 p0=0 p6=5
@@@ npara33, v=0.000 [0.000,90.000] sigma=-2.000 p0=0 p6=6
@@@ npara34, v=0.000 [0.000,180.000] sigma=-2.000 p0=0 p6=7
@@@ npara35, v=3.402 [2.892,3.913] sigma=0.050 p0=0 p6=1
@@@ npara36, v=3.402 [2.892,3.913] sigma=0.050 p0=0 p6=2
@@@ npara37, v=6.022 [5.119,6.925] sigma=-2.000 p0=0 p6=3
@@@ npara38, v=6.022 [5.119,6.925] sigma=-4.000 p0=0 p6=4
@@@ npara39, v=1.000 [0.600,1.100] sigma=0.010 p0=0 p6=5
@@@ npara40, v=0.000 [0.000,90.000] sigma=-2.000 p0=0 p6=6
@@@ npara41, v=0.000 [0.000,180.000] sigma=-2.000 p0=0 p6=7
@@@ npara42, v=3.429 [2.915,3.944] sigma=0.050 p0=0 p6=1
@@@ npara43, v=3.429 [2.915,3.944] sigma=0.050 p0=0 p6=2
@@@ npara44, v=6.070 [5.159,6.980] sigma=-2.000 p0=0 p6=3
@@@ npara45, v=6.070 [5.159,6.980] sigma=-4.000 p0=0 p6=4
@@@ npara46, v=1.000 [0.600,1.100] sigma=0.010 p0=0 p6=5
@@@ npara47, v=0.000 [0.000,90.000] sigma=-2.000 p0=0 p6=6
@@@ npara48, v=0.000 [0.000,180.000] sigma=-2.000 p0=0 p6=7
@@@ npara49, v=3.506 [2.980,4.032] sigma=0.050 p0=0 p6=1
@@@ npara50, v=3.506 [2.980,4.032] sigma=0.050 p0=0 p6=2
@@@ npara51, v=6.205 [5.274,7.136] sigma=-2.000 p0=0 p6=3
@@@ npara52, v=6.205 [5.274,7.136] sigma=-4.000 p0=0 p6=4
@@@ npara53, v=1.000 [0.600,1.100] sigma=0.010 p0=0 p6=5
@@@ npara54, v=0.000 [0.000,90.000] sigma=-2.000 p0=0 p6=6
@@@ npara55, v=0.000 [0.000,180.000] sigma=-2.000 p0=0 p6=7
@@@ npara56, v=3.650 [3.103,4.198] sigma=0.050 p0=0 p6=1
@@@ npara57, v=3.650 [3.103,4.198] sigma=0.050 p0=0 p6=2
@@@ npara58, v=6.461 [5.491,7.430] sigma=-2.000 p0=0 p6=3
@@@ npara59, v=6.461 [5.491,7.430] sigma=-4.000 p0=0 p6=4
@@@ npara60, v=1.000 [0.600,1.100] sigma=0.010 p0=0 p6=5
@@@ npara61, v=0.000 [0.000,90.000] sigma=-2.000 p0=0 p6=6
@@@ npara62, v=0.000 [0.000,180.000] sigma=-2.000 p0=0 p6=7
@@@ npara63, v=3.880 [3.298,4.462] sigma=0.050 p0=0 p6=1
@@@ npara64, v=3.880 [3.298,4.462] sigma=0.050 p0=0 p6=2
@@@ npara65, v=6.868 [5.837,7.898] sigma=-2.000 p0=0 p6=3
@@@ npara66, v=6.868 [5.837,7.898] sigma=-4.000 p0=0 p6=4
@@@ npara67, v=1.000 [0.600,1.100] sigma=0.010 p0=0 p6=5
@@@ npara68, v=0.000 [0.000,90.000] sigma=-2.000 p0=0 p6=6
@@@ npara69, v=0.000 [0.000,180.000] sigma=-2.000 p0=0 p6=7
@@@ npara70, v=4.420 [3.757,5.083] sigma=0.050 p0=0 p6=1
@@@ npara71, v=4.619 [3.926,5.312] sigma=-5.000 p0=0 p6=2
@@@ npara72, v=7.999 [6.800,9.199] sigma=-2.000 p0=0 p6=3
@@@ npara73, v=7.999 [6.800,9.199] sigma=-4.000 p0=0 p6=4
@@@ npara74, v=1.000 [0.850,1.100] sigma=0.010 p0=0 p6=5
@@@ npara75, v=0.000 [-0.100,0.100] sigma=0.010 p0=0 p6=10
@@@ npara76, v=0.000 [-0.100,0.100] sigma=0.010 p0=0 p6=11
@@@ npara77, v=4.348 [3.696,5.000] sigma=0.050 p0=0 p6=1
@@@ npara78, v=4.544 [3.862,5.225] sigma=-2.000 p0=0 p6=2
@@@ npara79, v=7.869 [6.689,9.049] sigma=-2.000 p0=0 p6=3
@@@ npara80, v=7.869 [6.689,9.049] sigma=-4.000 p0=0 p6=4
@@@ npara81, v=1.000 [0.850,1.100] sigma=-2.000 p0=0 p6=5
@@@ npara82, v=0.000 [-0.100,0.100] sigma=-2.000 p0=0 p6=10
@@@ npara83, v=0.000 [-0.100,0.100] sigma=-2.000 p0=0 p6=11
@@@ npara84, v=4.521 [3.843,5.199] sigma=0.050 p0=0 p6=1
@@@ npara85, v=4.724 [4.016,5.433] sigma=-2.000 p0=0 p6=2
@@@ npara86, v=8.182 [6.955,9.410] sigma=-2.000 p0=0 p6=3
@@@ npara87, v=8.182 [6.955,9.410] sigma=-4.000 p0=0 p6=4
@@@ npara88, v=1.000 [0.850,1.100] sigma=-2.000 p0=0 p6=5
@@@ npara89, v=0.000 [-0.100,0.100] sigma=-2.000 p0=0 p6=10
@@@ npara90, v=0.000 [-0.100,0.100] sigma=-2.000 p0=0 p6=11
@@@ npara91, v=4.531 [3.851,5.211] sigma=0.050 p0=0 p6=1
@@@ npara92, v=4.735 [4.025,5.445] sigma=-2.000 p0=0 p6=2
@@@ npara93, v=8.200 [6.970,9.430] sigma=-2.000 p0=0 p6=3
@@@ npara94, v=8.200 [6.970,9.430] sigma=-4.000 p0=0 p6=4
@@@ npara95, v=1.000 [0.850,1.100] sigma=-2.000 p0=0 p6=5
@@@ npara96, v=0.000 [-0.100,0.100] sigma=-2.000 p0=0 p6=10
@@@ npara97, v=0.000 [-0.100,0.100] sigma=-2.000 p0=0 p6=11
@@@ npara98, v=4.450 [3.783,5.117] sigma=0.050 p0=0 p6=1
@@@ npara99, v=4.650 [3.953,5.348] sigma=-2.000 p0=0 p6=2
@@@ npara100, v=8.054 [6.846,9.262] sigma=-2.000 p0=0 p6=3
@@@ npara101, v=8.054 [6.846,9.262] sigma=-4.000 p0=0 p6=4
@@@ npara102, v=1.000 [0.850,1.100] sigma=-2.000 p0=0 p6=5
@@@ npara103, v=0.000 [-0.100,0.100] sigma=-2.000 p0=0 p6=10
@@@ npara104, v=0.000 [-0.100,0.100] sigma=-2.000 p0=0 p6=11
Cannot access file ./binmod/ani_9633_96.0_33.0.bin_effTI
rm: No match.
wc: No match.
