# trace phase          tt (s)         amp n/s         amp e/w           amp z
      1     1   4.28317451      0.934903502     -0.125437574E-01   1.79894304    
      1     2   6.56915522      0.767235681E-01 -0.102941296E-02 -0.220021829E-01
      1     3   6.56915522     -0.210035854E-03 -0.156542640E-01  0.339691686E-11
      1     4   7.05362225     -0.186568886      0.137880117     -0.780752301E-01
      1     5   7.05362225      0.132120121E-02  0.178774900E-02  0.237511937E-10
      1     6   7.04701614     -0.120488578E-02  0.860416563E-03 -0.529802055E-03
      1     7   7.04701614     -0.597242601E-01 -0.836349726E-01  0.447172299E-09
      1     8   7.52804422      0.405530399E-02 -0.299698929E-02  0.169706403E-02
      1     9   7.52804422     -0.286495542E-04 -0.387664477E-04 -0.316892183E-12
      1    10   7.52143860     -0.111475456E-03  0.796053719E-04 -0.490169841E-04
      1    11   7.52143860     -0.553697115E-02 -0.775370235E-02  0.414567755E-10
      1    12   7.55643129      0.147106290     -0.108715989      0.615610033E-01
      1    13   7.55643129     -0.104095670E-02 -0.140854414E-02 -0.115140024E-10
      1    14   7.54982471      0.127685629E-02 -0.911812065E-03  0.561447639E-03
      1    15   7.54982471      0.631727800E-01  0.884640366E-01 -0.117525167E-08
      2     1   4.28497219      0.893117547      0.224205628       1.80285311    
      2     2   6.56739473      0.641773492E-01  0.161108952E-01 -0.186823756E-01
      2     3   6.56739473      0.503150886E-02 -0.200428870E-01   0.00000000    
      2     4   6.97759914     -0.159682110      0.160311803     -0.860762000E-01
      2     5   6.97759914     -0.256491601E-01 -0.255484153E-01 -0.625523591E-10
      2     6   6.97005367      0.960458070E-02 -0.925936177E-02  0.532667944E-02
      2     7   6.97005367     -0.743555650E-01 -0.771277696E-01 -0.118170362E-08
      2     8   7.44676256     -0.295440876E-02  0.296605611E-02 -0.159256603E-02
      2     9   7.44676256     -0.474649423E-03 -0.472785498E-03 -0.308422905E-11
      2    10   7.43921614     -0.835425395E-03  0.805396703E-03 -0.463325385E-03
      2    11   7.43921614      0.646713190E-02  0.670825411E-02  0.102779639E-09
      2    12   7.47565365      0.138983533     -0.139531404      0.749187693E-01
      2    13   7.47565365      0.223284569E-01  0.222407896E-01 -0.199542147E-09
      2    14   7.46810722     -0.919305813E-02  0.886262860E-02 -0.509845372E-02
      2    15   7.46810722      0.712043196E-01  0.738590807E-01  0.144104131E-09
      3     1   4.28110218      0.794079483      0.444224983       1.80585885    
      3     2   6.56081581      0.496371873E-01  0.277680960E-01 -0.158651471E-01
      3     3   6.56081581      0.953941140E-02 -0.170522872E-01 -0.668850461E-10
      3     4   6.87116528     -0.139292717      0.166188449     -0.945006162E-01
      3     5   6.87116528     -0.458437242E-01 -0.384244248E-01   0.00000000    
      3     6   6.86228657      0.148728592E-01 -0.170681067E-01  0.102397101E-01
      3     7   6.86228657     -0.803734139E-01 -0.700360239E-01  0.624716501E-09
      3     8   7.33210468     -0.673311716E-02  0.803316850E-02 -0.456796633E-02
      3     9   7.33210468     -0.221579708E-02 -0.185720297E-02 -0.150745215E-10
      3    10   7.32322693     -0.401713653E-02  0.461009145E-02 -0.276572420E-02
      3    11   7.32322693      0.217114929E-01  0.189189389E-01   0.00000000    
      3    12   7.36226368      0.132113412     -0.157622516      0.896300152E-01
      3    13   7.36226368      0.434804559E-01  0.364437215E-01   0.00000000    
      3    14   7.35338593     -0.126684755E-01  0.145383952E-01 -0.872201752E-02
      3    15   7.35338593      0.684683248E-01  0.596619733E-01  0.106436460E-08
      4     1   4.27259636      0.645325124      0.632398009       1.80760050    
      4     2   6.55075169      0.365019105E-01  0.357707031E-01 -0.141547406E-01
      4     3   6.55075169      0.104915956E-01 -0.107060587E-01  0.513058970E-10
      4     4   6.74637127     -0.127822995      0.162906051     -0.102213271    
      4     5   6.74637127     -0.564391799E-01 -0.442845784E-01 -0.794316501E-09
      4     6   6.73589087      0.165029839E-01 -0.203387290E-01  0.133054797E-01
      4     7   6.73589087     -0.787657201E-01 -0.639110506E-01  0.109774911E-08
      4     8   7.19607353     -0.797544699E-02  0.101644052E-01 -0.637754472E-02
      4     9   7.19607353     -0.352109387E-02 -0.276280777E-02 -0.261617273E-10
      4    10   7.18559504     -0.741380127E-02  0.913701300E-02 -0.597734656E-02
      4    11   7.18559504      0.353858061E-01  0.287121534E-01   0.00000000    
      4    12   7.22828579      0.128992274     -0.164396241      0.103148267    
      4    13   7.22828579      0.569554567E-01  0.446896702E-01  0.801582467E-09
      4    14   7.21780539     -0.123089226E-01  0.151698515E-01 -0.992402993E-02
      4    15   7.21780539      0.587482341E-01  0.476687178E-01 -0.818767609E-09
      5     1   4.26229048      0.455872685      0.776349306       1.80848563    
      5     2   6.53965855      0.248942077E-01  0.423947386E-01 -0.135668926E-01
      5     3   6.53965855      0.889943913E-02 -0.522575574E-02  0.352017339E-10
      5     4   6.61554337     -0.123473085      0.154717922     -0.108105391    
      5     5   6.61554337     -0.588550568E-01 -0.469694473E-01 -0.758387797E-09
      5     6   6.60317087      0.160440654E-01 -0.195579063E-01  0.141233206E-01
      5     7   6.60317087     -0.712790415E-01 -0.584728010E-01 -0.606915129E-09
      5     8   7.05148220     -0.756084500E-02  0.947409775E-02 -0.661980780E-02
      5     9   7.05148220     -0.360364537E-02 -0.287590455E-02   0.00000000    
      5    10   7.03911114     -0.983612984E-02  0.119903665E-01 -0.865857862E-02
      5    11   7.03911114      0.436956398E-01  0.358451121E-01 -0.372052111E-09
      5    12   7.08636951      0.129236341     -0.161939785      0.113151297    
      5    13   7.08636951      0.616031997E-01  0.491625518E-01 -0.793800081E-09
      5    14   7.07399607     -0.103509845E-01  0.126179466E-01 -0.911180209E-02
      5    15   7.07399607      0.459826849E-01  0.377213620E-01  0.582469684E-09
      6     1   4.25253105      0.237217516      0.866765141       1.80893958    
      6     2   6.52949619      0.131549314E-01  0.480665863E-01 -0.137262717E-01
      6     3   6.52949619      0.786288921E-02 -0.215192651E-02   0.00000000    
      6     4   6.48941994     -0.123981647      0.143620551     -0.111306429    
      6     5   6.48941994     -0.550975762E-01 -0.475634411E-01  0.506336029E-09
      6     6   6.47471380      0.144218039E-01 -0.163361281E-01  0.129824635E-01
      6     7   6.47471380     -0.601559393E-01 -0.531066470E-01  0.696854296E-09
      6     8   6.91010427     -0.622972380E-02  0.721651921E-02 -0.559283001E-02
      6     9   6.91010427     -0.276860059E-02 -0.239001866E-02  0.254429151E-10
      6    10   6.89539814     -0.107624643E-01  0.121910544E-01 -0.968833920E-02
      6    11   6.89539814      0.448944606E-01  0.396335684E-01 -0.950067802E-10
      6    12   6.94797182      0.131754726     -0.152624905      0.118284822    
      6    13   6.94797182      0.585519373E-01  0.505454466E-01 -0.538080969E-09
      6    14   6.93326616     -0.798434857E-02  0.904417690E-02 -0.718748569E-02
      6    15   6.93326616      0.333041511E-01  0.294014513E-01 -0.385799670E-09
      7     1   4.24447584      0.314720324E-02  0.897874236       1.80914712    
      7     2   6.52125645      0.179632232E-03  0.512477681E-01 -0.141035728E-01
      7     3   6.52125645      0.986435264E-02 -0.345762492E-04 -0.526603175E-12
      7     4   6.37616158     -0.127705395      0.130748108     -0.111465394    
      7     5   6.37616158     -0.470707417E-01 -0.459753312E-01  0.522970167E-09
      7     6   6.35852098      0.122198593E-01 -0.122825913E-01  0.106304055E-01
      7     7   6.35852098     -0.478188917E-01 -0.475746579E-01  0.101754227E-08
      7     8   6.78141975     -0.456577307E-02  0.467455573E-02 -0.398515351E-02
      7     9   6.78141975     -0.168293307E-02 -0.164376909E-02  0.173805935E-10
      7    10   6.76377964     -0.100890193E-01  0.101408102E-01 -0.877672993E-02
      7    11   6.76377964      0.394818299E-01  0.392801985E-01  0.420068508E-09
      7    12   6.82222366      0.135558113     -0.138787895      0.118319474    
      7    13   6.82222366      0.499624349E-01  0.487997383E-01 -0.555097746E-09
      7    14   6.80458307     -0.576886721E-02  0.579848094E-02 -0.501850480E-02
      7    15   6.80458307      0.225755759E-01  0.224602856E-01  0.240193782E-09
      8     1   4.23831081     -0.231135845      0.867828667       1.80909038    
      8     2   6.51514053     -0.132520841E-01  0.497566275E-01 -0.141737154E-01
      8     3   6.51514053      0.151315061E-01  0.403009541E-02   0.00000000    
      8     4   6.28118801     -0.133718610      0.116906397     -0.108902201    
      8     5   6.28118801     -0.366634503E-01 -0.419359878E-01 -0.817116597E-09
      8     6   6.26002741      0.991844200E-02 -0.854024943E-02  0.793928001E-02
      8     7   6.26002741     -0.364358798E-01 -0.423157625E-01   0.00000000    
      8     8   6.67216349     -0.295897271E-02  0.258694706E-02 -0.240982696E-02
      8     9   6.67216349     -0.811362057E-03 -0.928043155E-03 -0.952798951E-11
      8    10   6.65100288     -0.802469347E-02  0.690964190E-02 -0.642341748E-02
      8    11   6.65100288      0.294759180E-01  0.342326239E-01  0.356115165E-09
      8    12   6.71557331      0.139962643     -0.122365437      0.113987446    
      8    13   6.71557331      0.383751094E-01  0.438937843E-01 -0.855264748E-09
      8    14   6.69441175     -0.394151825E-02  0.339383399E-02 -0.315501401E-02
      8    15   6.69441175      0.144801103E-01  0.168168563E-01  0.459725091E-09
      9     1   4.23371792     -0.450203627      0.778867483       1.80866563    
      9     2   6.51092148     -0.244400520E-01  0.422821119E-01 -0.134666739E-01
      9     3   6.51092148      0.214440543E-01  0.123951668E-01  0.849548973E-10
      9     4   6.20758533     -0.141517907      0.102518044     -0.104549766    
      9     5   6.20758533     -0.257198084E-01 -0.355041325E-01  0.530330113E-09
      9     6   6.18264866      0.785029959E-02 -0.561758317E-02  0.554324873E-02
      9     7   6.18264866     -0.273382757E-01 -0.382039063E-01   0.00000000    
      9     8   6.58653307     -0.161139155E-02  0.116732006E-02 -0.119045365E-02
      9     9   6.58653307     -0.292840297E-03 -0.404242543E-03   0.00000000    
      9    10   6.56159735     -0.503118522E-02  0.360025931E-02 -0.355262100E-02
      9    11   6.56159735      0.175210088E-01  0.244847462E-01  0.323020388E-09
      9    12   6.63204622      0.144503057     -0.104680493      0.106755011    
      9    13   6.63204622      0.262621436E-01  0.362527929E-01   0.00000000    
      9    14   6.60711050     -0.257120049E-02  0.183992146E-02 -0.181557541E-02
      9    15   6.60711050      0.895437878E-02  0.125133088E-01   0.00000000    
     10     1   4.23026943     -0.639560461      0.637184560       1.80779099    
     10     2   6.50824642     -0.296647288E-01  0.295545291E-01 -0.115881050E-01
     10     3   6.50824642      0.250385478E-01  0.251319092E-01   0.00000000    
     10     4   6.15677929     -0.150428921      0.874486566E-01 -0.997853801E-01
     10     5   6.15677929     -0.156862158E-01 -0.269833785E-01  0.333777367E-09
     10     6   6.12845516      0.603548950E-02 -0.347767398E-02  0.365850679E-02
     10     7   6.12845516     -0.207377579E-01 -0.359902978E-01  0.346048495E-09
     10     8   6.52680826     -0.571545912E-03  0.332256139E-03 -0.379128993E-03
     10     9   6.52680826     -0.596061363E-04 -0.102534286E-03 -0.966914916E-12
     10    10   6.49848318     -0.181044079E-02  0.104318326E-02 -0.109742547E-02
     10    11   6.49848318      0.622100430E-02  0.107965330E-01  0.103809225E-09
     10    12   6.57385445      0.148572415     -0.863694325E-01  0.985538438E-01
     10    13   6.57385445      0.154942591E-01  0.266531762E-01   0.00000000    
     10    14   6.54553032     -0.161702419E-02  0.931735907E-03 -0.980184879E-03
     10    15   6.54553032      0.555618526E-02  0.964273978E-02 -0.996274938E-10
     11     1   4.22772884     -0.786643267      0.452510178       1.80649221    
     11     2   6.50685978     -0.258772597E-01  0.148856826E-01 -0.830526184E-02
     11     3   6.50685978      0.224828217E-01  0.390841067E-01 -0.566399629E-12
     11     4   6.12924862     -0.158944622      0.711471811E-01 -0.961846709E-01
     11     5   6.12924862     -0.742677925E-02 -0.165916104E-01 -0.894485180E-10
     11     6   6.09869432      0.413665781E-02 -0.184376235E-02  0.218163338E-02
     11     7   6.09869432     -0.160055179E-01 -0.359099135E-01   0.00000000    
     11     8   6.49404526      0.260700006E-03 -0.116695192E-03  0.157761518E-03
     11     9   6.49404526      0.121798967E-04  0.272101934E-04 -0.245780555E-12
     11    10   6.46349144      0.627596921E-03 -0.279728119E-03  0.330987823E-03
     11    11   6.46349144     -0.242874818E-02 -0.544913020E-02  0.502983731E-10
     11    12   6.54204178      0.151119962     -0.676446930E-01  0.914496183E-01
     11    13   6.54204178      0.706116762E-02  0.157748237E-01  0.850450821E-10
     11    14   6.51148748     -0.963559316E-03  0.429470994E-03 -0.508171855E-03
     11    15   6.51148748      0.372819533E-02  0.836456288E-02   0.00000000    
     12     1   4.22623158     -0.881626904      0.237451553       1.80496693    
     12     2   6.50672531     -0.128222173E-01  0.345345144E-02 -0.371718337E-02
     12     3   6.50672531      0.130693372E-01  0.485247672E-01  0.171918910E-09
     12     4   6.12506676     -0.164952591      0.534063615E-01 -0.949958935E-01
     12     5   6.12506676     -0.133214274E-02 -0.411449838E-02  0.357246559E-10
     12     6   6.09403086      0.168205122E-02 -0.546086056E-03  0.834756473E-03
     12     7   6.09403086     -0.121458080E-01 -0.374114513E-01   0.00000000    
     12     8   6.48866367      0.117166294E-02 -0.379346893E-03  0.674756593E-03
     12     9   6.48866367      0.946112050E-05  0.292219192E-04   0.00000000    
     12    10   6.45762873      0.101359515E-02 -0.329068629E-03  0.503019779E-03
     12    11   6.45762873     -0.732326927E-02 -0.225570910E-01   0.00000000    
     12    12   6.53704357      0.151069865     -0.489115715E-01  0.870007947E-01
     12    13   6.53704357      0.122025679E-02  0.376892509E-02 -0.327241775E-10
     12    14   6.50600815     -0.404526450E-03  0.131331457E-03 -0.200755647E-03
     12    15   6.50600815      0.291993120E-02  0.899395719E-02  0.357230773E-10
     13     1   4.22634506     -0.917994618      0.663711363E-02   1.80360258    
     13     2   6.50807047      0.570865767E-02 -0.412736699E-04  0.160687964E-02
     13     3   6.50807047      0.345693843E-03  0.478137210E-01   0.00000000    
     13     4   6.14422369     -0.167546183      0.351026691E-01 -0.963999778E-01
     13     5   6.14422369      0.233823340E-02  0.111604622E-01   0.00000000    
     13     6   6.11460972     -0.142268324E-02  0.302734843E-03 -0.732791203E-03
     13     7   6.11460972     -0.837973878E-02 -0.393800475E-01  0.739258535E-12
     13     8   6.51076746      0.264248508E-02 -0.553628546E-03  0.152038585E-02
     13     9   6.51076746     -0.368782967E-04 -0.176021174E-03  0.737461253E-12
     13    10   6.48115444     -0.140957080E-02  0.299944630E-03 -0.726036204E-03
     13    11   6.48115444     -0.830336940E-02 -0.390211605E-01   0.00000000    
     13    12   6.55897856      0.148524672     -0.311174877E-01  0.854554698E-01
     13    13   6.55897856     -0.207279739E-02 -0.989352260E-02  0.414500691E-10
     13    14   6.52936602      0.434908696E-03 -0.925448330E-04  0.224011572E-03
     13    15   6.52936602      0.256481557E-02  0.120531907E-01   0.00000000    
     14     1   4.22891426     -0.892953455     -0.224262089       1.80289280    
     14     2   6.51130056      0.227846317E-01  0.572227919E-02  0.663184235E-02
     14     3   6.51130056     -0.876870193E-02  0.349146947E-01   0.00000000    
     14     4   6.18666458     -0.167697147      0.175624788E-01 -0.991989896E-01
     14     5   6.18666458      0.317134336E-02  0.302818976E-01 -0.871413219E-10
     14     6   6.15999794     -0.501528475E-02  0.551839184E-03 -0.279631536E-02
     14     7   6.15999794     -0.453745155E-02 -0.412377678E-01  0.188219093E-09
     14     8   6.56018734      0.523593789E-02 -0.548345910E-03  0.309724850E-02
     14     9   6.56018734     -0.990175249E-04 -0.945479085E-03  0.272077716E-11
     14    10   6.53352118     -0.650532544E-02  0.715790608E-03 -0.362710073E-02
     14    11   6.53352118     -0.588552887E-02 -0.534895100E-01  0.244139015E-09
     14    12   6.60768986      0.144786924     -0.151631618E-01  0.856467038E-01
     14    13   6.60768986     -0.273820921E-02 -0.261460561E-01  0.530003749E-10
     14    14   6.58102322      0.222373405E-02 -0.244681054E-03  0.123985962E-02
     14    15   6.58102322      0.201322534E-02  0.182967912E-01  0.379066015E-10
     15     1   4.23469830     -0.807664573     -0.439597249       1.80325460    
     15     2   6.51679611      0.314530097E-01  0.171193071E-01  0.100962706E-01
     15     3   6.51679611     -0.734248292E-02  0.134902205E-01 -0.524763462E-10
     15     4   6.25208426     -0.166513830      0.166376529E-02 -0.101382934    
     15     5   6.25208426      0.540652836E-03  0.541098975E-01  0.243428194E-10
     15     6   6.22911644     -0.932437461E-02  0.159072151E-03 -0.555584207E-02
     15     7   6.22911644     -0.737974769E-03 -0.432580672E-01  0.108240743E-10
     15     8   6.63624859      0.941539835E-02 -0.940756217E-04  0.573262293E-02
     15     9   6.63624859     -0.305696194E-04 -0.305950781E-02  0.123842912E-12
     15    10   6.61328077     -0.139244078E-01  0.237547487E-03 -0.829672441E-02
     15    11   6.61328077     -0.110226555E-02 -0.646119118E-01 -0.161672568E-10
     15    12   6.68251610      0.140291572     -0.140175188E-02  0.854173899E-01
     15    13   6.68251610     -0.455500267E-03 -0.455878377E-01  0.111771261E-10
     15    14   6.65954828      0.609876448E-02 -0.104044106E-03  0.363388960E-02
     15    15   6.65954828      0.482749456E-03  0.282973796E-01  0.345752441E-11
     16     1   4.24390507     -0.667250574     -0.624843895       1.80480015    
     16     2   6.52465534      0.284429044E-01  0.266352315E-01  0.109204911E-01
     16     3   6.52465534      0.749318488E-02 -0.800172985E-02 -0.758867691E-10
     16     4   6.33945894     -0.163830355     -0.119561721E-01 -0.100801222    
     16     5   6.33945894     -0.599992275E-02  0.822143853E-01 -0.155072261E-09
     16     6   6.32009554     -0.151225356E-01 -0.970311055E-03 -0.930181984E-02
     16     7   6.32009554      0.297234068E-02 -0.463246517E-01  0.856262838E-10
     16     8   6.73726845      0.151464324E-01  0.110537070E-02  0.931926910E-02
     16     9   6.73726845      0.554686820E-03 -0.760064088E-02   0.00000000    
     16    10   6.71790504     -0.231148247E-01 -0.148312247E-02 -0.142178498E-01
     16    11   6.71790504      0.454322901E-02 -0.708073229E-01  0.130879960E-09
     16    12   6.78179693      0.133985251      0.977810193E-02  0.824381858E-01
     16    13   6.78179693      0.490679638E-02 -0.672357827E-01 -0.635291125E-10
     16    14   6.76243305      0.135226129E-01  0.867654104E-03  0.831771176E-02
     16    15   6.76243305     -0.265813782E-02  0.414277613E-01 -0.366730535E-10
     17     1   4.25583076     -0.480511814     -0.767648280       1.80716705    
     17     2   6.53448486      0.164332613E-01  0.262531806E-01  0.859782752E-02
     17     3   6.53448486      0.320552029E-01 -0.200650543E-01 -0.129719457E-09
     17     4   6.44640160     -0.159106687     -0.224183295E-01 -0.961332992E-01
     17     5   6.44640160     -0.157306548E-01  0.111643121      0.201275482E-09
     17     6   6.42998505     -0.230363831E-01 -0.299427542E-02 -0.140745677E-01
     17     7   6.42998505      0.653431099E-02 -0.502715632E-01   0.00000000    
     17     8   6.85985708      0.213867128E-01  0.301341456E-02  0.129219946E-01
     17     9   6.85985708      0.211441936E-02 -0.150063932E-01   0.00000000    
     17    10   6.84344053     -0.325754210E-01 -0.423416449E-02 -0.199026354E-01
     17    11   6.84344053      0.924082007E-02 -0.710939765E-01  0.147191828E-09
     17    12   6.90220261      0.124852739      0.175918844E-01  0.754368901E-01
     17    13   6.90220261      0.123435883E-01 -0.876046643E-01  0.189785382E-09
     17    14   6.88578653      0.251748618E-01  0.327223493E-02  0.153811146E-01
     17    15   6.88578653     -0.714058569E-02  0.549359359E-01  0.100937231E-09
     18     1   4.26874733     -0.259353757     -0.858701646       1.80950725    
     18     2   6.54530430      0.357063836E-02  0.118221268E-01  0.339508848E-02
     18     3   6.54530430      0.567786582E-01 -0.171488635E-01   0.00000000    
     18     4   6.56842613     -0.153518677     -0.289389230E-01 -0.880876258E-01
     18     5   6.56842613     -0.259176958E-01  0.137491301       0.00000000    
     18     6   6.55423784     -0.322245955E-01 -0.563199306E-02 -0.188345294E-01
     18     7   6.55423784      0.937723741E-02 -0.536537729E-01   0.00000000    
     18     8   6.99818420      0.264184102E-01  0.497998158E-02  0.151586467E-01
     18     9   6.99818420      0.446005538E-02 -0.236602426E-01   0.00000000    
     18    10   6.98399591     -0.399619639E-01 -0.698427390E-02 -0.233568512E-01
     18    11   6.98399591      0.116292173E-01 -0.665389672E-01 -0.157759666E-09
     18    12   7.03802490      0.114286810      0.215435494E-01  0.655767396E-01
     18    13   7.03802490      0.192944016E-01 -0.102355249       0.00000000    
     18    14   7.02383661      0.393043272E-01  0.686934032E-02  0.229724720E-01
     18    15   7.02383661     -0.114374133E-01  0.654414892E-01   0.00000000    
     19     1   4.28012085     -0.179630090E-01 -0.892316997       1.81067860    
     19     2   6.55559349     -0.274462713E-03 -0.136340018E-01 -0.372988638E-02
     19     3   6.55559349      0.704620108E-01 -0.141845329E-02 -0.148983048E-10
     19     4   6.69842243     -0.150496051     -0.313323811E-01 -0.791583210E-01
     19     5   6.69842243     -0.324418247E-01  0.155824929       0.00000000    
     19     6   6.68604851     -0.403128378E-01 -0.769851031E-02 -0.217463523E-01
     19     7   6.68604851      0.106388107E-01 -0.557095595E-01  0.177217629E-09
     19     8   7.14359331      0.292684212E-01  0.609352812E-02  0.153946709E-01
     19     9   7.14359331      0.630949996E-02 -0.303057767E-01 -0.827770283E-10
     19    10   7.13121796     -0.434207059E-01 -0.829202496E-02 -0.234228633E-01
     19    11   7.13121796      0.114598861E-01 -0.600090325E-01   0.00000000    
     19    12   7.18078756      0.105951555      0.220585112E-01  0.557286665E-01
     19    13   7.18078756      0.228393339E-01 -0.109702013       0.00000000    
     19    14   7.16841269      0.521794371E-01  0.996467192E-02  0.281476676E-01
     19    15   7.16841269     -0.137706427E-01  0.721091703E-01   0.00000000    
     20     1   4.28720284      0.227971390     -0.866617441       1.80963838    
     20     2   6.56355190      0.105779897E-01 -0.402115099E-01 -0.114197079E-01
     20     3   6.56355190      0.666604489E-01  0.175356176E-01   0.00000000    
     20     4   6.82660294     -0.153939471     -0.292560384E-01 -0.717608109E-01
     20     5   6.82660294     -0.313195400E-01  0.164797202      0.488001861E-09
     20     6   6.81593943     -0.454370454E-01 -0.769800134E-02 -0.219108239E-01
     20     7   6.81593943      0.980755128E-02 -0.578885563E-01 -0.166875402E-09
     20     8   7.28483582      0.302085895E-01  0.574112218E-02  0.140821068E-01
     20     9   7.28483582      0.614579720E-02 -0.323379114E-01  0.897928121E-10
     20    10   7.27417183     -0.423394702E-01 -0.717319874E-02 -0.204171166E-01
     20    11   7.27417183      0.913937483E-02 -0.539447293E-01 -0.154467980E-09
     20    12   7.31947088      0.103337869      0.196392369E-01  0.481722467E-01
     20    13   7.31947088      0.210235287E-01 -0.110621743      0.307164100E-09
     20    14   7.30880785      0.606498644E-01  0.102754077E-01  0.292467885E-01
     20    15   7.30880785     -0.130918343E-01  0.772736222E-01   0.00000000    
     21     1   4.28814793      0.461731255     -0.783303916       1.80601847    
     21     2   6.56770897      0.332953557E-01 -0.564838909E-01 -0.182766318E-01
     21     3   6.56770897      0.481743664E-01  0.283971652E-01  0.112466763E-11
     21     4   6.94113398     -0.166474283     -0.203971136E-01 -0.671567917E-01
     21     5   6.94113398     -0.198872685E-01  0.162313133     -0.648432974E-09
     21     6   6.93214226     -0.466893390E-01 -0.468407245E-02 -0.197201520E-01
     21     7   6.93214226      0.624564104E-02 -0.622545555E-01   0.00000000    
     21     8   7.40910769      0.297912136E-01  0.365014188E-02  0.120179672E-01
     21     9   7.40910769      0.355890347E-02 -0.290465616E-01  0.116039588E-09
     21    10   7.40011597     -0.367020816E-01 -0.368210860E-02 -0.155018400E-01
     21    11   7.40011597      0.490964437E-02 -0.489377640E-01   0.00000000    
     21    12   7.44148493      0.108565509      0.133018456E-01  0.437960587E-01
     21    13   7.44148493      0.129690934E-01 -0.105849691       0.00000000    
     21    14   7.43249321      0.627160668E-01  0.629193475E-02  0.264893696E-01
     21    15   7.43249321     -0.838904176E-02  0.836193860E-01  0.127797356E-09
     22     1   4.28383064      0.665497124     -0.647062361       1.80081224    
     22     2   6.56810093      0.582940355E-01 -0.566792376E-01 -0.231431182E-01
     22     3   6.56810093      0.250335895E-01  0.257468019E-01 -0.126137586E-09
     22     4   7.02964211     -0.187133729      0.102253247E-02 -0.656720921E-01
     22     5   7.02964211      0.784310745E-03  0.143536732     -0.958425440E-11
     22     6   7.02210808     -0.431354195E-01  0.107455091E-02 -0.160894692E-01
     22     7   7.02210808     -0.174386112E-02 -0.700033754E-01  0.476838152E-10
     22     8   7.50376463      0.276425295E-01 -0.151005617E-03  0.970073603E-02
     22     9   7.50376463     -0.115825474E-03 -0.212025829E-01  0.141573634E-11
     22    10   7.49623013     -0.269188844E-01  0.670600799E-03 -0.100407442E-01
     22    11   7.49623013     -0.108831516E-02 -0.436865352E-01  0.123447259E-10
     22    12   7.53432894      0.121802010     -0.665449479E-03  0.427446850E-01
     22    13   7.53432894     -0.510376412E-03 -0.934178606E-01  0.623769742E-11
     22    14   7.52679443      0.565926284E-01 -0.140982529E-02  0.211090483E-01
     22    15   7.52679443      0.228818925E-02  0.918515548E-01 -0.625660565E-10
     23     1   4.27905083      0.820737600     -0.465182364       1.79660952    
     23     2   6.56717491      0.760370344E-01 -0.430967174E-01 -0.252903737E-01
     23     3   6.56717491      0.716854678E-02  0.126477182E-01  0.518650539E-10
     23     4   7.08143044     -0.206419051      0.412744284E-01 -0.672206804E-01
     23     5   7.08143044      0.206509642E-01  0.103278287      0.350760754E-09
     23     6   7.07487917     -0.330948383E-01  0.695187133E-02 -0.115857571E-01
     23     7   7.07487917     -0.166821051E-01 -0.794162527E-01  0.265455352E-09
     23     8   7.55840254      0.224161800E-01 -0.448221434E-02  0.729985395E-02
     23     9   7.55840254     -0.224250043E-02 -0.112150582E-01  0.257186650E-10
     23    10   7.55185032     -0.148584908E-01  0.312116556E-02 -0.520163542E-02
     23    11   7.55185032     -0.748980697E-02 -0.356556624E-01   0.00000000    
     23    12   7.58768463      0.138703868     -0.277344212E-01  0.451689959E-01
     23    13   7.58768463     -0.138760805E-01 -0.693962872E-01 -0.256336868E-09
     23    14   7.58113289      0.411661305E-01 -0.864733569E-02  0.144113749E-01
     23    15   7.58113289      0.207513198E-01  0.987878293E-01   0.00000000    
     24     1   4.27917194      0.912243724     -0.248474196       1.79603112    
     24     2   6.56782818      0.820035636E-01 -0.223358832E-01 -0.246478245E-01
     24     3   6.56782818     -0.940023456E-03 -0.345118553E-02   0.00000000    
     24     4   7.08980179     -0.207397193      0.941649005E-01 -0.715213120E-01
     24     5   7.08980179      0.220946465E-01  0.486632213E-01   0.00000000    
     24     6   7.08356810     -0.172147751E-01  0.771356886E-02 -0.635819277E-02
     24     7   7.08356810     -0.381794237E-01 -0.852070302E-01 -0.384330456E-09
     24     8   7.56679201      0.136105604E-01 -0.617962936E-02  0.469361292E-02
     24     9   7.56679201     -0.144995051E-02 -0.319349859E-02   0.00000000    
     24    10   7.56055784     -0.465210341E-02  0.208450528E-02 -0.171823718E-02
     24    11   7.56055784     -0.103176925E-01 -0.230265539E-01  0.165810976E-09
     24    12   7.59533405      0.149048567     -0.676728562E-01  0.513994098E-01
     24    13   7.59533405     -0.158798229E-01 -0.349750929E-01  0.276407175E-09
     24    14   7.58910036      0.198656674E-01 -0.890136790E-02  0.733731454E-02
     24    15   7.58910036      0.440773927E-01  0.983699113E-01 -0.264643890E-09
