This file contains any messages produced by compilers while
running configure, to aid debugging if configure makes a mistake.

It was created by readline configure 5.0-rc1, which was
generated by GNU Autoconf 2.57.  Invocation command line was

  $ ./configure 

## --------- ##
## Platform. ##
## --------- ##

hostname = login03.rc.colorado.edu
uname -m = x86_64
uname -r = 2.6.32-279.22.1.el6.x86_64
uname -s = Linux
uname -v = #1 SMP Sun Jan 13 09:21:40 EST 2013

/usr/bin/uname -p = unknown
/bin/uname -X     = unknown

/bin/arch              = x86_64
/usr/bin/arch -k       = unknown
/usr/convex/getsysinfo = unknown
hostinfo               = unknown
/bin/machine           = unknown
/usr/bin/oslevel       = unknown
/bin/universe          = unknown

PATH: /home/jixi7887/progs/jy/PROGRAMS.330/bin
PATH: .
PATH: /home/wshen/bin
PATH: /home/wshen/local/bin
PATH: /home/wshen/my_code/CC
PATH: /home/wshen/local
PATH: /home/wshen/my_code/GMT/GMT4.5.9/bin
PATH: /home/wshen/my_code/GMT/sac/bin
PATH: /home/wshen/my_code/rdseed/rdseedv5.3.1
PATH: /home/jixi7887/progs/jy/PROGRAMS.330/bin
PATH: .
PATH: /home/wshen/bin
PATH: /home/wshen/local/bin
PATH: /home/wshen/my_code/CC
PATH: /home/wshen/local
PATH: /home/wshen/my_code/GMT/GMT4.5.9/bin
PATH: /home/wshen/my_code/GMT/sac/bin
PATH: /home/wshen/my_code/rdseed/rdseedv5.3.1
PATH: /home/jixi7887/progs/jy/PROGRAMS.330/bin
PATH: .
PATH: /home/wshen/bin
PATH: /home/wshen/local/bin
PATH: /home/wshen/my_code/CC
PATH: /home/wshen/local
PATH: /home/wshen/my_code/GMT/GMT4.5.9/bin
PATH: /home/wshen/my_code/GMT/sac/bin
PATH: /home/wshen/my_code/rdseed/rdseedv5.3.1
PATH: /curc/tools/x_86_64/rh6/openmpi/1.6.4/gcc/4.7.2/torque/4.1.4/ib/bin
PATH: /curc/tools/x_86_64/rh6/gcc/4.7.2/bin
PATH: /curc/tools/x_86_64/rh6/openmpi/1.6.4/intel/13.0.0/torque/4.1.4/ib/bin
PATH: /curc/tools/x_86_64/rh6/intel/13.0.0/composer_xe_2013.0.079/bin/intel64
PATH: /curc/tools/x_86_64/rh6/jdk/1.7.0_17/bin
PATH: /curc/tools/nonfree/redhat_6_x86_64/moab-7.2.2/bin
PATH: /curc/tools/free/redhat_6_x86_64/torque-4.2.3/bin
PATH: /usr/local/bin
PATH: /bin
PATH: /usr/bin
PATH: /usr/local/sbin
PATH: /usr/sbin
PATH: /sbin
PATH: /opt/bin
PATH: /home/wshen/my_code/GMT/zlib1/zlib-1.2.8
PATH: /home/wshen/bin
PATH: /home/wshen/local/bin
PATH: /home/wshen/my_code/CC
PATH: /home/wshen/local
PATH: /home/wshen/my_code/GMT/GMT4.5.9
PATH: /bin
PATH: /home/wshen/my_code/GMT/sac/bin
PATH: /home/wshen/my_code/rdseed/rdseedv5.3.1
PATH: /home/jixi7887/Tool/package/boost_1_54_0
PATH: /home/wshen/my_code/GMT/zlib1/zlib-1.2.8
PATH: /home/wshen/bin
PATH: /home/wshen/local/bin
PATH: /home/wshen/my_code/CC
PATH: /home/wshen/local
PATH: /home/wshen/my_code/GMT/GMT4.5.9
PATH: /bin
PATH: /home/wshen/my_code/GMT/sac/bin
PATH: /home/wshen/my_code/rdseed/rdseedv5.3.1
PATH: /home/jixi7887/Tool/package/boost_1_54_0
PATH: /home/jixi7887/progs/jy/PROGRAMS.330/bin
PATH: /home/wshen/my_code/GMT/zlib1/zlib-1.2.8
PATH: /home/wshen/bin
PATH: /home/wshen/local/bin
PATH: /home/wshen/my_code/CC
PATH: /home/wshen/local
PATH: /home/wshen/my_code/GMT/GMT4.5.9
PATH: /bin
PATH: /home/wshen/my_code/GMT/sac/bin
PATH: /home/wshen/my_code/rdseed/rdseedv5.3.1
PATH: /home/jixi7887/Tool/package/boost_1_54_0


## ----------- ##
## Core tests. ##
## ----------- ##

configure:1328: checking build system type
configure:1346: result: x86_64-unknown-linux-gnu
configure:1354: checking host system type
configure:1368: result: x86_64-unknown-linux-gnu
configure:1424: checking whether make sets $(MAKE)
configure:1444: result: yes
configure:1499: checking for gcc
configure:1525: result: mpicc
configure:1769: checking for C compiler version
configure:1772: mpicc --version </dev/null >&5
gcc (GCC) 4.7.2
Copyright (C) 2012 Free Software Foundation, Inc.
This is free software; see the source for copying conditions.  There is NO
warranty; not even for MERCHANTABILITY or FITNESS FOR A PARTICULAR PURPOSE.

configure:1775: $? = 0
configure:1777: mpicc -v </dev/null >&5
Using built-in specs.
COLLECT_GCC=/curc/tools/x_86_64/rh6/gcc/4.7.2/bin/gcc
COLLECT_LTO_WRAPPER=/curc/tools/x_86_64/rh6/gcc/4.7.2/libexec/gcc/x86_64-unknown-linux-gnu/4.7.2/lto-wrapper
Target: x86_64-unknown-linux-gnu
Configured with: ../configure --prefix=/curc/tools/x_86_64/rh6/gcc/4.7.2 --enable-languages=c,c++,fortran --enable-shared --enable-threads=posix --disable-multilib
Thread model: posix
gcc version 4.7.2 (GCC) 
configure:1780: $? = 0
configure:1782: mpicc -V </dev/null >&5
gcc: error: unrecognized command line option '-V'
gcc: fatal error: no input files
compilation terminated.
configure:1785: $? = 1
configure:1809: checking for C compiler default output
configure:1812: mpicc -g   conftest.c  >&5
configure:1815: $? = 0
configure:1861: result: a.out
configure:1866: checking whether the C compiler works
configure:1872: ./a.out
configure:1875: $? = 0
configure:1892: result: yes
configure:1899: checking whether we are cross compiling
configure:1901: result: no
configure:1904: checking for suffix of executables
configure:1906: mpicc -o conftest -g   conftest.c  >&5
configure:1909: $? = 0
configure:1934: result: 
configure:1940: checking for suffix of object files
configure:1962: mpicc -c -g  conftest.c >&5
configure:1965: $? = 0
configure:1987: result: o
configure:1991: checking whether we are using the GNU C compiler
configure:2016: mpicc -c -g  conftest.c >&5
configure:2019: $? = 0
configure:2022: test -s conftest.o
configure:2025: $? = 0
configure:2038: result: yes
configure:2044: checking whether mpicc accepts -g
configure:2066: mpicc -c -g  conftest.c >&5
configure:2069: $? = 0
configure:2072: test -s conftest.o
configure:2075: $? = 0
configure:2086: result: yes
configure:2103: checking for mpicc option to accept ANSI C
configure:2164: mpicc  -c -g  conftest.c >&5
configure:2167: $? = 0
configure:2170: test -s conftest.o
configure:2173: $? = 0
configure:2191: result: none needed
configure:2209: mpicc -c -g  conftest.c >&5
conftest.c:2:3: error: unknown type name 'choke'
conftest.c:2:3: error: expected '=', ',', ';', 'asm' or '__attribute__' at end of input
configure:2212: $? = 1
configure: failed program was:
| #ifndef __cplusplus
|   choke me
| #endif
configure:2327: checking how to run the C preprocessor
configure:2363: mpicc -E  conftest.c
configure:2369: $? = 0
configure:2401: mpicc -E  conftest.c
configure:2400:28: fatal error: ac_nonexistent.h: No such file or directory
compilation terminated.
configure:2407: $? = 1
configure: failed program was:
| #line 2392 "configure"
| /* confdefs.h.  */
| 
| #define PACKAGE_NAME "readline"
| #define PACKAGE_TARNAME "readline"
| #define PACKAGE_VERSION "5.0-rc1"
| #define PACKAGE_STRING "readline 5.0-rc1"
| #define PACKAGE_BUGREPORT "bug-readline@gnu.org"
| /* end confdefs.h.  */
| #include <ac_nonexistent.h>
configure:2445: result: mpicc -E
configure:2470: mpicc -E  conftest.c
configure:2476: $? = 0
configure:2508: mpicc -E  conftest.c
configure:2507:28: fatal error: ac_nonexistent.h: No such file or directory
compilation terminated.
configure:2514: $? = 1
configure: failed program was:
| #line 2499 "configure"
| /* confdefs.h.  */
| 
| #define PACKAGE_NAME "readline"
| #define PACKAGE_TARNAME "readline"
| #define PACKAGE_VERSION "5.0-rc1"
| #define PACKAGE_STRING "readline 5.0-rc1"
| #define PACKAGE_BUGREPORT "bug-readline@gnu.org"
| /* end confdefs.h.  */
| #include <ac_nonexistent.h>
configure:2557: checking for egrep
configure:2567: result: grep -E
configure:2572: checking for ANSI C header files
configure:2598: mpicc -c -g  conftest.c >&5
configure:2601: $? = 0
configure:2604: test -s conftest.o
configure:2607: $? = 0
configure:2699: mpicc -o conftest -g   conftest.c  >&5
configure: In function 'main':
configure:2692:7: warning: incompatible implicit declaration of built-in function 'exit' [enabled by default]
configure:2702: $? = 0
configure:2704: ./conftest
configure:2707: $? = 0
configure:2722: result: yes
configure:2746: checking for sys/types.h
configure:2763: mpicc -c -g  conftest.c >&5
configure:2766: $? = 0
configure:2769: test -s conftest.o
configure:2772: $? = 0
configure:2783: result: yes
configure:2746: checking for sys/stat.h
configure:2763: mpicc -c -g  conftest.c >&5
configure:2766: $? = 0
configure:2769: test -s conftest.o
configure:2772: $? = 0
configure:2783: result: yes
configure:2746: checking for stdlib.h
configure:2763: mpicc -c -g  conftest.c >&5
configure:2766: $? = 0
configure:2769: test -s conftest.o
configure:2772: $? = 0
configure:2783: result: yes
configure:2746: checking for string.h
configure:2763: mpicc -c -g  conftest.c >&5
configure:2766: $? = 0
configure:2769: test -s conftest.o
configure:2772: $? = 0
configure:2783: result: yes
configure:2746: checking for memory.h
configure:2763: mpicc -c -g  conftest.c >&5
configure:2766: $? = 0
configure:2769: test -s conftest.o
configure:2772: $? = 0
configure:2783: result: yes
configure:2746: checking for strings.h
configure:2763: mpicc -c -g  conftest.c >&5
configure:2766: $? = 0
configure:2769: test -s conftest.o
configure:2772: $? = 0
configure:2783: result: yes
configure:2746: checking for inttypes.h
configure:2763: mpicc -c -g  conftest.c >&5
configure:2766: $? = 0
configure:2769: test -s conftest.o
configure:2772: $? = 0
configure:2783: result: yes
configure:2746: checking for stdint.h
configure:2763: mpicc -c -g  conftest.c >&5
configure:2766: $? = 0
configure:2769: test -s conftest.o
configure:2772: $? = 0
configure:2783: result: yes
configure:2746: checking for unistd.h
configure:2763: mpicc -c -g  conftest.c >&5
configure:2766: $? = 0
configure:2769: test -s conftest.o
configure:2772: $? = 0
configure:2783: result: yes
configure:2805: checking minix/config.h usability
configure:2818: mpicc -c -g  conftest.c >&5
configure:2859:26: fatal error: minix/config.h: No such file or directory
compilation terminated.
configure:2821: $? = 1
configure: failed program was:
| #line 2807 "configure"
| /* confdefs.h.  */
| 
| #define PACKAGE_NAME "readline"
| #define PACKAGE_TARNAME "readline"
| #define PACKAGE_VERSION "5.0-rc1"
| #define PACKAGE_STRING "readline 5.0-rc1"
| #define PACKAGE_BUGREPORT "bug-readline@gnu.org"
| #define STDC_HEADERS 1
| #define HAVE_SYS_TYPES_H 1
| #define HAVE_SYS_STAT_H 1
| #define HAVE_STDLIB_H 1
| #define HAVE_STRING_H 1
| #define HAVE_MEMORY_H 1
| #define HAVE_STRINGS_H 1
| #define HAVE_INTTYPES_H 1
| #define HAVE_STDINT_H 1
| #define HAVE_UNISTD_H 1
| /* end confdefs.h.  */
| #include <stdio.h>
| #if HAVE_SYS_TYPES_H
| # include <sys/types.h>
| #endif
| #if HAVE_SYS_STAT_H
| # include <sys/stat.h>
| #endif
| #if STDC_HEADERS
| # include <stdlib.h>
| # include <stddef.h>
| #else
| # if HAVE_STDLIB_H
| #  include <stdlib.h>
| # endif
| #endif
| #if HAVE_STRING_H
| # if !STDC_HEADERS && HAVE_MEMORY_H
| #  include <memory.h>
| # endif
| # include <string.h>
| #endif
| #if HAVE_STRINGS_H
| # include <strings.h>
| #endif
| #if HAVE_INTTYPES_H
| # include <inttypes.h>
| #else
| # if HAVE_STDINT_H
| #  include <stdint.h>
| # endif
| #endif
| #if HAVE_UNISTD_H
| # include <unistd.h>
| #endif
| #include <minix/config.h>
configure:2837: result: no
configure:2841: checking minix/config.h presence
configure:2852: mpicc -E  conftest.c
configure:2861:26: fatal error: minix/config.h: No such file or directory
compilation terminated.
configure:2858: $? = 1
configure: failed program was:
| #line 2843 "configure"
| /* confdefs.h.  */
| 
| #define PACKAGE_NAME "readline"
| #define PACKAGE_TARNAME "readline"
| #define PACKAGE_VERSION "5.0-rc1"
| #define PACKAGE_STRING "readline 5.0-rc1"
| #define PACKAGE_BUGREPORT "bug-readline@gnu.org"
| #define STDC_HEADERS 1
| #define HAVE_SYS_TYPES_H 1
| #define HAVE_SYS_STAT_H 1
| #define HAVE_STDLIB_H 1
| #define HAVE_STRING_H 1
| #define HAVE_MEMORY_H 1
| #define HAVE_STRINGS_H 1
| #define HAVE_INTTYPES_H 1
| #define HAVE_STDINT_H 1
| #define HAVE_UNISTD_H 1
| /* end confdefs.h.  */
| #include <minix/config.h>
configure:2877: result: no
configure:2913: checking for minix/config.h
configure:2920: result: no
configure:2954: checking whether mpicc needs -traditional
configure:2998: result: no
configure:3017: checking for a BSD-compatible install
configure:3071: result: /usr/bin/install -c
configure:3084: checking for ar
configure:3100: found /usr/bin/ar
configure:3111: result: ar
configure:3160: checking for ranlib
configure:3176: found /usr/bin/ranlib
configure:3187: result: ranlib
configure:3203: checking for an ANSI C-conforming const
configure:3271: mpicc -c -g -O  conftest.c >&5
configure:3274: $? = 0
configure:3277: test -s conftest.o
configure:3280: $? = 0
configure:3291: result: yes
configure:3301: checking for function prototypes
configure:3304: result: yes
configure:3322: checking whether char is unsigned
configure:3346: mpicc -c -g -O  conftest.c >&5
configure:3349: $? = 0
configure:3352: test -s conftest.o
configure:3355: $? = 0
configure:3366: result: no
configure:3376: checking return type of signal handlers
configure:3408: mpicc -c -g -O  conftest.c >&5
configure:3411: $? = 0
configure:3414: test -s conftest.o
configure:3417: $? = 0
configure:3428: result: void
configure:3437: checking for size_t
configure:3462: mpicc -c -g -O  conftest.c >&5
configure:3465: $? = 0
configure:3468: test -s conftest.o
configure:3471: $? = 0
configure:3482: result: yes
configure:3494: checking for ssize_t
configure:3519: mpicc -c -g -O  conftest.c >&5
configure:3522: $? = 0
configure:3525: test -s conftest.o
configure:3528: $? = 0
configure:3539: result: yes
configure:3552: checking for ANSI C header files
configure:3702: result: yes
configure:3713: checking whether stat file-mode macros are broken
configure:3762: result: no
configure:3780: checking for dirent.h that defines DIR
configure:3805: mpicc -c -g -O  conftest.c >&5
configure:3808: $? = 0
configure:3811: test -s conftest.o
configure:3814: $? = 0
configure:3825: result: yes
configure:3838: checking for library containing opendir
configure:3869: mpicc -o conftest -g -O   conftest.c  >&5
configure:3872: $? = 0
configure:3875: test -s conftest
configure:3878: $? = 0
configure:3937: result: none required
configure:4070: checking for lstat
configure:4120: mpicc -o conftest -g -O   conftest.c  >&5
configure:4123: $? = 0
configure:4126: test -s conftest
configure:4129: $? = 0
configure:4140: result: yes
configure:4070: checking for memmove
configure:4120: mpicc -o conftest -g -O   conftest.c  >&5
configure:4115:6: warning: conflicting types for built-in function 'memmove' [enabled by default]
configure:4123: $? = 0
configure:4126: test -s conftest
configure:4129: $? = 0
configure:4140: result: yes
configure:4070: checking for putenv
configure:4120: mpicc -o conftest -g -O   conftest.c  >&5
configure:4123: $? = 0
configure:4126: test -s conftest
configure:4129: $? = 0
configure:4140: result: yes
configure:4070: checking for select
configure:4120: mpicc -o conftest -g -O   conftest.c  >&5
configure:4123: $? = 0
configure:4126: test -s conftest
configure:4129: $? = 0
configure:4140: result: yes
configure:4070: checking for setenv
configure:4120: mpicc -o conftest -g -O   conftest.c  >&5
configure:4123: $? = 0
configure:4126: test -s conftest
configure:4129: $? = 0
configure:4140: result: yes
configure:4070: checking for setlocale
configure:4120: mpicc -o conftest -g -O   conftest.c  >&5
configure:4123: $? = 0
configure:4126: test -s conftest
configure:4129: $? = 0
configure:4140: result: yes
configure:4070: checking for strcasecmp
configure:4120: mpicc -o conftest -g -O   conftest.c  >&5
configure:4120:6: warning: conflicting types for built-in function 'strcasecmp' [enabled by default]
configure:4123: $? = 0
configure:4126: test -s conftest
configure:4129: $? = 0
configure:4140: result: yes
configure:4070: checking for strpbrk
configure:4120: mpicc -o conftest -g -O   conftest.c  >&5
configure:4121:6: warning: conflicting types for built-in function 'strpbrk' [enabled by default]
configure:4123: $? = 0
configure:4126: test -s conftest
configure:4129: $? = 0
configure:4140: result: yes
configure:4070: checking for tcgetattr
configure:4120: mpicc -o conftest -g -O   conftest.c  >&5
configure:4123: $? = 0
configure:4126: test -s conftest
configure:4129: $? = 0
configure:4140: result: yes
configure:4070: checking for vsnprintf
configure:4120: mpicc -o conftest -g -O   conftest.c  >&5
configure:4123:6: warning: conflicting types for built-in function 'vsnprintf' [enabled by default]
configure:4123: $? = 0
configure:4126: test -s conftest
configure:4129: $? = 0
configure:4140: result: yes
configure:4070: checking for isascii
configure:4120: mpicc -o conftest -g -O   conftest.c  >&5
configure:4124:6: warning: conflicting types for built-in function 'isascii' [enabled by default]
configure:4123: $? = 0
configure:4126: test -s conftest
configure:4129: $? = 0
configure:4140: result: yes
configure:4070: checking for isxdigit
configure:4120: mpicc -o conftest -g -O   conftest.c  >&5
configure:4125:6: warning: conflicting types for built-in function 'isxdigit' [enabled by default]
configure:4123: $? = 0
configure:4126: test -s conftest
configure:4129: $? = 0
configure:4140: result: yes
configure:4151: checking for working strcoll
configure:4178: mpicc -o conftest -g -O   conftest.c  >&5
configure:4181: $? = 0
configure:4183: ./conftest
configure:4186: $? = 0
configure:4200: result: yes
configure:4234: checking for unistd.h
configure:4239: result: yes
configure:4234: checking for stdlib.h
configure:4239: result: yes
configure:4243: checking varargs.h usability
configure:4256: mpicc -c -g -O  conftest.c >&5
In file included from configure:4317:0:
/curc/tools/x_86_64/rh6/gcc/4.7.2/lib/gcc/x86_64-unknown-linux-gnu/4.7.2/include/varargs.h:4:2: error: #error "GCC no longer implements <varargs.h>."
/curc/tools/x_86_64/rh6/gcc/4.7.2/lib/gcc/x86_64-unknown-linux-gnu/4.7.2/include/varargs.h:5:2: error: #error "Revise your code to use <stdarg.h>."
configure:4259: $? = 1
configure: failed program was:
| #line 4245 "configure"
| /* confdefs.h.  */
| 
| #define PACKAGE_NAME "readline"
| #define PACKAGE_TARNAME "readline"
| #define PACKAGE_VERSION "5.0-rc1"
| #define PACKAGE_STRING "readline 5.0-rc1"
| #define PACKAGE_BUGREPORT "bug-readline@gnu.org"
| #define STDC_HEADERS 1
| #define HAVE_SYS_TYPES_H 1
| #define HAVE_SYS_STAT_H 1
| #define HAVE_STDLIB_H 1
| #define HAVE_STRING_H 1
| #define HAVE_MEMORY_H 1
| #define HAVE_STRINGS_H 1
| #define HAVE_INTTYPES_H 1
| #define HAVE_STDINT_H 1
| #define HAVE_UNISTD_H 1
| #define PROTOTYPES 1
| #define __PROTOTYPES 1
| #define RETSIGTYPE void
| #define STDC_HEADERS 1
| #define HAVE_DIRENT_H 1
| #define HAVE_LSTAT 1
| #define HAVE_MEMMOVE 1
| #define HAVE_PUTENV 1
| #define HAVE_SELECT 1
| #define HAVE_SETENV 1
| #define HAVE_SETLOCALE 1
| #define HAVE_STRCASECMP 1
| #define HAVE_STRPBRK 1
| #define HAVE_TCGETATTR 1
| #define HAVE_VSNPRINTF 1
| #define HAVE_ISASCII 1
| #define HAVE_ISXDIGIT 1
| #define HAVE_STRCOLL 1
| #define HAVE_UNISTD_H 1
| #define HAVE_STDLIB_H 1
| /* end confdefs.h.  */
| #include <stdio.h>
| #if HAVE_SYS_TYPES_H
| # include <sys/types.h>
| #endif
| #if HAVE_SYS_STAT_H
| # include <sys/stat.h>
| #endif
| #if STDC_HEADERS
| # include <stdlib.h>
| # include <stddef.h>
| #else
| # if HAVE_STDLIB_H
| #  include <stdlib.h>
| # endif
| #endif
| #if HAVE_STRING_H
| # if !STDC_HEADERS && HAVE_MEMORY_H
| #  include <memory.h>
| # endif
| # include <string.h>
| #endif
| #if HAVE_STRINGS_H
| # include <strings.h>
| #endif
| #if HAVE_INTTYPES_H
| # include <inttypes.h>
| #else
| # if HAVE_STDINT_H
| #  include <stdint.h>
| # endif
| #endif
| #if HAVE_UNISTD_H
| # include <unistd.h>
| #endif
| #include <varargs.h>
configure:4275: result: no
configure:4279: checking varargs.h presence
configure:4290: mpicc -E  conftest.c
In file included from configure:4319:0:
/curc/tools/x_86_64/rh6/gcc/4.7.2/lib/gcc/x86_64-unknown-linux-gnu/4.7.2/include/varargs.h:4:2: error: #error "GCC no longer implements <varargs.h>."
/curc/tools/x_86_64/rh6/gcc/4.7.2/lib/gcc/x86_64-unknown-linux-gnu/4.7.2/include/varargs.h:5:2: error: #error "Revise your code to use <stdarg.h>."
configure:4296: $? = 1
configure: failed program was:
| #line 4281 "configure"
| /* confdefs.h.  */
| 
| #define PACKAGE_NAME "readline"
| #define PACKAGE_TARNAME "readline"
| #define PACKAGE_VERSION "5.0-rc1"
| #define PACKAGE_STRING "readline 5.0-rc1"
| #define PACKAGE_BUGREPORT "bug-readline@gnu.org"
| #define STDC_HEADERS 1
| #define HAVE_SYS_TYPES_H 1
| #define HAVE_SYS_STAT_H 1
| #define HAVE_STDLIB_H 1
| #define HAVE_STRING_H 1
| #define HAVE_MEMORY_H 1
| #define HAVE_STRINGS_H 1
| #define HAVE_INTTYPES_H 1
| #define HAVE_STDINT_H 1
| #define HAVE_UNISTD_H 1
| #define PROTOTYPES 1
| #define __PROTOTYPES 1
| #define RETSIGTYPE void
| #define STDC_HEADERS 1
| #define HAVE_DIRENT_H 1
| #define HAVE_LSTAT 1
| #define HAVE_MEMMOVE 1
| #define HAVE_PUTENV 1
| #define HAVE_SELECT 1
| #define HAVE_SETENV 1
| #define HAVE_SETLOCALE 1
| #define HAVE_STRCASECMP 1
| #define HAVE_STRPBRK 1
| #define HAVE_TCGETATTR 1
| #define HAVE_VSNPRINTF 1
| #define HAVE_ISASCII 1
| #define HAVE_ISXDIGIT 1
| #define HAVE_STRCOLL 1
| #define HAVE_UNISTD_H 1
| #define HAVE_STDLIB_H 1
| /* end confdefs.h.  */
| #include <varargs.h>
configure:4315: result: no
configure:4351: checking for varargs.h
configure:4358: result: no
configure:4243: checking stdarg.h usability
configure:4256: mpicc -c -g -O  conftest.c >&5
configure:4259: $? = 0
configure:4262: test -s conftest.o
configure:4265: $? = 0
configure:4275: result: yes
configure:4279: checking stdarg.h presence
configure:4290: mpicc -E  conftest.c
configure:4296: $? = 0
configure:4315: result: yes
configure:4351: checking for stdarg.h
configure:4358: result: yes
configure:4234: checking for string.h
configure:4239: result: yes
configure:4234: checking for strings.h
configure:4239: result: yes
configure:4243: checking limits.h usability
configure:4256: mpicc -c -g -O  conftest.c >&5
configure:4259: $? = 0
configure:4262: test -s conftest.o
configure:4265: $? = 0
configure:4275: result: yes
configure:4279: checking limits.h presence
configure:4290: mpicc -E  conftest.c
configure:4296: $? = 0
configure:4315: result: yes
configure:4351: checking for limits.h
configure:4358: result: yes
configure:4243: checking sys/ptem.h usability
configure:4256: mpicc -c -g -O  conftest.c >&5
configure:4321:22: fatal error: sys/ptem.h: No such file or directory
compilation terminated.
configure:4259: $? = 1
configure: failed program was:
| #line 4245 "configure"
| /* confdefs.h.  */
| 
| #define PACKAGE_NAME "readline"
| #define PACKAGE_TARNAME "readline"
| #define PACKAGE_VERSION "5.0-rc1"
| #define PACKAGE_STRING "readline 5.0-rc1"
| #define PACKAGE_BUGREPORT "bug-readline@gnu.org"
| #define STDC_HEADERS 1
| #define HAVE_SYS_TYPES_H 1
| #define HAVE_SYS_STAT_H 1
| #define HAVE_STDLIB_H 1
| #define HAVE_STRING_H 1
| #define HAVE_MEMORY_H 1
| #define HAVE_STRINGS_H 1
| #define HAVE_INTTYPES_H 1
| #define HAVE_STDINT_H 1
| #define HAVE_UNISTD_H 1
| #define PROTOTYPES 1
| #define __PROTOTYPES 1
| #define RETSIGTYPE void
| #define STDC_HEADERS 1
| #define HAVE_DIRENT_H 1
| #define HAVE_LSTAT 1
| #define HAVE_MEMMOVE 1
| #define HAVE_PUTENV 1
| #define HAVE_SELECT 1
| #define HAVE_SETENV 1
| #define HAVE_SETLOCALE 1
| #define HAVE_STRCASECMP 1
| #define HAVE_STRPBRK 1
| #define HAVE_TCGETATTR 1
| #define HAVE_VSNPRINTF 1
| #define HAVE_ISASCII 1
| #define HAVE_ISXDIGIT 1
| #define HAVE_STRCOLL 1
| #define HAVE_UNISTD_H 1
| #define HAVE_STDLIB_H 1
| #define HAVE_STDARG_H 1
| #define HAVE_STRING_H 1
| #define HAVE_STRINGS_H 1
| #define HAVE_LIMITS_H 1
| /* end confdefs.h.  */
| #include <stdio.h>
| #if HAVE_SYS_TYPES_H
| # include <sys/types.h>
| #endif
| #if HAVE_SYS_STAT_H
| # include <sys/stat.h>
| #endif
| #if STDC_HEADERS
| # include <stdlib.h>
| # include <stddef.h>
| #else
| # if HAVE_STDLIB_H
| #  include <stdlib.h>
| # endif
| #endif
| #if HAVE_STRING_H
| # if !STDC_HEADERS && HAVE_MEMORY_H
| #  include <memory.h>
| # endif
| # include <string.h>
| #endif
| #if HAVE_STRINGS_H
| # include <strings.h>
| #endif
| #if HAVE_INTTYPES_H
| # include <inttypes.h>
| #else
| # if HAVE_STDINT_H
| #  include <stdint.h>
| # endif
| #endif
| #if HAVE_UNISTD_H
| # include <unistd.h>
| #endif
| #include <sys/ptem.h>
configure:4275: result: no
configure:4279: checking sys/ptem.h presence
configure:4290: mpicc -E  conftest.c
configure:4323:22: fatal error: sys/ptem.h: No such file or directory
compilation terminated.
configure:4296: $? = 1
configure: failed program was:
| #line 4281 "configure"
| /* confdefs.h.  */
| 
| #define PACKAGE_NAME "readline"
| #define PACKAGE_TARNAME "readline"
| #define PACKAGE_VERSION "5.0-rc1"
| #define PACKAGE_STRING "readline 5.0-rc1"
| #define PACKAGE_BUGREPORT "bug-readline@gnu.org"
| #define STDC_HEADERS 1
| #define HAVE_SYS_TYPES_H 1
| #define HAVE_SYS_STAT_H 1
| #define HAVE_STDLIB_H 1
| #define HAVE_STRING_H 1
| #define HAVE_MEMORY_H 1
| #define HAVE_STRINGS_H 1
| #define HAVE_INTTYPES_H 1
| #define HAVE_STDINT_H 1
| #define HAVE_UNISTD_H 1
| #define PROTOTYPES 1
| #define __PROTOTYPES 1
| #define RETSIGTYPE void
| #define STDC_HEADERS 1
| #define HAVE_DIRENT_H 1
| #define HAVE_LSTAT 1
| #define HAVE_MEMMOVE 1
| #define HAVE_PUTENV 1
| #define HAVE_SELECT 1
| #define HAVE_SETENV 1
| #define HAVE_SETLOCALE 1
| #define HAVE_STRCASECMP 1
| #define HAVE_STRPBRK 1
| #define HAVE_TCGETATTR 1
| #define HAVE_VSNPRINTF 1
| #define HAVE_ISASCII 1
| #define HAVE_ISXDIGIT 1
| #define HAVE_STRCOLL 1
| #define HAVE_UNISTD_H 1
| #define HAVE_STDLIB_H 1
| #define HAVE_STDARG_H 1
| #define HAVE_STRING_H 1
| #define HAVE_STRINGS_H 1
| #define HAVE_LIMITS_H 1
| /* end confdefs.h.  */
| #include <sys/ptem.h>
configure:4315: result: no
configure:4351: checking for sys/ptem.h
configure:4358: result: no
configure:4243: checking sys/pte.h usability
configure:4256: mpicc -c -g -O  conftest.c >&5
configure:4321:21: fatal error: sys/pte.h: No such file or directory
compilation terminated.
configure:4259: $? = 1
configure: failed program was:
| #line 4245 "configure"
| /* confdefs.h.  */
| 
| #define PACKAGE_NAME "readline"
| #define PACKAGE_TARNAME "readline"
| #define PACKAGE_VERSION "5.0-rc1"
| #define PACKAGE_STRING "readline 5.0-rc1"
| #define PACKAGE_BUGREPORT "bug-readline@gnu.org"
| #define STDC_HEADERS 1
| #define HAVE_SYS_TYPES_H 1
| #define HAVE_SYS_STAT_H 1
| #define HAVE_STDLIB_H 1
| #define HAVE_STRING_H 1
| #define HAVE_MEMORY_H 1
| #define HAVE_STRINGS_H 1
| #define HAVE_INTTYPES_H 1
| #define HAVE_STDINT_H 1
| #define HAVE_UNISTD_H 1
| #define PROTOTYPES 1
| #define __PROTOTYPES 1
| #define RETSIGTYPE void
| #define STDC_HEADERS 1
| #define HAVE_DIRENT_H 1
| #define HAVE_LSTAT 1
| #define HAVE_MEMMOVE 1
| #define HAVE_PUTENV 1
| #define HAVE_SELECT 1
| #define HAVE_SETENV 1
| #define HAVE_SETLOCALE 1
| #define HAVE_STRCASECMP 1
| #define HAVE_STRPBRK 1
| #define HAVE_TCGETATTR 1
| #define HAVE_VSNPRINTF 1
| #define HAVE_ISASCII 1
| #define HAVE_ISXDIGIT 1
| #define HAVE_STRCOLL 1
| #define HAVE_UNISTD_H 1
| #define HAVE_STDLIB_H 1
| #define HAVE_STDARG_H 1
| #define HAVE_STRING_H 1
| #define HAVE_STRINGS_H 1
| #define HAVE_LIMITS_H 1
| /* end confdefs.h.  */
| #include <stdio.h>
| #if HAVE_SYS_TYPES_H
| # include <sys/types.h>
| #endif
| #if HAVE_SYS_STAT_H
| # include <sys/stat.h>
| #endif
| #if STDC_HEADERS
| # include <stdlib.h>
| # include <stddef.h>
| #else
| # if HAVE_STDLIB_H
| #  include <stdlib.h>
| # endif
| #endif
| #if HAVE_STRING_H
| # if !STDC_HEADERS && HAVE_MEMORY_H
| #  include <memory.h>
| # endif
| # include <string.h>
| #endif
| #if HAVE_STRINGS_H
| # include <strings.h>
| #endif
| #if HAVE_INTTYPES_H
| # include <inttypes.h>
| #else
| # if HAVE_STDINT_H
| #  include <stdint.h>
| # endif
| #endif
| #if HAVE_UNISTD_H
| # include <unistd.h>
| #endif
| #include <sys/pte.h>
configure:4275: result: no
configure:4279: checking sys/pte.h presence
configure:4290: mpicc -E  conftest.c
configure:4323:21: fatal error: sys/pte.h: No such file or directory
compilation terminated.
configure:4296: $? = 1
configure: failed program was:
| #line 4281 "configure"
| /* confdefs.h.  */
| 
| #define PACKAGE_NAME "readline"
| #define PACKAGE_TARNAME "readline"
| #define PACKAGE_VERSION "5.0-rc1"
| #define PACKAGE_STRING "readline 5.0-rc1"
| #define PACKAGE_BUGREPORT "bug-readline@gnu.org"
| #define STDC_HEADERS 1
| #define HAVE_SYS_TYPES_H 1
| #define HAVE_SYS_STAT_H 1
| #define HAVE_STDLIB_H 1
| #define HAVE_STRING_H 1
| #define HAVE_MEMORY_H 1
| #define HAVE_STRINGS_H 1
| #define HAVE_INTTYPES_H 1
| #define HAVE_STDINT_H 1
| #define HAVE_UNISTD_H 1
| #define PROTOTYPES 1
| #define __PROTOTYPES 1
| #define RETSIGTYPE void
| #define STDC_HEADERS 1
| #define HAVE_DIRENT_H 1
| #define HAVE_LSTAT 1
| #define HAVE_MEMMOVE 1
| #define HAVE_PUTENV 1
| #define HAVE_SELECT 1
| #define HAVE_SETENV 1
| #define HAVE_SETLOCALE 1
| #define HAVE_STRCASECMP 1
| #define HAVE_STRPBRK 1
| #define HAVE_TCGETATTR 1
| #define HAVE_VSNPRINTF 1
| #define HAVE_ISASCII 1
| #define HAVE_ISXDIGIT 1
| #define HAVE_STRCOLL 1
| #define HAVE_UNISTD_H 1
| #define HAVE_STDLIB_H 1
| #define HAVE_STDARG_H 1
| #define HAVE_STRING_H 1
| #define HAVE_STRINGS_H 1
| #define HAVE_LIMITS_H 1
| /* end confdefs.h.  */
| #include <sys/pte.h>
configure:4315: result: no
configure:4351: checking for sys/pte.h
configure:4358: result: no
configure:4243: checking sys/stream.h usability
configure:4256: mpicc -c -g -O  conftest.c >&5
configure:4321:24: fatal error: sys/stream.h: No such file or directory
compilation terminated.
configure:4259: $? = 1
configure: failed program was:
| #line 4245 "configure"
| /* confdefs.h.  */
| 
| #define PACKAGE_NAME "readline"
| #define PACKAGE_TARNAME "readline"
| #define PACKAGE_VERSION "5.0-rc1"
| #define PACKAGE_STRING "readline 5.0-rc1"
| #define PACKAGE_BUGREPORT "bug-readline@gnu.org"
| #define STDC_HEADERS 1
| #define HAVE_SYS_TYPES_H 1
| #define HAVE_SYS_STAT_H 1
| #define HAVE_STDLIB_H 1
| #define HAVE_STRING_H 1
| #define HAVE_MEMORY_H 1
| #define HAVE_STRINGS_H 1
| #define HAVE_INTTYPES_H 1
| #define HAVE_STDINT_H 1
| #define HAVE_UNISTD_H 1
| #define PROTOTYPES 1
| #define __PROTOTYPES 1
| #define RETSIGTYPE void
| #define STDC_HEADERS 1
| #define HAVE_DIRENT_H 1
| #define HAVE_LSTAT 1
| #define HAVE_MEMMOVE 1
| #define HAVE_PUTENV 1
| #define HAVE_SELECT 1
| #define HAVE_SETENV 1
| #define HAVE_SETLOCALE 1
| #define HAVE_STRCASECMP 1
| #define HAVE_STRPBRK 1
| #define HAVE_TCGETATTR 1
| #define HAVE_VSNPRINTF 1
| #define HAVE_ISASCII 1
| #define HAVE_ISXDIGIT 1
| #define HAVE_STRCOLL 1
| #define HAVE_UNISTD_H 1
| #define HAVE_STDLIB_H 1
| #define HAVE_STDARG_H 1
| #define HAVE_STRING_H 1
| #define HAVE_STRINGS_H 1
| #define HAVE_LIMITS_H 1
| /* end confdefs.h.  */
| #include <stdio.h>
| #if HAVE_SYS_TYPES_H
| # include <sys/types.h>
| #endif
| #if HAVE_SYS_STAT_H
| # include <sys/stat.h>
| #endif
| #if STDC_HEADERS
| # include <stdlib.h>
| # include <stddef.h>
| #else
| # if HAVE_STDLIB_H
| #  include <stdlib.h>
| # endif
| #endif
| #if HAVE_STRING_H
| # if !STDC_HEADERS && HAVE_MEMORY_H
| #  include <memory.h>
| # endif
| # include <string.h>
| #endif
| #if HAVE_STRINGS_H
| # include <strings.h>
| #endif
| #if HAVE_INTTYPES_H
| # include <inttypes.h>
| #else
| # if HAVE_STDINT_H
| #  include <stdint.h>
| # endif
| #endif
| #if HAVE_UNISTD_H
| # include <unistd.h>
| #endif
| #include <sys/stream.h>
configure:4275: result: no
configure:4279: checking sys/stream.h presence
configure:4290: mpicc -E  conftest.c
configure:4323:24: fatal error: sys/stream.h: No such file or directory
compilation terminated.
configure:4296: $? = 1
configure: failed program was:
| #line 4281 "configure"
| /* confdefs.h.  */
| 
| #define PACKAGE_NAME "readline"
| #define PACKAGE_TARNAME "readline"
| #define PACKAGE_VERSION "5.0-rc1"
| #define PACKAGE_STRING "readline 5.0-rc1"
| #define PACKAGE_BUGREPORT "bug-readline@gnu.org"
| #define STDC_HEADERS 1
| #define HAVE_SYS_TYPES_H 1
| #define HAVE_SYS_STAT_H 1
| #define HAVE_STDLIB_H 1
| #define HAVE_STRING_H 1
| #define HAVE_MEMORY_H 1
| #define HAVE_STRINGS_H 1
| #define HAVE_INTTYPES_H 1
| #define HAVE_STDINT_H 1
| #define HAVE_UNISTD_H 1
| #define PROTOTYPES 1
| #define __PROTOTYPES 1
| #define RETSIGTYPE void
| #define STDC_HEADERS 1
| #define HAVE_DIRENT_H 1
| #define HAVE_LSTAT 1
| #define HAVE_MEMMOVE 1
| #define HAVE_PUTENV 1
| #define HAVE_SELECT 1
| #define HAVE_SETENV 1
| #define HAVE_SETLOCALE 1
| #define HAVE_STRCASECMP 1
| #define HAVE_STRPBRK 1
| #define HAVE_TCGETATTR 1
| #define HAVE_VSNPRINTF 1
| #define HAVE_ISASCII 1
| #define HAVE_ISXDIGIT 1
| #define HAVE_STRCOLL 1
| #define HAVE_UNISTD_H 1
| #define HAVE_STDLIB_H 1
| #define HAVE_STDARG_H 1
| #define HAVE_STRING_H 1
| #define HAVE_STRINGS_H 1
| #define HAVE_LIMITS_H 1
| /* end confdefs.h.  */
| #include <sys/stream.h>
configure:4315: result: no
configure:4351: checking for sys/stream.h
configure:4358: result: no
configure:4243: checking sys/select.h usability
configure:4256: mpicc -c -g -O  conftest.c >&5
configure:4259: $? = 0
configure:4262: test -s conftest.o
configure:4265: $? = 0
configure:4275: result: yes
configure:4279: checking sys/select.h presence
configure:4290: mpicc -E  conftest.c
configure:4296: $? = 0
configure:4315: result: yes
configure:4351: checking for sys/select.h
configure:4358: result: yes
configure:4243: checking termcap.h usability
configure:4256: mpicc -c -g -O  conftest.c >&5
configure:4322:21: fatal error: termcap.h: No such file or directory
compilation terminated.
configure:4259: $? = 1
configure: failed program was:
| #line 4245 "configure"
| /* confdefs.h.  */
| 
| #define PACKAGE_NAME "readline"
| #define PACKAGE_TARNAME "readline"
| #define PACKAGE_VERSION "5.0-rc1"
| #define PACKAGE_STRING "readline 5.0-rc1"
| #define PACKAGE_BUGREPORT "bug-readline@gnu.org"
| #define STDC_HEADERS 1
| #define HAVE_SYS_TYPES_H 1
| #define HAVE_SYS_STAT_H 1
| #define HAVE_STDLIB_H 1
| #define HAVE_STRING_H 1
| #define HAVE_MEMORY_H 1
| #define HAVE_STRINGS_H 1
| #define HAVE_INTTYPES_H 1
| #define HAVE_STDINT_H 1
| #define HAVE_UNISTD_H 1
| #define PROTOTYPES 1
| #define __PROTOTYPES 1
| #define RETSIGTYPE void
| #define STDC_HEADERS 1
| #define HAVE_DIRENT_H 1
| #define HAVE_LSTAT 1
| #define HAVE_MEMMOVE 1
| #define HAVE_PUTENV 1
| #define HAVE_SELECT 1
| #define HAVE_SETENV 1
| #define HAVE_SETLOCALE 1
| #define HAVE_STRCASECMP 1
| #define HAVE_STRPBRK 1
| #define HAVE_TCGETATTR 1
| #define HAVE_VSNPRINTF 1
| #define HAVE_ISASCII 1
| #define HAVE_ISXDIGIT 1
| #define HAVE_STRCOLL 1
| #define HAVE_UNISTD_H 1
| #define HAVE_STDLIB_H 1
| #define HAVE_STDARG_H 1
| #define HAVE_STRING_H 1
| #define HAVE_STRINGS_H 1
| #define HAVE_LIMITS_H 1
| #define HAVE_SYS_SELECT_H 1
| /* end confdefs.h.  */
| #include <stdio.h>
| #if HAVE_SYS_TYPES_H
| # include <sys/types.h>
| #endif
| #if HAVE_SYS_STAT_H
| # include <sys/stat.h>
| #endif
| #if STDC_HEADERS
| # include <stdlib.h>
| # include <stddef.h>
| #else
| # if HAVE_STDLIB_H
| #  include <stdlib.h>
| # endif
| #endif
| #if HAVE_STRING_H
| # if !STDC_HEADERS && HAVE_MEMORY_H
| #  include <memory.h>
| # endif
| # include <string.h>
| #endif
| #if HAVE_STRINGS_H
| # include <strings.h>
| #endif
| #if HAVE_INTTYPES_H
| # include <inttypes.h>
| #else
| # if HAVE_STDINT_H
| #  include <stdint.h>
| # endif
| #endif
| #if HAVE_UNISTD_H
| # include <unistd.h>
| #endif
| #include <termcap.h>
configure:4275: result: no
configure:4279: checking termcap.h presence
configure:4290: mpicc -E  conftest.c
configure:4324:21: fatal error: termcap.h: No such file or directory
compilation terminated.
configure:4296: $? = 1
configure: failed program was:
| #line 4281 "configure"
| /* confdefs.h.  */
| 
| #define PACKAGE_NAME "readline"
| #define PACKAGE_TARNAME "readline"
| #define PACKAGE_VERSION "5.0-rc1"
| #define PACKAGE_STRING "readline 5.0-rc1"
| #define PACKAGE_BUGREPORT "bug-readline@gnu.org"
| #define STDC_HEADERS 1
| #define HAVE_SYS_TYPES_H 1
| #define HAVE_SYS_STAT_H 1
| #define HAVE_STDLIB_H 1
| #define HAVE_STRING_H 1
| #define HAVE_MEMORY_H 1
| #define HAVE_STRINGS_H 1
| #define HAVE_INTTYPES_H 1
| #define HAVE_STDINT_H 1
| #define HAVE_UNISTD_H 1
| #define PROTOTYPES 1
| #define __PROTOTYPES 1
| #define RETSIGTYPE void
| #define STDC_HEADERS 1
| #define HAVE_DIRENT_H 1
| #define HAVE_LSTAT 1
| #define HAVE_MEMMOVE 1
| #define HAVE_PUTENV 1
| #define HAVE_SELECT 1
| #define HAVE_SETENV 1
| #define HAVE_SETLOCALE 1
| #define HAVE_STRCASECMP 1
| #define HAVE_STRPBRK 1
| #define HAVE_TCGETATTR 1
| #define HAVE_VSNPRINTF 1
| #define HAVE_ISASCII 1
| #define HAVE_ISXDIGIT 1
| #define HAVE_STRCOLL 1
| #define HAVE_UNISTD_H 1
| #define HAVE_STDLIB_H 1
| #define HAVE_STDARG_H 1
| #define HAVE_STRING_H 1
| #define HAVE_STRINGS_H 1
| #define HAVE_LIMITS_H 1
| #define HAVE_SYS_SELECT_H 1
| /* end confdefs.h.  */
| #include <termcap.h>
configure:4315: result: no
configure:4351: checking for termcap.h
configure:4358: result: no
configure:4243: checking termios.h usability
configure:4256: mpicc -c -g -O  conftest.c >&5
configure:4259: $? = 0
configure:4262: test -s conftest.o
configure:4265: $? = 0
configure:4275: result: yes
configure:4279: checking termios.h presence
configure:4290: mpicc -E  conftest.c
configure:4296: $? = 0
configure:4315: result: yes
configure:4351: checking for termios.h
configure:4358: result: yes
configure:4243: checking termio.h usability
configure:4256: mpicc -c -g -O  conftest.c >&5
configure:4259: $? = 0
configure:4262: test -s conftest.o
configure:4265: $? = 0
configure:4275: result: yes
configure:4279: checking termio.h presence
configure:4290: mpicc -E  conftest.c
configure:4296: $? = 0
configure:4315: result: yes
configure:4351: checking for termio.h
configure:4358: result: yes
configure:4243: checking sys/file.h usability
configure:4256: mpicc -c -g -O  conftest.c >&5
configure:4259: $? = 0
configure:4262: test -s conftest.o
configure:4265: $? = 0
configure:4275: result: yes
configure:4279: checking sys/file.h presence
configure:4290: mpicc -E  conftest.c
configure:4296: $? = 0
configure:4315: result: yes
configure:4351: checking for sys/file.h
configure:4358: result: yes
configure:4243: checking locale.h usability
configure:4256: mpicc -c -g -O  conftest.c >&5
configure:4259: $? = 0
configure:4262: test -s conftest.o
configure:4265: $? = 0
configure:4275: result: yes
configure:4279: checking locale.h presence
configure:4290: mpicc -E  conftest.c
configure:4296: $? = 0
configure:4315: result: yes
configure:4351: checking for locale.h
configure:4358: result: yes
configure:4234: checking for memory.h
configure:4239: result: yes
configure:4373: checking for type of signal functions
configure:4402: mpicc -o conftest -g -O   conftest.c  >&5
configure:4405: $? = 0
configure:4408: test -s conftest
configure:4411: $? = 0
configure:4508: result: posix
configure:4529: checking if signal handlers must be reinstalled when invoked
configure:4593: mpicc -o conftest -g -O   conftest.c  >&5
configure: In function 'main':
configure:4630:2: warning: incompatible implicit declaration of built-in function 'exit' [enabled by default]
configure:4596: $? = 0
configure:4598: ./conftest
configure:4601: $? = 0
configure:4616: result: no
configure:4627: checking for presence of POSIX-style sigsetjmp/siglongjmp
configure:4685: mpicc -o conftest -g -O   conftest.c  >&5
configure: In function 'main':
configure:4714:3: warning: incompatible implicit declaration of built-in function 'exit' [enabled by default]
configure:4688: $? = 0
configure:4690: ./conftest
configure:4693: $? = 0
configure:4708: result: present
configure:4717: checking for lstat
configure:4742: mpicc -o conftest -g -O   conftest.c  >&5
configure:4745: $? = 0
configure:4748: test -s conftest
configure:4751: $? = 0
configure:4762: result: yes
configure:4772: checking whether or not strcoll and strcmp differ
configure:4828: mpicc -o conftest -g -O   conftest.c  >&5
configure: In function 'main':
configure:4867:2: warning: incompatible implicit declaration of built-in function 'exit' [enabled by default]
configure:4831: $? = 0
configure:4833: ./conftest
configure:4836: $? = 1
configure: program exited with status 1
configure: failed program was:
| #line 4783 "configure"
| /* confdefs.h.  */
| 
| #define PACKAGE_NAME "readline"
| #define PACKAGE_TARNAME "readline"
| #define PACKAGE_VERSION "5.0-rc1"
| #define PACKAGE_STRING "readline 5.0-rc1"
| #define PACKAGE_BUGREPORT "bug-readline@gnu.org"
| #define STDC_HEADERS 1
| #define HAVE_SYS_TYPES_H 1
| #define HAVE_SYS_STAT_H 1
| #define HAVE_STDLIB_H 1
| #define HAVE_STRING_H 1
| #define HAVE_MEMORY_H 1
| #define HAVE_STRINGS_H 1
| #define HAVE_INTTYPES_H 1
| #define HAVE_STDINT_H 1
| #define HAVE_UNISTD_H 1
| #define PROTOTYPES 1
| #define __PROTOTYPES 1
| #define RETSIGTYPE void
| #define STDC_HEADERS 1
| #define HAVE_DIRENT_H 1
| #define HAVE_LSTAT 1
| #define HAVE_MEMMOVE 1
| #define HAVE_PUTENV 1
| #define HAVE_SELECT 1
| #define HAVE_SETENV 1
| #define HAVE_SETLOCALE 1
| #define HAVE_STRCASECMP 1
| #define HAVE_STRPBRK 1
| #define HAVE_TCGETATTR 1
| #define HAVE_VSNPRINTF 1
| #define HAVE_ISASCII 1
| #define HAVE_ISXDIGIT 1
| #define HAVE_STRCOLL 1
| #define HAVE_UNISTD_H 1
| #define HAVE_STDLIB_H 1
| #define HAVE_STDARG_H 1
| #define HAVE_STRING_H 1
| #define HAVE_STRINGS_H 1
| #define HAVE_LIMITS_H 1
| #define HAVE_SYS_SELECT_H 1
| #define HAVE_TERMIOS_H 1
| #define HAVE_TERMIO_H 1
| #define HAVE_SYS_FILE_H 1
| #define HAVE_LOCALE_H 1
| #define HAVE_MEMORY_H 1
| #define HAVE_POSIX_SIGNALS 1
| #define HAVE_POSIX_SIGSETJMP 1
| #define HAVE_LSTAT 1
| /* end confdefs.h.  */
| 
| #include <stdio.h>
| #if defined (HAVE_LOCALE_H)
| #include <locale.h>
| #endif
| 
| main(c, v)
| int     c;
| char    *v[];
| {
|         int     r1, r2;
|         char    *deflocale, *defcoll;
| 
| #ifdef HAVE_SETLOCALE
|         deflocale = setlocale(LC_ALL, "");
| 	defcoll = setlocale(LC_COLLATE, "");
| #endif
| 
| #ifdef HAVE_STRCOLL
| 	/* These two values are taken from tests/glob-test. */
|         r1 = strcoll("abd", "aXd");
| #else
| 	r1 = 0;
| #endif
|         r2 = strcmp("abd", "aXd");
| 
| 	/* These two should both be greater than 0.  It is permissible for
| 	   a system to return different values, as long as the sign is the
| 	   same. */
| 
|         /* Exit with 1 (failure) if these two values are both > 0, since
| 	   this tests whether strcoll(3) is broken with respect to strcmp(3)
| 	   in the default locale. */
| 	exit (r1 > 0 && r2 > 0);
| }
| 
configure:4851: result: no
configure:4861: checking whether the ctype macros accept non-ascii characters
configure:4912: mpicc -o conftest -g -O   conftest.c  >&5
configure: In function 'main':
configure:4951:2: warning: incompatible implicit declaration of built-in function 'exit' [enabled by default]
configure:4915: $? = 0
configure:4917: ./conftest
configure:4920: $? = 0
configure:4935: result: yes
configure:4945: checking whether getpw functions are declared in pwd.h
configure:4975: result: yes
configure:4985: checking whether termios.h defines TIOCGWINSZ
configure:5013: result: no
configure:5017: checking whether sys/ioctl.h defines TIOCGWINSZ
configure:5045: result: yes
configure:5058: checking whether signal handlers are of type void
configure:5088: mpicc -c -g -O  conftest.c >&5
configure:5091: $? = 0
configure:5094: test -s conftest.o
configure:5097: $? = 0
configure:5108: result: yes
configure:5117: checking for TIOCSTAT in sys/ioctl.h
configure:5140: mpicc -c -g -O  conftest.c >&5
configure: In function 'main':
configure:5182:9: error: 'TIOCSTAT' undeclared (first use in this function)
configure:5182:9: note: each undeclared identifier is reported only once for each function it appears in
configure:5143: $? = 1
configure: failed program was:
| #line 5122 "configure"
| /* confdefs.h.  */
| 
| #define PACKAGE_NAME "readline"
| #define PACKAGE_TARNAME "readline"
| #define PACKAGE_VERSION "5.0-rc1"
| #define PACKAGE_STRING "readline 5.0-rc1"
| #define PACKAGE_BUGREPORT "bug-readline@gnu.org"
| #define STDC_HEADERS 1
| #define HAVE_SYS_TYPES_H 1
| #define HAVE_SYS_STAT_H 1
| #define HAVE_STDLIB_H 1
| #define HAVE_STRING_H 1
| #define HAVE_MEMORY_H 1
| #define HAVE_STRINGS_H 1
| #define HAVE_INTTYPES_H 1
| #define HAVE_STDINT_H 1
| #define HAVE_UNISTD_H 1
| #define PROTOTYPES 1
| #define __PROTOTYPES 1
| #define RETSIGTYPE void
| #define STDC_HEADERS 1
| #define HAVE_DIRENT_H 1
| #define HAVE_LSTAT 1
| #define HAVE_MEMMOVE 1
| #define HAVE_PUTENV 1
| #define HAVE_SELECT 1
| #define HAVE_SETENV 1
| #define HAVE_SETLOCALE 1
| #define HAVE_STRCASECMP 1
| #define HAVE_STRPBRK 1
| #define HAVE_TCGETATTR 1
| #define HAVE_VSNPRINTF 1
| #define HAVE_ISASCII 1
| #define HAVE_ISXDIGIT 1
| #define HAVE_STRCOLL 1
| #define HAVE_UNISTD_H 1
| #define HAVE_STDLIB_H 1
| #define HAVE_STDARG_H 1
| #define HAVE_STRING_H 1
| #define HAVE_STRINGS_H 1
| #define HAVE_LIMITS_H 1
| #define HAVE_SYS_SELECT_H 1
| #define HAVE_TERMIOS_H 1
| #define HAVE_TERMIO_H 1
| #define HAVE_SYS_FILE_H 1
| #define HAVE_LOCALE_H 1
| #define HAVE_MEMORY_H 1
| #define HAVE_POSIX_SIGNALS 1
| #define HAVE_POSIX_SIGSETJMP 1
| #define HAVE_LSTAT 1
| #define CTYPE_NON_ASCII 1
| #define HAVE_GETPW_DECLS 1
| #define GWINSZ_IN_SYS_IOCTL 1
| #define VOID_SIGHANDLER 1
| /* end confdefs.h.  */
| #include <sys/types.h>
| #include <sys/ioctl.h>
| int
| main ()
| {
| int x = TIOCSTAT;
|   ;
|   return 0;
| }
configure:5161: result: no
configure:5170: checking for FIONREAD in sys/ioctl.h
configure:5193: mpicc -c -g -O  conftest.c >&5
configure:5196: $? = 0
configure:5199: test -s conftest.o
configure:5202: $? = 0
configure:5214: result: yes
configure:5223: checking for speed_t in sys/types.h
configure:5245: mpicc -c -g -O  conftest.c >&5
configure: In function 'main':
configure:5288:1: error: unknown type name 'speed_t'
configure:5248: $? = 1
configure: failed program was:
| #line 5228 "configure"
| /* confdefs.h.  */
| 
| #define PACKAGE_NAME "readline"
| #define PACKAGE_TARNAME "readline"
| #define PACKAGE_VERSION "5.0-rc1"
| #define PACKAGE_STRING "readline 5.0-rc1"
| #define PACKAGE_BUGREPORT "bug-readline@gnu.org"
| #define STDC_HEADERS 1
| #define HAVE_SYS_TYPES_H 1
| #define HAVE_SYS_STAT_H 1
| #define HAVE_STDLIB_H 1
| #define HAVE_STRING_H 1
| #define HAVE_MEMORY_H 1
| #define HAVE_STRINGS_H 1
| #define HAVE_INTTYPES_H 1
| #define HAVE_STDINT_H 1
| #define HAVE_UNISTD_H 1
| #define PROTOTYPES 1
| #define __PROTOTYPES 1
| #define RETSIGTYPE void
| #define STDC_HEADERS 1
| #define HAVE_DIRENT_H 1
| #define HAVE_LSTAT 1
| #define HAVE_MEMMOVE 1
| #define HAVE_PUTENV 1
| #define HAVE_SELECT 1
| #define HAVE_SETENV 1
| #define HAVE_SETLOCALE 1
| #define HAVE_STRCASECMP 1
| #define HAVE_STRPBRK 1
| #define HAVE_TCGETATTR 1
| #define HAVE_VSNPRINTF 1
| #define HAVE_ISASCII 1
| #define HAVE_ISXDIGIT 1
| #define HAVE_STRCOLL 1
| #define HAVE_UNISTD_H 1
| #define HAVE_STDLIB_H 1
| #define HAVE_STDARG_H 1
| #define HAVE_STRING_H 1
| #define HAVE_STRINGS_H 1
| #define HAVE_LIMITS_H 1
| #define HAVE_SYS_SELECT_H 1
| #define HAVE_TERMIOS_H 1
| #define HAVE_TERMIO_H 1
| #define HAVE_SYS_FILE_H 1
| #define HAVE_LOCALE_H 1
| #define HAVE_MEMORY_H 1
| #define HAVE_POSIX_SIGNALS 1
| #define HAVE_POSIX_SIGSETJMP 1
| #define HAVE_LSTAT 1
| #define CTYPE_NON_ASCII 1
| #define HAVE_GETPW_DECLS 1
| #define GWINSZ_IN_SYS_IOCTL 1
| #define VOID_SIGHANDLER 1
| #define FIONREAD_IN_SYS_IOCTL 1
| /* end confdefs.h.  */
| #include <sys/types.h>
| int
| main ()
| {
| speed_t x;
|   ;
|   return 0;
| }
configure:5266: result: no
configure:5275: checking for struct winsize in sys/ioctl.h and termios.h
configure:5298: mpicc -c -g -O  conftest.c >&5
configure:5301: $? = 0
configure:5304: test -s conftest.o
configure:5307: $? = 0
configure:5357: result: sys/ioctl.h
configure:5376: checking for struct dirent.d_ino
configure:5420: mpicc -c -g -O  conftest.c >&5
configure:5423: $? = 0
configure:5426: test -s conftest.o
configure:5429: $? = 0
configure:5441: result: yes
configure:5451: checking for struct dirent.d_fileno
configure:5495: mpicc -c -g -O  conftest.c >&5
configure:5498: $? = 0
configure:5501: test -s conftest.o
configure:5504: $? = 0
configure:5516: result: yes
configure:5540: checking for tgetent
configure:5590: mpicc -o conftest -g -O   conftest.c  >&5
/tmp/ccTzPpwa.o: In function `main':
/home/jixi7887/progs/jy/PROGRAMS.330/readline-5.0/configure:5636: undefined reference to `tgetent'
/tmp/ccTzPpwa.o:(.data+0x0): undefined reference to `tgetent'
collect2: error: ld returned 1 exit status
configure:5593: $? = 1
configure: failed program was:
| #line 5545 "configure"
| /* confdefs.h.  */
| 
| #define PACKAGE_NAME "readline"
| #define PACKAGE_TARNAME "readline"
| #define PACKAGE_VERSION "5.0-rc1"
| #define PACKAGE_STRING "readline 5.0-rc1"
| #define PACKAGE_BUGREPORT "bug-readline@gnu.org"
| #define STDC_HEADERS 1
| #define HAVE_SYS_TYPES_H 1
| #define HAVE_SYS_STAT_H 1
| #define HAVE_STDLIB_H 1
| #define HAVE_STRING_H 1
| #define HAVE_MEMORY_H 1
| #define HAVE_STRINGS_H 1
| #define HAVE_INTTYPES_H 1
| #define HAVE_STDINT_H 1
| #define HAVE_UNISTD_H 1
| #define PROTOTYPES 1
| #define __PROTOTYPES 1
| #define RETSIGTYPE void
| #define STDC_HEADERS 1
| #define HAVE_DIRENT_H 1
| #define HAVE_LSTAT 1
| #define HAVE_MEMMOVE 1
| #define HAVE_PUTENV 1
| #define HAVE_SELECT 1
| #define HAVE_SETENV 1
| #define HAVE_SETLOCALE 1
| #define HAVE_STRCASECMP 1
| #define HAVE_STRPBRK 1
| #define HAVE_TCGETATTR 1
| #define HAVE_VSNPRINTF 1
| #define HAVE_ISASCII 1
| #define HAVE_ISXDIGIT 1
| #define HAVE_STRCOLL 1
| #define HAVE_UNISTD_H 1
| #define HAVE_STDLIB_H 1
| #define HAVE_STDARG_H 1
| #define HAVE_STRING_H 1
| #define HAVE_STRINGS_H 1
| #define HAVE_LIMITS_H 1
| #define HAVE_SYS_SELECT_H 1
| #define HAVE_TERMIOS_H 1
| #define HAVE_TERMIO_H 1
| #define HAVE_SYS_FILE_H 1
| #define HAVE_LOCALE_H 1
| #define HAVE_MEMORY_H 1
| #define HAVE_POSIX_SIGNALS 1
| #define HAVE_POSIX_SIGSETJMP 1
| #define HAVE_LSTAT 1
| #define CTYPE_NON_ASCII 1
| #define HAVE_GETPW_DECLS 1
| #define GWINSZ_IN_SYS_IOCTL 1
| #define VOID_SIGHANDLER 1
| #define FIONREAD_IN_SYS_IOCTL 1
| #define STRUCT_WINSIZE_IN_SYS_IOCTL 1
| #define HAVE_STRUCT_DIRENT_D_INO 1
| #define HAVE_STRUCT_DIRENT_D_FILENO 1
| /* end confdefs.h.  */
| /* System header to define __stub macros and hopefully few prototypes,
|     which can conflict with char tgetent (); below.
|     Prefer <limits.h> to <assert.h> if __STDC__ is defined, since
|     <limits.h> exists even on freestanding compilers.  */
| #ifdef __STDC__
| # include <limits.h>
| #else
| # include <assert.h>
| #endif
| /* Override any gcc2 internal prototype to avoid an error.  */
| #ifdef __cplusplus
| extern "C"
| {
| #endif
| /* We use char because int might match the return type of a gcc2
|    builtin and then its argument prototype would still apply.  */
| char tgetent ();
| /* The GNU C library defines this for functions which it implements
|     to always fail with ENOSYS.  Some functions are actually named
|     something starting with __ and the normal name is an alias.  */
| #if defined (__stub_tgetent) || defined (__stub___tgetent)
| choke me
| #else
| char (*f) () = tgetent;
| #endif
| #ifdef __cplusplus
| }
| #endif
| 
| int
| main ()
| {
| return f != tgetent;
|   ;
|   return 0;
| }
configure:5610: result: no
configure:5615: checking for tgetent in -ltermcap
configure:5646: mpicc -o conftest -g -O   conftest.c -ltermcap   >&5
/usr/bin/ld: cannot find -ltermcap
collect2: error: ld returned 1 exit status
configure:5649: $? = 1
configure: failed program was:
| #line 5622 "configure"
| /* confdefs.h.  */
| 
| #define PACKAGE_NAME "readline"
| #define PACKAGE_TARNAME "readline"
| #define PACKAGE_VERSION "5.0-rc1"
| #define PACKAGE_STRING "readline 5.0-rc1"
| #define PACKAGE_BUGREPORT "bug-readline@gnu.org"
| #define STDC_HEADERS 1
| #define HAVE_SYS_TYPES_H 1
| #define HAVE_SYS_STAT_H 1
| #define HAVE_STDLIB_H 1
| #define HAVE_STRING_H 1
| #define HAVE_MEMORY_H 1
| #define HAVE_STRINGS_H 1
| #define HAVE_INTTYPES_H 1
| #define HAVE_STDINT_H 1
| #define HAVE_UNISTD_H 1
| #define PROTOTYPES 1
| #define __PROTOTYPES 1
| #define RETSIGTYPE void
| #define STDC_HEADERS 1
| #define HAVE_DIRENT_H 1
| #define HAVE_LSTAT 1
| #define HAVE_MEMMOVE 1
| #define HAVE_PUTENV 1
| #define HAVE_SELECT 1
| #define HAVE_SETENV 1
| #define HAVE_SETLOCALE 1
| #define HAVE_STRCASECMP 1
| #define HAVE_STRPBRK 1
| #define HAVE_TCGETATTR 1
| #define HAVE_VSNPRINTF 1
| #define HAVE_ISASCII 1
| #define HAVE_ISXDIGIT 1
| #define HAVE_STRCOLL 1
| #define HAVE_UNISTD_H 1
| #define HAVE_STDLIB_H 1
| #define HAVE_STDARG_H 1
| #define HAVE_STRING_H 1
| #define HAVE_STRINGS_H 1
| #define HAVE_LIMITS_H 1
| #define HAVE_SYS_SELECT_H 1
| #define HAVE_TERMIOS_H 1
| #define HAVE_TERMIO_H 1
| #define HAVE_SYS_FILE_H 1
| #define HAVE_LOCALE_H 1
| #define HAVE_MEMORY_H 1
| #define HAVE_POSIX_SIGNALS 1
| #define HAVE_POSIX_SIGSETJMP 1
| #define HAVE_LSTAT 1
| #define CTYPE_NON_ASCII 1
| #define HAVE_GETPW_DECLS 1
| #define GWINSZ_IN_SYS_IOCTL 1
| #define VOID_SIGHANDLER 1
| #define FIONREAD_IN_SYS_IOCTL 1
| #define STRUCT_WINSIZE_IN_SYS_IOCTL 1
| #define HAVE_STRUCT_DIRENT_D_INO 1
| #define HAVE_STRUCT_DIRENT_D_FILENO 1
| /* end confdefs.h.  */
| 
| /* Override any gcc2 internal prototype to avoid an error.  */
| #ifdef __cplusplus
| extern "C"
| #endif
| /* We use char because int might match the return type of a gcc2
|    builtin and then its argument prototype would still apply.  */
| char tgetent ();
| int
| main ()
| {
| tgetent ();
|   ;
|   return 0;
| }
configure:5667: result: no
configure:5672: checking for tgetent in -ltinfo
configure:5703: mpicc -o conftest -g -O   conftest.c -ltinfo   >&5
/usr/bin/ld: cannot find -ltinfo
collect2: error: ld returned 1 exit status
configure:5706: $? = 1
configure: failed program was:
| #line 5679 "configure"
| /* confdefs.h.  */
| 
| #define PACKAGE_NAME "readline"
| #define PACKAGE_TARNAME "readline"
| #define PACKAGE_VERSION "5.0-rc1"
| #define PACKAGE_STRING "readline 5.0-rc1"
| #define PACKAGE_BUGREPORT "bug-readline@gnu.org"
| #define STDC_HEADERS 1
| #define HAVE_SYS_TYPES_H 1
| #define HAVE_SYS_STAT_H 1
| #define HAVE_STDLIB_H 1
| #define HAVE_STRING_H 1
| #define HAVE_MEMORY_H 1
| #define HAVE_STRINGS_H 1
| #define HAVE_INTTYPES_H 1
| #define HAVE_STDINT_H 1
| #define HAVE_UNISTD_H 1
| #define PROTOTYPES 1
| #define __PROTOTYPES 1
| #define RETSIGTYPE void
| #define STDC_HEADERS 1
| #define HAVE_DIRENT_H 1
| #define HAVE_LSTAT 1
| #define HAVE_MEMMOVE 1
| #define HAVE_PUTENV 1
| #define HAVE_SELECT 1
| #define HAVE_SETENV 1
| #define HAVE_SETLOCALE 1
| #define HAVE_STRCASECMP 1
| #define HAVE_STRPBRK 1
| #define HAVE_TCGETATTR 1
| #define HAVE_VSNPRINTF 1
| #define HAVE_ISASCII 1
| #define HAVE_ISXDIGIT 1
| #define HAVE_STRCOLL 1
| #define HAVE_UNISTD_H 1
| #define HAVE_STDLIB_H 1
| #define HAVE_STDARG_H 1
| #define HAVE_STRING_H 1
| #define HAVE_STRINGS_H 1
| #define HAVE_LIMITS_H 1
| #define HAVE_SYS_SELECT_H 1
| #define HAVE_TERMIOS_H 1
| #define HAVE_TERMIO_H 1
| #define HAVE_SYS_FILE_H 1
| #define HAVE_LOCALE_H 1
| #define HAVE_MEMORY_H 1
| #define HAVE_POSIX_SIGNALS 1
| #define HAVE_POSIX_SIGSETJMP 1
| #define HAVE_LSTAT 1
| #define CTYPE_NON_ASCII 1
| #define HAVE_GETPW_DECLS 1
| #define GWINSZ_IN_SYS_IOCTL 1
| #define VOID_SIGHANDLER 1
| #define FIONREAD_IN_SYS_IOCTL 1
| #define STRUCT_WINSIZE_IN_SYS_IOCTL 1
| #define HAVE_STRUCT_DIRENT_D_INO 1
| #define HAVE_STRUCT_DIRENT_D_FILENO 1
| /* end confdefs.h.  */
| 
| /* Override any gcc2 internal prototype to avoid an error.  */
| #ifdef __cplusplus
| extern "C"
| #endif
| /* We use char because int might match the return type of a gcc2
|    builtin and then its argument prototype would still apply.  */
| char tgetent ();
| int
| main ()
| {
| tgetent ();
|   ;
|   return 0;
| }
configure:5724: result: no
configure:5729: checking for tgetent in -lcurses
configure:5760: mpicc -o conftest -g -O   conftest.c -lcurses   >&5
/usr/bin/ld: cannot find -lcurses
collect2: error: ld returned 1 exit status
configure:5763: $? = 1
configure: failed program was:
| #line 5736 "configure"
| /* confdefs.h.  */
| 
| #define PACKAGE_NAME "readline"
| #define PACKAGE_TARNAME "readline"
| #define PACKAGE_VERSION "5.0-rc1"
| #define PACKAGE_STRING "readline 5.0-rc1"
| #define PACKAGE_BUGREPORT "bug-readline@gnu.org"
| #define STDC_HEADERS 1
| #define HAVE_SYS_TYPES_H 1
| #define HAVE_SYS_STAT_H 1
| #define HAVE_STDLIB_H 1
| #define HAVE_STRING_H 1
| #define HAVE_MEMORY_H 1
| #define HAVE_STRINGS_H 1
| #define HAVE_INTTYPES_H 1
| #define HAVE_STDINT_H 1
| #define HAVE_UNISTD_H 1
| #define PROTOTYPES 1
| #define __PROTOTYPES 1
| #define RETSIGTYPE void
| #define STDC_HEADERS 1
| #define HAVE_DIRENT_H 1
| #define HAVE_LSTAT 1
| #define HAVE_MEMMOVE 1
| #define HAVE_PUTENV 1
| #define HAVE_SELECT 1
| #define HAVE_SETENV 1
| #define HAVE_SETLOCALE 1
| #define HAVE_STRCASECMP 1
| #define HAVE_STRPBRK 1
| #define HAVE_TCGETATTR 1
| #define HAVE_VSNPRINTF 1
| #define HAVE_ISASCII 1
| #define HAVE_ISXDIGIT 1
| #define HAVE_STRCOLL 1
| #define HAVE_UNISTD_H 1
| #define HAVE_STDLIB_H 1
| #define HAVE_STDARG_H 1
| #define HAVE_STRING_H 1
| #define HAVE_STRINGS_H 1
| #define HAVE_LIMITS_H 1
| #define HAVE_SYS_SELECT_H 1
| #define HAVE_TERMIOS_H 1
| #define HAVE_TERMIO_H 1
| #define HAVE_SYS_FILE_H 1
| #define HAVE_LOCALE_H 1
| #define HAVE_MEMORY_H 1
| #define HAVE_POSIX_SIGNALS 1
| #define HAVE_POSIX_SIGSETJMP 1
| #define HAVE_LSTAT 1
| #define CTYPE_NON_ASCII 1
| #define HAVE_GETPW_DECLS 1
| #define GWINSZ_IN_SYS_IOCTL 1
| #define VOID_SIGHANDLER 1
| #define FIONREAD_IN_SYS_IOCTL 1
| #define STRUCT_WINSIZE_IN_SYS_IOCTL 1
| #define HAVE_STRUCT_DIRENT_D_INO 1
| #define HAVE_STRUCT_DIRENT_D_FILENO 1
| /* end confdefs.h.  */
| 
| /* Override any gcc2 internal prototype to avoid an error.  */
| #ifdef __cplusplus
| extern "C"
| #endif
| /* We use char because int might match the return type of a gcc2
|    builtin and then its argument prototype would still apply.  */
| char tgetent ();
| int
| main ()
| {
| tgetent ();
|   ;
|   return 0;
| }
configure:5781: result: no
configure:5786: checking for tgetent in -lncurses
configure:5817: mpicc -o conftest -g -O   conftest.c -lncurses   >&5
/usr/bin/ld: cannot find -lncurses
collect2: error: ld returned 1 exit status
configure:5820: $? = 1
configure: failed program was:
| #line 5793 "configure"
| /* confdefs.h.  */
| 
| #define PACKAGE_NAME "readline"
| #define PACKAGE_TARNAME "readline"
| #define PACKAGE_VERSION "5.0-rc1"
| #define PACKAGE_STRING "readline 5.0-rc1"
| #define PACKAGE_BUGREPORT "bug-readline@gnu.org"
| #define STDC_HEADERS 1
| #define HAVE_SYS_TYPES_H 1
| #define HAVE_SYS_STAT_H 1
| #define HAVE_STDLIB_H 1
| #define HAVE_STRING_H 1
| #define HAVE_MEMORY_H 1
| #define HAVE_STRINGS_H 1
| #define HAVE_INTTYPES_H 1
| #define HAVE_STDINT_H 1
| #define HAVE_UNISTD_H 1
| #define PROTOTYPES 1
| #define __PROTOTYPES 1
| #define RETSIGTYPE void
| #define STDC_HEADERS 1
| #define HAVE_DIRENT_H 1
| #define HAVE_LSTAT 1
| #define HAVE_MEMMOVE 1
| #define HAVE_PUTENV 1
| #define HAVE_SELECT 1
| #define HAVE_SETENV 1
| #define HAVE_SETLOCALE 1
| #define HAVE_STRCASECMP 1
| #define HAVE_STRPBRK 1
| #define HAVE_TCGETATTR 1
| #define HAVE_VSNPRINTF 1
| #define HAVE_ISASCII 1
| #define HAVE_ISXDIGIT 1
| #define HAVE_STRCOLL 1
| #define HAVE_UNISTD_H 1
| #define HAVE_STDLIB_H 1
| #define HAVE_STDARG_H 1
| #define HAVE_STRING_H 1
| #define HAVE_STRINGS_H 1
| #define HAVE_LIMITS_H 1
| #define HAVE_SYS_SELECT_H 1
| #define HAVE_TERMIOS_H 1
| #define HAVE_TERMIO_H 1
| #define HAVE_SYS_FILE_H 1
| #define HAVE_LOCALE_H 1
| #define HAVE_MEMORY_H 1
| #define HAVE_POSIX_SIGNALS 1
| #define HAVE_POSIX_SIGSETJMP 1
| #define HAVE_LSTAT 1
| #define CTYPE_NON_ASCII 1
| #define HAVE_GETPW_DECLS 1
| #define GWINSZ_IN_SYS_IOCTL 1
| #define VOID_SIGHANDLER 1
| #define FIONREAD_IN_SYS_IOCTL 1
| #define STRUCT_WINSIZE_IN_SYS_IOCTL 1
| #define HAVE_STRUCT_DIRENT_D_INO 1
| #define HAVE_STRUCT_DIRENT_D_FILENO 1
| /* end confdefs.h.  */
| 
| /* Override any gcc2 internal prototype to avoid an error.  */
| #ifdef __cplusplus
| extern "C"
| #endif
| /* We use char because int might match the return type of a gcc2
|    builtin and then its argument prototype would still apply.  */
| char tgetent ();
| int
| main ()
| {
| tgetent ();
|   ;
|   return 0;
| }
configure:5838: result: no
configure:5857: checking which library has the termcap functions
configure:5860: result: using gnutermcap
configure:5906: checking wctype.h usability
configure:5919: mpicc -c -g -O  conftest.c >&5
configure:5922: $? = 0
configure:5925: test -s conftest.o
configure:5928: $? = 0
configure:5938: result: yes
configure:5942: checking wctype.h presence
configure:5953: mpicc -E  conftest.c
configure:5959: $? = 0
configure:5978: result: yes
configure:6014: checking for wctype.h
configure:6021: result: yes
configure:6048: checking wchar.h usability
configure:6061: mpicc -c -g -O  conftest.c >&5
configure:6064: $? = 0
configure:6067: test -s conftest.o
configure:6070: $? = 0
configure:6080: result: yes
configure:6084: checking wchar.h presence
configure:6095: mpicc -E  conftest.c
configure:6101: $? = 0
configure:6120: result: yes
configure:6156: checking for wchar.h
configure:6163: result: yes
configure:6190: checking langinfo.h usability
configure:6203: mpicc -c -g -O  conftest.c >&5
configure:6206: $? = 0
configure:6209: test -s conftest.o
configure:6212: $? = 0
configure:6222: result: yes
configure:6226: checking langinfo.h presence
configure:6237: mpicc -E  conftest.c
configure:6243: $? = 0
configure:6262: result: yes
configure:6298: checking for langinfo.h
configure:6305: result: yes
configure:6319: checking for mbsrtowcs
configure:6369: mpicc -o conftest -g -O   -L./lib/termcap conftest.c  >&5
configure:6372: $? = 0
configure:6375: test -s conftest
configure:6378: $? = 0
configure:6389: result: yes
configure:6398: checking for mbrtowc
configure:6448: mpicc -o conftest -g -O   -L./lib/termcap conftest.c  >&5
configure:6451: $? = 0
configure:6454: test -s conftest
configure:6457: $? = 0
configure:6468: result: yes
configure:6477: checking for mbrlen
configure:6527: mpicc -o conftest -g -O   -L./lib/termcap conftest.c  >&5
configure:6530: $? = 0
configure:6533: test -s conftest
configure:6536: $? = 0
configure:6547: result: yes
configure:6556: checking for wctomb
configure:6606: mpicc -o conftest -g -O   -L./lib/termcap conftest.c  >&5
configure:6609: $? = 0
configure:6612: test -s conftest
configure:6615: $? = 0
configure:6626: result: yes
configure:6635: checking for wcwidth
configure:6685: mpicc -o conftest -g -O   -L./lib/termcap conftest.c  >&5
configure:6688: $? = 0
configure:6691: test -s conftest
configure:6694: $? = 0
configure:6705: result: yes
configure:6714: checking for wcsdup
configure:6764: mpicc -o conftest -g -O   -L./lib/termcap conftest.c  >&5
configure:6767: $? = 0
configure:6770: test -s conftest
configure:6773: $? = 0
configure:6784: result: yes
configure:6794: checking for mbstate_t
configure:6821: mpicc -c -g -O  conftest.c >&5
configure:6824: $? = 0
configure:6827: test -s conftest.o
configure:6830: $? = 0
configure:6841: result: yes
configure:6850: checking for nl_langinfo and CODESET
configure:6872: mpicc -o conftest -g -O   -L./lib/termcap conftest.c  >&5
configure:6875: $? = 0
configure:6878: test -s conftest
configure:6881: $? = 0
configure:6892: result: yes
configure:6918: checking configuration for building shared libraries
configure:6933: result: supported
configure:7083: creating ./config.status

## ---------------------- ##
## Running config.status. ##
## ---------------------- ##

This file was extended by readline config.status 5.0-rc1, which was
generated by GNU Autoconf 2.57.  Invocation command line was

  CONFIG_FILES    = 
  CONFIG_HEADERS  = 
  CONFIG_LINKS    = 
  CONFIG_COMMANDS = 
  $ ./config.status 

on login03.rc.colorado.edu

config.status:662: creating Makefile
config.status:662: creating doc/Makefile
config.status:662: creating examples/Makefile
config.status:662: creating shlib/Makefile
config.status:766: creating config.h
config.status:1089: executing default commands

## ---------------- ##
## Cache variables. ##
## ---------------- ##

ac_cv_build=x86_64-unknown-linux-gnu
ac_cv_build_alias=x86_64-unknown-linux-gnu
ac_cv_c_char_unsigned=no
ac_cv_c_compiler_gnu=yes
ac_cv_c_const=yes
ac_cv_env_CC_set=set
ac_cv_env_CC_value=mpicc
ac_cv_env_CFLAGS_set=
ac_cv_env_CFLAGS_value=
ac_cv_env_CPPFLAGS_set=
ac_cv_env_CPPFLAGS_value=
ac_cv_env_CPP_set=
ac_cv_env_CPP_value=
ac_cv_env_LDFLAGS_set=
ac_cv_env_LDFLAGS_value=
ac_cv_env_build_alias_set=
ac_cv_env_build_alias_value=
ac_cv_env_host_alias_set=
ac_cv_env_host_alias_value=
ac_cv_env_target_alias_set=
ac_cv_env_target_alias_value=
ac_cv_exeext=
ac_cv_func_isascii=yes
ac_cv_func_isxdigit=yes
ac_cv_func_lstat=yes
ac_cv_func_mbrlen=yes
ac_cv_func_mbrtowc=yes
ac_cv_func_mbsrtowcs=yes
ac_cv_func_memmove=yes
ac_cv_func_putenv=yes
ac_cv_func_select=yes
ac_cv_func_setenv=yes
ac_cv_func_setlocale=yes
ac_cv_func_strcasecmp=yes
ac_cv_func_strcoll_works=yes
ac_cv_func_strpbrk=yes
ac_cv_func_tcgetattr=yes
ac_cv_func_tgetent=no
ac_cv_func_vsnprintf=yes
ac_cv_func_wcsdup=yes
ac_cv_func_wctomb=yes
ac_cv_func_wcwidth=yes
ac_cv_header_dirent_dirent_h=yes
ac_cv_header_inttypes_h=yes
ac_cv_header_langinfo_h=yes
ac_cv_header_limits_h=yes
ac_cv_header_locale_h=yes
ac_cv_header_memory_h=yes
ac_cv_header_minix_config_h=no
ac_cv_header_stat_broken=no
ac_cv_header_stdarg_h=yes
ac_cv_header_stdc=yes
ac_cv_header_stdint_h=yes
ac_cv_header_stdlib_h=yes
ac_cv_header_string_h=yes
ac_cv_header_strings_h=yes
ac_cv_header_sys_file_h=yes
ac_cv_header_sys_pte_h=no
ac_cv_header_sys_ptem_h=no
ac_cv_header_sys_select_h=yes
ac_cv_header_sys_stat_h=yes
ac_cv_header_sys_stream_h=no
ac_cv_header_sys_types_h=yes
ac_cv_header_termcap_h=no
ac_cv_header_termio_h=yes
ac_cv_header_termios_h=yes
ac_cv_header_unistd_h=yes
ac_cv_header_varargs_h=no
ac_cv_header_wchar_h=yes
ac_cv_header_wctype_h=yes
ac_cv_host=x86_64-unknown-linux-gnu
ac_cv_host_alias=x86_64-unknown-linux-gnu
ac_cv_lib_curses_tgetent=no
ac_cv_lib_ncurses_tgetent=no
ac_cv_lib_termcap_tgetent=no
ac_cv_lib_tinfo_tgetent=no
ac_cv_objext=o
ac_cv_path_install='/usr/bin/install -c'
ac_cv_prog_AR=ar
ac_cv_prog_CPP='mpicc -E'
ac_cv_prog_ac_ct_CC=mpicc
ac_cv_prog_ac_ct_RANLIB=ranlib
ac_cv_prog_cc_g=yes
ac_cv_prog_cc_stdc=
ac_cv_prog_egrep='grep -E'
ac_cv_prog_gcc_traditional=no
ac_cv_prog_make_make_set=yes
ac_cv_search_opendir='none required'
ac_cv_sys_tiocgwinsz_in_sys_ioctl_h=yes
ac_cv_sys_tiocgwinsz_in_termios_h=no
ac_cv_type_signal=void
ac_cv_type_size_t=yes
ac_cv_type_ssize_t=yes
bash_cv_dirent_has_d_fileno=yes
bash_cv_dirent_has_dino=yes
bash_cv_fionread_in_ioctl=yes
bash_cv_func_ctype_nonascii=yes
bash_cv_func_lstat=yes
bash_cv_func_sigsetjmp=present
bash_cv_func_strcoll_broken=no
bash_cv_getpw_declared=yes
bash_cv_have_mbstate_t=yes
bash_cv_langinfo_codeset=yes
bash_cv_must_reinstall_sighandlers=no
bash_cv_signal_vintage=posix
bash_cv_speed_t_in_sys_types=no
bash_cv_struct_winsize_header=ioctl_h
bash_cv_termcap_lib=gnutermcap
bash_cv_tiocstat_in_ioctl=no
bash_cv_void_sighandler=yes

## ----------------- ##
## Output variables. ##
## ----------------- ##

AR='ar'
ARFLAGS='cr'
BUILD_DIR='/home/jixi7887/progs/jy/PROGRAMS.330/readline-5.0'
CC='mpicc'
CFLAGS='-g -O'
CPP='mpicc -E'
CPPFLAGS=''
DEFS='-DHAVE_CONFIG_H'
ECHO_C=''
ECHO_N='-n'
ECHO_T=''
EGREP='grep -E'
EXEEXT=''
INSTALL_DATA='${INSTALL} -m 644'
INSTALL_PROGRAM='${INSTALL}'
INSTALL_SCRIPT='${INSTALL}'
LDFLAGS=' -L./lib/termcap'
LIBOBJS=''
LIBS=''
LIBVERSION='5.0'
LOCAL_CFLAGS=''
LOCAL_DEFS=''
LOCAL_LDFLAGS=''
LTLIBOBJS=''
MAKE_SHELL='/bin/sh'
OBJEXT='o'
PACKAGE_BUGREPORT='bug-readline@gnu.org'
PACKAGE_NAME='readline'
PACKAGE_STRING='readline 5.0-rc1'
PACKAGE_TARNAME='readline'
PACKAGE_VERSION='5.0-rc1'
PATH_SEPARATOR=':'
RANLIB='ranlib'
SET_MAKE=''
SHARED_INSTALL_TARGET='install-shared'
SHARED_TARGET='shared'
SHELL='/bin/sh'
SHLIB_LIBS=''
SHLIB_LIBSUFF='so'
SHLIB_LIBVERSION='$(SHLIB_LIBSUFF).$(SHLIB_MAJOR)$(SHLIB_MINOR)'
SHLIB_MAJOR='5'
SHLIB_MINOR='0'
SHLIB_STATUS='supported'
SHLIB_XLDFLAGS='-Wl,-rpath,$(libdir) -Wl,-soname,`basename $@ $(SHLIB_MINOR)`'
SHOBJ_CC='mpicc'
SHOBJ_CFLAGS='-fPIC'
SHOBJ_LD='${CC}'
SHOBJ_LDFLAGS='-shared -Wl,-soname,$@'
SHOBJ_LIBS=''
SHOBJ_STATUS='supported'
SHOBJ_XLDFLAGS=''
STATIC_INSTALL_TARGET='install-static'
STATIC_TARGET='static'
TERMCAP_LIB='-ltermcap'
ac_ct_CC='mpicc'
ac_ct_RANLIB='ranlib'
bindir='${exec_prefix}/bin'
build='x86_64-unknown-linux-gnu'
build_alias=''
build_cpu='x86_64'
build_os='linux-gnu'
build_vendor='unknown'
datadir='${prefix}/share'
exec_prefix='${prefix}'
host='x86_64-unknown-linux-gnu'
host_alias=''
host_cpu='x86_64'
host_os='linux-gnu'
host_vendor='unknown'
includedir='${prefix}/include'
infodir='${prefix}/info'
libdir='${exec_prefix}/lib'
libexecdir='${exec_prefix}/libexec'
localstatedir='${prefix}/var'
mandir='${prefix}/man'
oldincludedir='/usr/include'
prefix='..'
program_transform_name='s,x,x,'
sbindir='${exec_prefix}/sbin'
sharedstatedir='${prefix}/com'
sysconfdir='${prefix}/etc'
target_alias=''

## ----------- ##
## confdefs.h. ##
## ----------- ##

#define CTYPE_NON_ASCII 1
#define FIONREAD_IN_SYS_IOCTL 1
#define GWINSZ_IN_SYS_IOCTL 1
#define HAVE_DIRENT_H 1
#define HAVE_GETPW_DECLS 1
#define HAVE_INTTYPES_H 1
#define HAVE_ISASCII 1
#define HAVE_ISXDIGIT 1
#define HAVE_LANGINFO_CODESET 1
#define HAVE_LANGINFO_H 1
#define HAVE_LIMITS_H 1
#define HAVE_LOCALE_H 1
#define HAVE_LSTAT 1
#define HAVE_LSTAT 1
#define HAVE_MBRLEN 1
#define HAVE_MBRTOWC 1
#define HAVE_MBSRTOWCS 1
#define HAVE_MBSTATE_T 1
#define HAVE_MEMMOVE 1
#define HAVE_MEMORY_H 1
#define HAVE_MEMORY_H 1
#define HAVE_POSIX_SIGNALS 1
#define HAVE_POSIX_SIGSETJMP 1
#define HAVE_PUTENV 1
#define HAVE_SELECT 1
#define HAVE_SETENV 1
#define HAVE_SETLOCALE 1
#define HAVE_STDARG_H 1
#define HAVE_STDINT_H 1
#define HAVE_STDLIB_H 1
#define HAVE_STDLIB_H 1
#define HAVE_STRCASECMP 1
#define HAVE_STRCOLL 1
#define HAVE_STRINGS_H 1
#define HAVE_STRINGS_H 1
#define HAVE_STRING_H 1
#define HAVE_STRING_H 1
#define HAVE_STRPBRK 1
#define HAVE_STRUCT_DIRENT_D_FILENO 1
#define HAVE_STRUCT_DIRENT_D_INO 1
#define HAVE_SYS_FILE_H 1
#define HAVE_SYS_SELECT_H 1
#define HAVE_SYS_STAT_H 1
#define HAVE_SYS_TYPES_H 1
#define HAVE_TCGETATTR 1
#define HAVE_TERMIOS_H 1
#define HAVE_TERMIO_H 1
#define HAVE_UNISTD_H 1
#define HAVE_UNISTD_H 1
#define HAVE_VSNPRINTF 1
#define HAVE_WCHAR_H 1
#define HAVE_WCSDUP 1
#define HAVE_WCTOMB 1
#define HAVE_WCTYPE_H 1
#define HAVE_WCWIDTH 1
#define PACKAGE_BUGREPORT "bug-readline@gnu.org"
#define PACKAGE_NAME "readline"
#define PACKAGE_STRING "readline 5.0-rc1"
#define PACKAGE_TARNAME "readline"
#define PACKAGE_VERSION "5.0-rc1"
#define PROTOTYPES 1
#define RETSIGTYPE void
#define STDC_HEADERS 1
#define STDC_HEADERS 1
#define STRUCT_WINSIZE_IN_SYS_IOCTL 1
#define VOID_SIGHANDLER 1
#define __PROTOTYPES 1

configure: exit 0
