# trace phase          tt (s)         amp n/s         amp e/w           amp z
      1     1   19.0494080      0.443420738     -0.280671306E-01   1.95464969    
      1     2   23.7669716      0.752207115E-01 -0.476123253E-02 -0.958905835E-02
      1     3   23.7669716      0.796358581E-04  0.125813344E-02 -0.261871660E-12
      1     4   33.0756836      0.213454291E-01 -0.130609954E-01 -0.373235997E-02
      1     5   33.0756836      0.841152761E-02  0.137468614E-01  0.313352955E-10
      1     6   34.7622948     -0.151483016E-01  0.107786441E-01  0.290496508E-02
      1     7   34.7622948      0.147521757E-01  0.207327046E-01 -0.143796614E-09
      1     8   31.0431137     -0.837085098E-01  0.529848365E-02 -0.368996769    
      1     9   35.7606735      0.179392755     -0.113549922E-01 -0.228688028E-01
      1    10   35.7606735      0.131412424E-03  0.207612989E-02 -0.432131896E-12
      1    11   40.4782333     -0.179694399      0.113740852E-01  0.229072571E-01
      1    12   40.4782333     -0.968040549E-04 -0.152936659E-02  0.318326962E-12
      1    13   40.4782333       0.00000000       0.00000000       0.00000000    
      1    14   40.4782333       0.00000000       0.00000000       0.00000000    
      2     1   19.0594711      0.436640263      0.487340353E-01   1.95527864    
      2     2   23.7758656      0.732945725E-01  0.818051025E-02 -0.927790999E-02
      2     3   23.7758656      0.234262305E-03 -0.209891028E-02   0.00000000    
      2     4   33.1370583      0.249151904E-01 -0.111574847E-01 -0.374342361E-02
      2     5   33.1370583      0.521932682E-02  0.116550028E-01   0.00000000    
      2     6   34.8255844     -0.170845706E-01  0.937920250E-02  0.278397556E-02
      2     7   34.8255844      0.167046767E-01  0.304281972E-01 -0.646769166E-10
      2     8   31.0584755     -0.826601386E-01 -0.922581460E-02 -0.370152801    
      2     9   35.7748718      0.176843166      0.197377149E-01 -0.223854929E-01
      2    10   35.7748718      0.400633289E-03 -0.358953769E-02   0.00000000    
      2    11   40.4912643     -0.177190483     -0.197764784E-01  0.224294569E-01
      2    12   40.4912643     -0.294822676E-03  0.264151045E-02   0.00000000    
      2    13   40.4912643      0.446135594E-10  0.497938192E-11 -0.564735671E-11
      2    14   40.4912643      0.362723823E-09 -0.324988170E-08   0.00000000    
      3     1   19.0688038      0.416595936      0.123198472       1.95589554    
      3     2   23.7840538      0.669419914E-01  0.197965223E-01 -0.868350361E-02
      3     3   23.7840538      0.131093699E-02 -0.443293713E-02  0.751283064E-11
      3     4   33.2087250      0.283098891E-01 -0.831634458E-02 -0.366833643E-02
      3     5   33.2087250      0.253462442E-02  0.862818211E-02   0.00000000    
      3     6   34.8902626     -0.167857483E-01  0.670102052E-02  0.232218020E-02
      3     7   34.8902626      0.164672062E-01  0.412495993E-01   0.00000000    
      3     8   31.0730114     -0.791601464E-01 -0.234097559E-01 -0.371652663    
      3     9   35.7882614      0.167315304      0.494795665E-01 -0.217036102E-01
      3    10   35.7882614      0.252656685E-02 -0.854359381E-02  0.144794680E-10
      3    11   40.5035095     -0.168146044     -0.497252382E-01  0.218113735E-01
      3    12   40.5035095     -0.185556628E-02  0.627460238E-02 -0.106340388E-10
      3    13   40.5035095      0.238177839E-09  0.704354908E-10 -0.308956749E-10
      3    14   40.5035095      0.208667439E-08 -0.705609571E-08  0.119584947E-16
      4     1   19.0768681      0.383900970      0.193072021       1.95648015    
      4     2   23.7910347      0.574266203E-01  0.288810786E-01 -0.790900830E-02
      4     3   23.7910347      0.243218453E-02 -0.483611226E-02   0.00000000    
      4     4   33.2882309      0.309858620E-01 -0.436406117E-02 -0.347028510E-02
      4     5   33.2882309      0.633786432E-03  0.450003287E-02   0.00000000    
      4     6   34.9542007     -0.134990504E-01  0.342956884E-02  0.157840387E-02
      4     7   34.9542007      0.132805500E-01  0.522732846E-01 -0.129378355E-09
      4     8   31.0860043     -0.732696652E-01 -0.368488841E-01 -0.373405278    
      4     9   35.8001709      0.151515707      0.762004927E-01 -0.208673049E-01
      4    10   35.8001709      0.595719740E-02 -0.118451854E-01   0.00000000    
      4    11   40.5143356     -0.153109178     -0.770018771E-01  0.210867655E-01
      4    12   40.5143356     -0.435617240E-02  0.866173673E-02   0.00000000    
      4    13   40.5143356     -0.262102756E-09 -0.131817085E-09  0.360977671E-10
      4    14   40.5143356     -0.267243450E-08  0.531382094E-08   0.00000000    
      5     1   19.0831375      0.339551389      0.256241679       1.95701134    
      5     2   23.7963200      0.464825891E-01  0.350779705E-01 -0.709269429E-02
      5     3   23.7963200      0.244111335E-02 -0.323477271E-02  0.203137368E-10
      5     4   33.3725052      0.321323872E-01  0.694774266E-03 -0.311975810E-02
      5     5   33.3725052      0.154078789E-04 -0.712594017E-03   0.00000000    
      5     6   35.0151634     -0.658111693E-02  0.687359192E-03  0.645655673E-03
      5     7   35.0151634      0.649052300E-02  0.621434785E-01 -0.880770457E-11
      5     8   31.0967522     -0.651126429E-01 -0.491371043E-01 -0.375278026    
      5     9   35.8099365      0.130679026      0.986166000E-01 -0.199400745E-01
      5    10   35.8099365      0.975029822E-02 -0.129203331E-01  0.811371456E-10
      5    11   40.5231171     -0.133065641     -0.100417651      0.203042440E-01
      5    12   40.5231171     -0.706427824E-02  0.936102960E-02 -0.587854210E-10
      5    13   40.5231171      0.213877804E-09  0.161402336E-09 -0.326352244E-10
      5    14   40.5231171      0.277931078E-08 -0.368292552E-08  0.231280477E-16
      6     1   19.0871220      0.284896433      0.310799211       1.95746922    
      6     2   23.7994537      0.356852561E-01  0.389297567E-01 -0.637516240E-02
      6     3   23.7994537      0.463048258E-03 -0.424456695E-03 -0.214048657E-11
      6     4   33.4580345      0.306757912E-01  0.646199193E-02 -0.260658516E-02
      6     5   33.4580345      0.138974760E-02 -0.659728656E-02 -0.622667889E-11
      6     6   35.0709076      0.440660864E-02  0.278839667E-03 -0.359931437E-03
      6     7   35.0709076     -0.435518241E-02  0.688266009E-01 -0.343450858E-10
      6     8   31.1046009     -0.548868701E-01 -0.598771796E-01 -0.377117187    
      6     9   35.8169327      0.106352098      0.116021626     -0.189997777E-01
      6    10   35.8169327      0.128001217E-01 -0.117333280E-01 -0.591698288E-10
      6    11   40.5292664     -0.109295450     -0.119232580      0.195256043E-01
      6    12   40.5292664     -0.910470728E-02  0.834589917E-02  0.420874134E-10
      6    13   40.5292664      0.311122378E-09  0.339409612E-09 -0.555819384E-10
      6    14   40.5292664      0.578876991E-08 -0.530631983E-08 -0.267591638E-16
      7     1   19.0886059      0.221596971      0.355093539       1.95783687    
      7     2   23.8002548      0.259213950E-01  0.415372103E-01 -0.586767262E-02
      7     3   23.8002548     -0.365589745E-02  0.228147139E-02  0.113791246E-11
      7     4   33.5410309      0.254859403E-01  0.117751742E-01 -0.195589778E-02
      7     5   33.5410309      0.553516950E-02 -0.119802058E-01   0.00000000    
      7     6   35.1193275      0.192844812E-01  0.533725647E-02 -0.131279579E-02
      7     7   35.1193275     -0.190929379E-01  0.689862520E-01 -0.127906269E-09
      7     8   31.1091900     -0.428697765E-01 -0.686957911E-01 -0.378759831    
      7     9   35.8208389      0.800952837E-01  0.128347054     -0.181306954E-01
      7    10   35.8208389      0.141398907E-01 -0.882403273E-02 -0.440109667E-11
      7    11   40.5324898     -0.831434280E-01 -0.133231491      0.188206863E-01
      7    12   40.5324898     -0.970290601E-02  0.605512131E-02  0.302006770E-11
      7    13   40.5324898     -0.208237386E-10 -0.333685753E-10  0.471374632E-11
      7    14   40.5324898     -0.655971943E-09  0.409360879E-09  0.204173857E-18
      8     1   19.0876808      0.151574731      0.387778968       1.95810163    
      8     2   23.7988396      0.172039401E-01  0.440134518E-01 -0.563327456E-02
      8     3   23.7988396     -0.924609788E-02  0.361410668E-02   0.00000000    
      8     4   33.6176262      0.161657818E-01  0.142059578E-01 -0.123875868E-02
      8     5   33.6176262      0.126805827E-01 -0.144299679E-01  0.178191073E-10
      8     6   35.1585388      0.351586342E-01  0.216047503E-01 -0.209370186E-02
      8     7   35.1585388     -0.348458514E-01  0.567066222E-01   0.00000000    
      8     8   31.1105003     -0.294194371E-01 -0.752647892E-01 -0.380051792    
      8     9   35.8216591      0.531809852E-01  0.136054814     -0.174136311E-01
      8    10   35.8216591      0.132371988E-01 -0.517414464E-02   0.00000000    
      8    11   40.5328178     -0.557629392E-01 -0.142660320      0.182590708E-01
      8    12   40.5328178     -0.844456535E-02  0.330080418E-02   0.00000000    
      8    13   40.5328178     -0.322978519E-10 -0.826287441E-10  0.105756393E-10
      8    14   40.5328178     -0.230587194E-08  0.901317188E-09   0.00000000    
      9     1   19.0846558      0.769545212E-01  0.407858342       1.95825493    
      9     2   23.7955284      0.886578299E-02  0.469885729E-01 -0.568243163E-02
      9     3   23.7955284     -0.150704877E-01  0.284349336E-02 -0.212887433E-11
      9     4   33.6841927      0.513989385E-02  0.101228822E-01 -0.550317403E-03
      9     5   33.6841927      0.203304403E-01 -0.103227822E-01 -0.145043170E-10
      9     6   35.1870117      0.378427729E-01  0.553258583E-01 -0.260479888E-02
      9     7   35.1870117     -0.374437794E-01  0.256114695E-01   0.00000000    
      9     8   31.1087799     -0.149672357E-01 -0.793262348E-01 -0.380869925    
      9     9   35.8196526      0.263920818E-01  0.139877811     -0.169157330E-01
      9    10   35.8196526      0.101780789E-01 -0.192039565E-02  0.143776711E-11
      9    11   40.5305252     -0.279279780E-01 -0.148018047      0.179001465E-01
      9    12   40.5305252     -0.545051321E-02  0.102840050E-02 -0.769945793E-12
      9    13   40.5305252      0.119828201E-10  0.635088440E-10 -0.768026354E-11
      9    14   40.5305252      0.409256318E-08 -0.772183095E-09  0.578120149E-18
     10     1   19.0800095     -0.193711642E-07  0.414713442       1.95829451    
     10     2   23.7908077     -0.235413955E-08  0.503993072E-01 -0.598429376E-02
     10     3   23.7908077     -0.197874755E-01 -0.924268162E-09  0.366102612E-17
     10     4   33.7376518      0.183503386E-10 -0.148666310E-03  0.665269590E-05
     10     5   33.7376518      0.209897272E-01  0.259082622E-08  0.464939239E-17
     10     6   35.2036476     -0.133820555E-07  0.821008384E-01 -0.278138230E-02
     10     7   35.2036476      0.437302690E-03  0.712783096E-10 -0.969661956E-19
     10     8   31.1044731      0.377011977E-08 -0.807137415E-01 -0.381133765    
     10     9   35.8152695     -0.656219346E-08  0.140488714     -0.166812949E-01
     10    10   35.8152695      0.565695018E-02  0.264234773E-09 -0.104663380E-17
     10    11   40.5260696      0.699570979E-08 -0.149769768      0.177833047E-01
     10    12   40.5260696     -0.137530395E-02 -0.642401132E-10  0.254455051E-18
     10    13   40.5260696       0.00000000       0.00000000       0.00000000    
     10    14   40.5260696       0.00000000       0.00000000       0.00000000    
     11     1   19.0742531     -0.769549236E-01  0.408127338       1.95822132    
     11     2   23.7851849     -0.101001123E-01  0.535655431E-01 -0.648179278E-02
     11     3   23.7851849     -0.223929491E-01 -0.422232831E-02 -0.208607159E-10
     11     4   33.7757301      0.333157857E-02 -0.645849342E-02  0.347868074E-03
     11     5   33.7757301      0.123451538E-01  0.636818027E-02  0.129011168E-10
     11     6   35.2078247     -0.380373672E-01  0.553428307E-01 -0.260106730E-02
     11     7   35.2078247      0.384570248E-01  0.264316835E-01  0.433810245E-10
     11     8   31.0981102      0.149655715E-01 -0.793693066E-01 -0.380819052    
     11     9   35.8090401     -0.260630511E-01  0.138224348     -0.167260803E-01
     11    10   35.8090401      0.761692179E-03  0.143621728E-03  0.709573513E-12
     11    11   40.5199699      0.279250778E-01 -0.148099527      0.179210436E-01
     11    12   40.5199699      0.279015885E-02  0.526101619E-03  0.259924265E-11
     11    13   40.5199699      0.704193561E-11 -0.373466223E-10  0.451919361E-11
     11    14   40.5199699      0.123316213E-08  0.232520295E-09  0.114878326E-17
     12     1   19.0678005     -0.151575834      0.388293296       1.95804024    
     12     2   23.7790661     -0.216642711E-01  0.554975681E-01 -0.711008860E-02
     12     3   23.7790661     -0.224669985E-01 -0.877031498E-02   0.00000000    
     12     4   33.7971573      0.576690724E-02 -0.489025423E-02  0.428640924E-03
     12     5   33.7971573      0.411202013E-02  0.484916242E-02  0.116973868E-11
     12     6   35.1994629     -0.352243930E-01  0.213978440E-01 -0.208454323E-02
     12     7   35.1994629      0.355691388E-01  0.585526861E-01 -0.454699334E-10
     12     8   31.0901356      0.294135921E-01 -0.753490850E-01 -0.379961580    
     12     9   35.8013992     -0.519072376E-01  0.132971257     -0.170356557E-01
     12    10   35.8013992     -0.337222870E-02 -0.131639780E-02   0.00000000    
     12    11   40.5126648      0.557506755E-01 -0.142817035      0.182970501E-01
     12    12   40.5126648      0.604445022E-02  0.235953764E-02   0.00000000    
     12    13   40.5126648     -0.104412173E-09  0.267473627E-09 -0.342674743E-10
     12    14   40.5126648     -0.534816724E-08 -0.208773376E-08   0.00000000    
     13     1   19.0608635     -0.221598968      0.355811208       1.95775795    
     13     2   23.7726498     -0.343922861E-01  0.552221015E-01 -0.780785736E-02
     13     3   23.7726498     -0.201855954E-01 -0.125715733E-01 -0.746036913E-10
     13     4   33.8017731      0.337427086E-02 -0.145575788E-02  0.253112405E-03
     13     5   33.8017731      0.623671745E-03  0.144559587E-02 -0.142188605E-11
     13     6   35.1790314     -0.190766808E-01  0.514599541E-02 -0.129402126E-02
     13     7   35.1790314      0.192956571E-01  0.715307742E-01   0.00000000    
     13     8   31.0808258      0.428588465E-01 -0.688164607E-01 -0.378644556    
     13     9   35.7926102     -0.773846880E-01  0.124252997     -0.175681412E-01
     13    10   35.7926102     -0.591152161E-02 -0.368169160E-02 -0.218483218E-10
     13    11   40.5043983      0.831153393E-01 -0.133454457      0.188691374E-01
     13    12   40.5043983      0.770178437E-02  0.479666563E-02  0.284649318E-10
     13    13   40.5043983     -0.190509428E-09  0.305892173E-09 -0.432501222E-10
     13    14   40.5043983     -0.477427609E-08 -0.297341574E-08 -0.176451885E-16
     14     1   19.0535603     -0.284899026      0.311667740       1.95738482    
     14     2   23.7660370     -0.475582108E-01  0.520267077E-01 -0.852214638E-02
     14     3   23.7660370     -0.161735155E-01 -0.147843966E-01   0.00000000    
     14     4   33.7904320     -0.153590145E-02  0.276908540E-03 -0.129021864E-03
     14     5   33.7904320     -0.496106732E-04 -0.275170663E-03  0.129128668E-12
     14     6   35.1474266     -0.398682011E-02  0.224390125E-03 -0.325371337E-03
     14     7   35.1474266      0.404295139E-02  0.718325824E-01 -0.960257741E-11
     14     8   31.0703831      0.548718870E-01 -0.600275770E-01 -0.376994610    
     14     9   35.7828598     -0.101905696      0.111480609     -0.182608906E-01
     14    10   35.7828598     -0.655290438E-02 -0.599008473E-02   0.00000000    
     14    11   40.4953346      0.109248817     -0.119513661      0.195767321E-01
     14    12   40.4953346      0.758974301E-02  0.693787076E-02   0.00000000    
     14    13   40.4953346     -0.225022848E-09  0.246165643E-09 -0.403227417E-10
     14    14   40.4953346     -0.349364093E-08 -0.319357718E-08   0.00000000    
     15     1   19.0458469     -0.339554042      0.257207155       1.95693219    
     15     2   23.7591610     -0.601826534E-01  0.455874726E-01 -0.920839608E-02
     15     3   23.7591610     -0.113058584E-01 -0.149255181E-01 -0.298430898E-10
     15     4   33.7648888     -0.654010056E-02 -0.554790167E-04 -0.634731608E-03
     15     5   33.7648888     -0.467971859E-06  0.551664962E-04   0.00000000    
     15     6   35.1060371      0.716743525E-02  0.798604859E-03  0.704228878E-03
     15     7   35.1060371     -0.729122199E-02  0.654383302E-01  0.210426260E-10
     15     8   31.0588589      0.650962144E-01 -0.493094213E-01 -0.375165284    
     15     9   35.7721710     -0.124435902      0.942583531E-01 -0.190396216E-01
     15    10   35.7721710     -0.556041300E-02 -0.734062260E-02 -0.146773375E-10
     15    11   40.4854889      0.133005679     -0.100749835      0.203508642E-01
     15    12   40.4854889      0.605452713E-02  0.799293164E-02  0.159816084E-10
     15    13   40.4854889      0.415803419E-09 -0.314964971E-09  0.636210390E-10
     15    14   40.4854889      0.462402783E-08  0.610444584E-08  0.122056422E-16
     16     1   19.0376282     -0.383902967      0.194089234       1.95641541    
     16     2   23.7518997     -0.712051392E-01  0.359990709E-01 -0.982763711E-02
     16     3   23.7518997     -0.652187085E-02 -0.129000759E-01 -0.496962645E-10
     16     4   33.7275085     -0.103176432E-01 -0.176106824E-02 -0.116611097E-02
     16     5   33.7275085     -0.299022620E-03  0.175189623E-02 -0.335622209E-12
     16     6   35.0565186      0.142396279E-01  0.371677196E-02  0.167062529E-02
     16     7   35.0565186     -0.145377181E-01  0.556966402E-01 -0.955000315E-10
     16     8   31.0462837      0.732549876E-01 -0.370354094E-01 -0.373316199    
     16     9   35.7605553     -0.143659964      0.726299435E-01 -0.198277533E-01
     16    10   35.7605553     -0.362311886E-02 -0.716642570E-02 -0.276079454E-10
     16    11   40.4748268      0.153048769     -0.773766264E-01  0.211235844E-01
     16    12   40.4748268      0.380053325E-02  0.751734711E-02  0.289598345E-10
     16    13   40.4748268      0.151743770E-09 -0.767168620E-10  0.209434709E-10
     16    14   40.4748268      0.134214428E-08  0.265472311E-08  0.102270576E-16
     17     1   19.0288124     -0.416596740      0.124236636       1.95585036    
     17     2   23.7441311     -0.796381831E-01  0.237495378E-01 -0.103445435E-01
     17     3   23.7441311     -0.267781294E-02 -0.897938386E-02   0.00000000    
     17     4   33.6809921     -0.123435762E-01 -0.399152050E-02 -0.162649888E-02
     17     5   33.6809921     -0.128451909E-02  0.397231150E-02 -0.683811644E-11
     17     6   35.0007706      0.176776852E-01  0.717964489E-02  0.245741545E-02
     17     7   35.0007706     -0.181206632E-01  0.446165949E-01  0.741039105E-10
     17     8   31.0327072      0.791497901E-01 -0.236038882E-01 -0.371594727    
     17     9   35.7480240     -0.158243909      0.471911728E-01 -0.205549747E-01
     17    10   35.7480240     -0.160273537E-02 -0.537437666E-02   0.00000000    
     17    11   40.4633446      0.168100446     -0.501305722E-01  0.218352824E-01
     17    12   40.4633446      0.164256478E-02  0.550793484E-02   0.00000000    
     17    13   40.4633446     -0.192093827E-09  0.572858254E-10 -0.249518843E-10
     17    14   40.4633446     -0.146942580E-08 -0.492735586E-08   0.00000000    
     18     1   19.0194893     -0.436639339      0.497742072E-01   1.95525575    
     18     2   23.7359123     -0.847074240E-01  0.965612568E-02 -0.107283155E-01
     18     3   23.7359123     -0.426611514E-03 -0.374240777E-02  0.154797854E-11
     18     4   33.6280632     -0.126501797E-01 -0.603702804E-02 -0.194399292E-02
     18     5   33.6280632     -0.286742975E-02  0.600850303E-02  0.120487500E-10
     18     6   34.9408264      0.181230810E-01  0.100745168E-01  0.297063915E-02
     18     7   34.9408264     -0.186621621E-01  0.335714258E-01 -0.697738325E-10
     18     8   31.0183678      0.826555043E-01 -0.942221936E-02 -0.370128393    
     18     9   35.7347908     -0.167102739      0.190486871E-01 -0.211638007E-01
     18    10   35.7347908     -0.265617738E-03 -0.233010552E-02  0.963805533E-12
     18    11   40.4512138      0.177170306     -0.201963261E-01  0.224388707E-01
     18    12   40.4512138      0.268647505E-03  0.235668384E-02 -0.974799126E-12
     18    13   40.4512138     -0.520958172E-10  0.593860334E-11 -0.659800947E-11
     18    14   40.4512138     -0.370394909E-09 -0.324925331E-08  0.134399427E-17
     19     1   19.0097408     -0.443418324     -0.270322487E-01   1.95465004    
     19     2   23.7272873     -0.859714746E-01 -0.524110580E-02 -0.109563703E-01
     19     3   23.7272873     -0.123769292E-03  0.203022570E-02 -0.418820760E-13
     19     4   33.5712318     -0.115003595E-01 -0.737355696E-02 -0.206496590E-02
     19     5   33.5712318     -0.470347516E-02  0.733589940E-02  0.315691084E-10
     19     6   34.8787270      0.163082089E-01  0.117162066E-01  0.314799696E-02
     19     7   34.8787270     -0.168806296E-01  0.234967563E-01 -0.455044856E-10
     19     8   31.0035152      0.837106034E-01  0.510327518E-02 -0.369008064    
     19     9   35.7210617     -0.169599652     -0.103393560E-01 -0.216141082E-01
     19    10   35.7210617     -0.778866670E-04  0.127759890E-02 -0.263559350E-13
     19    11   40.4386063      0.179704592      0.109553868E-01  0.229019001E-01
     19    12   40.4386063      0.784041622E-04 -0.128608756E-02  0.265310489E-13
     19    13   40.4386063      0.109662817E-10  0.668540852E-12  0.139756414E-11
     19    14   40.4386063      0.773790546E-10 -0.126927246E-08  0.261841632E-19
     20     1   18.9998035     -0.436723769     -0.103847779       1.95405304    
     20     2   23.7184601     -0.833899677E-01 -0.198291596E-01 -0.110180052E-01
     20     3   23.7184601     -0.178176374E-02  0.749306846E-02 -0.646522549E-11
     20     4   33.5125885     -0.934918132E-02 -0.771079306E-02 -0.197080290E-02
     20     5   33.5125885     -0.631899526E-02  0.766165461E-02  0.210259709E-10
     20     6   34.8164520      0.130192656E-01  0.117577342E-01  0.296762330E-02
     20     7   34.8164520     -0.135580907E-01  0.150127895E-01   0.00000000    
     20     8   30.9885406      0.823103115E-01  0.195724238E-01 -0.368284762    
     20     9   35.7071953     -0.165640771     -0.393874347E-01 -0.218854956E-01
     20    10   35.7071953     -0.110308733E-02  0.463894755E-02 -0.400261161E-11
     20    11   40.4258499      0.175637692      0.417645872E-01  0.232063513E-01
     20    12   40.4258499      0.111425389E-02 -0.468590762E-02  0.404312998E-11
     20    13   40.4258499      0.113790671E-09  0.270580884E-10  0.150347356E-10
     20    14   40.4258499      0.848131509E-09 -0.356675067E-08  0.307749093E-17
     21     1   18.9900742     -0.416754961     -0.178339645       1.95348227    
     21     2   23.7097912     -0.773044303E-01 -0.330804549E-01 -0.109148016E-01
     21     3   23.7097912     -0.508627901E-02  0.118859289E-01 -0.235919739E-10
     21     4   33.4536629     -0.673402287E-02 -0.700830761E-02 -0.168114877E-02
     21     5   33.4536629     -0.722922478E-02  0.694629224E-02  0.225511502E-10
     21     6   34.7558060      0.903936941E-02  0.101497704E-01  0.245113927E-02
     21     7   34.7558060     -0.948187709E-02  0.844454393E-02   0.00000000    
     21     8   30.9739952      0.785003304E-01  0.335922092E-01 -0.367959619    
     21     9   35.6937103     -0.155660436     -0.666109174E-01 -0.219780784E-01
     21    10   35.6937103     -0.300955004E-02  0.703290151E-02 -0.139593649E-10
     21    11   40.4134293      0.165368989      0.707654357E-01  0.233488511E-01
     21    12   40.4134293      0.307661295E-02 -0.718961796E-02  0.142704260E-10
     21    13   40.4134293      0.349084900E-09  0.149381965E-09  0.492881500E-10
     21    14   40.4134293      0.292627189E-08 -0.683829171E-08  0.135730917E-16
     22     1   18.9809799     -0.384116024     -0.248245850       1.95295405    
     22     2   23.7016792     -0.683680326E-01 -0.441847742E-01 -0.106610730E-01
     22     3   23.7016792     -0.947100762E-02  0.146546904E-01 -0.298400436E-10
     22     4   33.3955154     -0.413568225E-02 -0.541206496E-02 -0.124028616E-02
     22     5   33.3955154     -0.698855985E-02  0.534037687E-02  0.314564104E-10
     22     6   34.6984673      0.507290335E-02  0.709134992E-02  0.165841449E-02
     22     7   34.6984673     -0.536948722E-02  0.384114287E-02   0.00000000    
     22     8   30.9604492      0.723796040E-01  0.467773676E-01 -0.367998302    
     22     9   35.6811447     -0.140520543     -0.908153653E-01 -0.219122823E-01
     22    10   35.6811447     -0.517010596E-02  0.799981412E-02 -0.162893102E-10
     22    11   40.4018402      0.149683759      0.967373550E-01  0.233411621E-01
     22    12   40.4018402      0.540313311E-02 -0.836038217E-02  0.170235024E-10
     22    13   40.4018402       0.00000000       0.00000000       0.00000000    
     22    14   40.4018402       0.00000000       0.00000000       0.00000000    
     23     1   18.9730358     -0.339796454     -0.311446130       1.95248210    
     23     2   23.6946106     -0.574125648E-01 -0.526224487E-01 -0.102796946E-01
     23     3   23.6946106     -0.142241986E-01  0.155189978E-01  0.362804960E-10
     23     4   33.3387146     -0.195208553E-02 -0.324507826E-02 -0.719127711E-03
     23     5   33.3387146     -0.528352894E-02  0.317832106E-02   0.00000000    
     23     6   34.6458702      0.169151975E-02  0.298336241E-02  0.681347796E-03
     23     7   34.6458702     -0.181176187E-02  0.102724077E-02 -0.536484312E-11
     23     8   30.9485226      0.640996173E-01  0.587515756E-01 -0.368318617    
     23     9   35.6700974     -0.121344112     -0.111219987     -0.217266101E-01
     23    10   35.6700974     -0.682693115E-02  0.744837197E-02  0.174128906E-10
     23    11   40.3916702      0.129630059      0.118814610      0.232102070E-01
     23    12   40.3916702      0.739708031E-02 -0.807042141E-02 -0.188671231E-10
     23    13   40.3916702      0.159066149E-09  0.145794751E-09  0.284807230E-10
     23    14   40.3916702      0.208325246E-08 -0.227288655E-08 -0.531358078E-17
     24     1   18.9667282     -0.285141557     -0.366023362       1.95207798    
     24     2   23.6890564     -0.453277975E-01 -0.581852570E-01 -0.979996659E-02
     24     3   23.6890564     -0.185886212E-01  0.144810081E-01  0.408753933E-10
     24     4   33.2835236     -0.448017730E-03 -0.971640402E-03 -0.210039856E-03
     24     5   33.2835236     -0.203829026E-02  0.939843769E-03  0.571451697E-11
     24     6   34.5992355     -0.718661991E-03 -0.164606038E-02 -0.369404705E-03
     24     7   34.5992355      0.782813644E-03 -0.341772597E-03 -0.227579782E-11
     24     8   30.9388046      0.538733341E-01  0.691547692E-01 -0.368816644    
     24     9   35.6611328     -0.993232131E-01 -0.127496749     -0.214738902E-01
     24    10   35.6611328     -0.728620496E-02  0.567613821E-02  0.160219771E-10
     24    11   40.3834572      0.106367737      0.136539489      0.229969323E-01
     24    12   40.3834572      0.838911720E-02 -0.653533498E-02 -0.184472229E-10
     24    13   40.3834572      0.600145156E-09  0.770379371E-09  0.129752653E-09
     24    14   40.3834572      0.112473399E-07 -0.876196360E-08 -0.247323049E-16
     25     1   18.9625702     -0.221812561     -0.410324603       1.95175040    
     25     2   23.6855068     -0.329495445E-01 -0.609524138E-01 -0.925506465E-02
     25     3   23.6855068     -0.218490772E-01  0.118111353E-01  0.452677548E-10
     25     4   33.2301064      0.302362780E-03  0.901862397E-03  0.191445070E-03
     25     5   33.2301064      0.254523172E-02 -0.853326812E-03  0.700303834E-11
     25     6   34.5596008     -0.196231389E-02 -0.616349652E-02 -0.136578537E-02
     25     7   34.5596008      0.219501276E-02 -0.698841002E-03  0.223646015E-11
     25     8   30.9318771      0.419783890E-01  0.776546001E-01 -0.369371980    
     25     9   35.6548157     -0.755287781E-01 -0.139718518     -0.212149750E-01
     25    10   35.6548157     -0.610421691E-02  0.329980650E-02  0.126469495E-10
     25    11   40.3777542      0.810025409E-01  0.149844244      0.227524750E-01
     25    12   40.3777542      0.790796708E-02 -0.427487446E-02 -0.163840278E-10
     25    13   40.3777542      0.254719995E-09  0.471199135E-09  0.715472612E-10
     25    14   40.3777542      0.782500997E-08 -0.423002966E-08 -0.162121560E-16
     26     1   18.9608345     -0.151734725     -0.443004340       1.95150554    
     26     2   23.6842289     -0.209879838E-01 -0.612764880E-01 -0.868566800E-02
     26     3   23.6842289     -0.234009475E-01  0.801512413E-02 -0.433011092E-10
     26     4   33.1787109      0.432485453E-03  0.197558221E-02  0.414043432E-03
     26     5   33.1787109      0.816834718E-02 -0.178817753E-02 -0.110898192E-10
     26     6   34.5277481     -0.208159979E-02 -0.999752339E-02 -0.219625724E-02
     26     7   34.5277481      0.244789687E-02 -0.509680482E-03  0.439774649E-11
     26     8   30.9280701      0.287579093E-01  0.839615241E-01 -0.369864047    
     26     9   35.6514664     -0.507691167E-01 -0.148225456     -0.210102927E-01
     26    10   35.6514664     -0.322032394E-02  0.110300223E-02 -0.595888703E-11
     26    11   40.3748589      0.544436425E-01  0.158953577      0.225309581E-01
     26    12   40.3748589      0.582023477E-02 -0.199350482E-02  0.107697618E-10
     26    13   40.3748589      0.297228298E-09  0.867787286E-09  0.123004953E-09
     26    14   40.3748589      0.187272473E-07 -0.641432241E-08  0.346528987E-16
     27     1   18.9617672     -0.770396963E-01 -0.463072777       1.95134914    
     27     2   23.6854553     -0.993757788E-02 -0.597331449E-01 -0.814046245E-02
     27     3   23.6854553     -0.228482876E-01  0.380118378E-02  0.203236056E-10
     27     4   33.1298256      0.205845296E-03  0.190232054E-02  0.395460578E-03
     27     5   33.1298256      0.140569415E-01 -0.152106653E-02  0.219528735E-10
     27     6   34.5043182     -0.130108336E-02 -0.126373349E-01 -0.276184222E-02
     27     7   34.5043182      0.175120973E-02 -0.180296702E-03 -0.123763662E-11
     27     8   30.9276791      0.146152424E-01  0.878497809E-01 -0.370191485    
     27     9   35.6513672     -0.255275369E-01 -0.153441817     -0.209111255E-01
     27    10   35.6513672      0.100033579E-02 -0.166422105E-03 -0.889801037E-12
     27    11   40.3750534      0.273214374E-01  0.164224654      0.223806165E-01
     27    12   40.3750534      0.239217654E-02 -0.397977419E-03 -0.212784673E-11
     27    13   40.3750534      0.408752997E-10  0.245694659E-09  0.334833931E-10
     27    14   40.3750534      0.863082938E-08 -0.143587864E-08 -0.767714267E-17
     28     1   18.9652977      0.529057775E-08 -0.469917238       1.95128536    
     28     2   23.6891060      0.642312648E-09 -0.570511892E-01 -0.767739955E-02
     28     3   23.6891060     -0.201119687E-01 -0.226431249E-09  0.109206514E-17
     28     4   33.0842819     -0.452277191E-11  0.613406359E-03  0.127034014E-03
     28     5   33.0842819      0.194493439E-01  0.143404011E-09   0.00000000    
     28     6   34.4898453      0.963816943E-10 -0.137485610E-01 -0.299887639E-02
     28     7   34.4898453      0.477084948E-03  0.334451347E-11  0.450212112E-19
     28     8   30.9306641     -0.100397901E-08  0.891749635E-01 -0.370290309    
     28     9   35.6544724      0.175277459E-08 -0.155684114     -0.209504683E-01
     28    10   35.6544724      0.583329657E-02  0.656743618E-10 -0.316743742E-18
     28    11   40.3782768     -0.186853044E-08  0.165965736      0.223340709E-01
     28    12   40.3782768     -0.175599603E-02 -0.197699392E-10  0.953492966E-19
     28    13   40.3782768     -0.237915534E-25  0.211320203E-17  0.284374381E-18
     28    14   40.3782768      0.249784828E-15  0.281221083E-23 -0.135631345E-31
     29     1   18.9711208      0.770403892E-01 -0.463323236       1.95131779    
     29     2   23.6948700      0.897452142E-02 -0.539730489E-01 -0.735924346E-02
     29     3   23.6948700     -0.155283948E-01 -0.258202804E-02  0.138195349E-10
     29     4   33.0433807      0.186015473E-03 -0.171354460E-02 -0.355071388E-03
     29     5   33.0433807      0.236563068E-01  0.256803329E-02 -0.158747876E-10
     29     6   34.4846649      0.135722361E-02 -0.131734321E-01 -0.287699024E-02
     29     7   34.4846649     -0.910627947E-03 -0.938195735E-04 -0.643132845E-12
     29     8   30.9367523     -0.146135930E-01  0.878865942E-01 -0.370140463    
     29     9   35.6604996      0.257768314E-01 -0.155022651     -0.211373921E-01
     29    10   35.6604996      0.103610521E-01  0.172281347E-02 -0.922084544E-11
     29    11   40.3842468     -0.273186695E-01  0.164295316      0.224017203E-01
     29    12   40.3842468     -0.580212660E-02 -0.964765146E-03  0.516361736E-11
     29    13   40.3842468     -0.318896884E-11  0.191785563E-10  0.261500283E-11
     29    14   40.3842468     -0.163580294E-08 -0.271997813E-09  0.145578701E-17
     30     1   18.9788322      0.151736706     -0.443485469       1.95144808    
     30     2   23.7023392      0.174647644E-01 -0.510448143E-01 -0.724160252E-02
     30     3   23.7023392     -0.987019297E-02 -0.337704457E-02 -0.372882489E-10
     30     4   33.0087204      0.103666983E-02 -0.470480788E-02 -0.980079058E-03
     30     5   33.0087204      0.262053609E-01  0.577415852E-02 -0.353686594E-10
     30     6   34.4889984      0.229630107E-02 -0.110131791E-01 -0.241616811E-02
     30     7   34.4889984     -0.193023856E-02 -0.402464037E-03  0.346852234E-11
     30     8   30.9455528     -0.287518837E-01  0.840340033E-01 -0.369770825    
     30     9   35.6690598      0.517438203E-01 -0.151233271     -0.214550942E-01
     30    10   35.6690598      0.136960419E-01  0.468604220E-02  0.517417810E-10
     30    11   40.3925667     -0.544320717E-01  0.159090340      0.225697551E-01
     30    12   40.3925667     -0.893838704E-02 -0.305823097E-02 -0.337680127E-10
     30    13   40.3925667     -0.112578190E-09  0.329035799E-09  0.466795075E-10
     30    14   40.3925667     -0.109168186E-07 -0.373514331E-08 -0.412422592E-16
     31     1   18.9878387      0.221815959     -0.410998464       1.95167589    
     31     2   23.7109261      0.261218455E-01 -0.484006628E-01 -0.735585811E-02
     31     3   23.7109261     -0.421878416E-02 -0.227687834E-02  0.873694173E-11
     31     4   32.9821777      0.265923957E-02 -0.785332732E-02 -0.165357743E-02
     31     5   32.9821777      0.267987512E-01  0.907440856E-02  0.501748539E-10
     31     6   34.5028152      0.240190746E-02 -0.752799306E-02 -0.166513002E-02
     31     7   34.5028152     -0.215542270E-02 -0.687716645E-03 -0.398869002E-11
     31     8   30.9564743     -0.419670269E-01  0.777598843E-01 -0.369252235    
     31     9   35.6795616      0.776396021E-01 -0.143856928     -0.218631532E-01
     31    10   35.6795616      0.152007397E-01  0.820384081E-02 -0.314801518E-10
     31    11   40.4026489     -0.809767544E-01  0.150040254      0.228028893E-01
     31    12   40.4026489     -0.105823772E-01 -0.571131008E-02  0.219157002E-10
     31    13   40.4026489     -0.415653650E-09  0.770156605E-09  0.117047205E-09
     31    14   40.4026489     -0.171257106E-07 -0.924274790E-08  0.354666923E-16
     32     1   18.9976654      0.285146415     -0.366845846       1.95199752    
     32     2   23.7201538      0.354924016E-01 -0.456615984E-01 -0.769497827E-02
     32     3   23.7201538      0.312436867E-03  0.242854760E-03 -0.687407976E-12
     32     4   32.9655952      0.499719568E-02 -0.106907953E-01 -0.229015131E-02
     32     5   32.9655952      0.256345924E-01  0.119823702E-01   0.00000000    
     32     6   34.5260544      0.141288748E-02 -0.322658382E-02 -0.722600264E-03
     32     7   34.5260544     -0.130820402E-02 -0.572848949E-03  0.125482242E-11
     32     8   30.9690094     -0.538575575E-01  0.692887008E-01 -0.368687212    
     32     9   35.6914978      0.102875695     -0.132351369     -0.223041028E-01
     32    10   35.6914978      0.146463439E-01  0.113844899E-01 -0.322241574E-10
     32    11   40.4139862     -0.106324568      0.136788413      0.230518412E-01
     32    12   40.4139862     -0.105217053E-01 -0.817843992E-02  0.231493297E-10
     32    13   40.4139862      0.105854596E-09 -0.136183786E-09 -0.229499492E-10
     32    14   40.4139862      0.249224175E-08  0.193720018E-08 -0.548330583E-17
     33     1   19.0078850      0.339802146     -0.312369049       1.95240605    
     33     2   23.7296143      0.456806570E-01 -0.419927351E-01 -0.820126850E-02
     33     3   23.7296143      0.293701561E-02  0.319495308E-02   0.00000000    
     33     4   32.9606934      0.786384288E-02 -0.128421728E-01 -0.282180589E-02
     33     5   32.9606934      0.230544079E-01  0.141172549E-01  0.964460178E-10
     33     6   34.5583344     -0.750028994E-03  0.131774670E-02  0.300334912E-03
     33     7   34.5583344      0.707346364E-03  0.402604201E-03 -0.418080934E-11
     33     8   30.9826736     -0.640813708E-01  0.589079112E-01 -0.368193209    
     33     9   35.7044029      0.126504004     -0.116291001     -0.227118749E-01
     33    10   35.7044029      0.122694829E-01  0.133470241E-01   0.00000000    
     33    11   40.4261284     -0.129572600      0.119111866      0.232627951E-01
     33    12   40.4261284     -0.895163883E-02 -0.973779708E-02   0.00000000    
     33    13   40.4261284      0.331468381E-09 -0.304708037E-09 -0.595101121E-10
     33    14   40.4261284      0.525383603E-08  0.571524383E-08   0.00000000    
     34     1   19.0182533      0.384121925     -0.249228865       1.95289087    
     34     2   23.7390823      0.561167710E-01 -0.364101045E-01 -0.877115317E-02
     34     3   23.7390823      0.349314720E-02  0.538378255E-02  0.226942250E-10
     34     4   32.9688072      0.110427970E-01 -0.141282193E-01 -0.321843917E-02
     34     5   32.9688072      0.195910819E-01  0.153126419E-01 -0.147029500E-09
     34     6   34.5991096     -0.395432021E-02  0.550077111E-02  0.128432701E-02
     34     7   34.5991096      0.377472024E-02  0.271352031E-02 -0.512890641E-11
     34     8   30.9971275     -0.723619461E-01  0.469504185E-01 -0.367890954    
     34     9   35.7179565      0.147285759     -0.955630690E-01 -0.230210349E-01
     34    10   35.7179565      0.871745963E-02  0.134357084E-01  0.566354602E-10
     34    11   40.4387817     -0.149620339      0.970778093E-01  0.233859327E-01
     34    12   40.4387817     -0.640501734E-02 -0.987167750E-02 -0.416120229E-10
     34    13   40.4387817     -0.484161877E-09  0.314137577E-09  0.756753826E-10
     34    14   40.4387817     -0.577087977E-08 -0.889431817E-08 -0.374921631E-16
     35     1   19.0286579      0.416760266     -0.179353327       1.95343757    
     35     2   23.7484703      0.655581281E-01 -0.282130260E-01 -0.927270111E-02
     35     3   23.7484703      0.251870742E-02  0.585267739E-02  0.163202752E-11
     35     4   32.9906998      0.143700577E-01 -0.145360334E-01 -0.348338159E-02
     35     5   32.9906998      0.157574769E-01  0.155775500E-01   0.00000000    
     35     6   34.6474915     -0.782280974E-02  0.873032119E-02  0.210675318E-02
     35     7   34.6474915      0.753184175E-02  0.674891192E-02 -0.472359860E-10
     35     8   31.0121403     -0.784864500E-01  0.337767452E-01 -0.367881477    
     35     9   35.7319527      0.163846835     -0.705117062E-01 -0.231748968E-01
     35    10   35.7319527      0.489860075E-02  0.113827940E-01  0.317410833E-11
     35    11   40.4517670     -0.165312633      0.711425096E-01  0.233822223E-01
     35    12   40.4517670     -0.360842259E-02 -0.838482939E-02 -0.233812167E-11
     35    13   40.4517670     -0.119710644E-09  0.515176339E-10  0.169321657E-10
     35    14   40.4517670     -0.116832677E-08 -0.271482059E-08 -0.757031664E-18
     36     1   19.0390549      0.436727673     -0.104874961       1.95402980    
     36     2   23.7577686      0.724044070E-01 -0.173870586E-01 -0.957674626E-02
     36     3   23.7577686      0.103290274E-02  0.430128537E-02  0.117904349E-10
     36     4   33.0265007      0.178022962E-01 -0.141627900E-01 -0.364617328E-02
     36     5   33.0265007      0.119594131E-01  0.150327021E-01  0.292529473E-10
     36     6   34.7023582     -0.117966980E-01  0.105727259E-01  0.267050602E-02
     36     7   34.7023582      0.114310430E-01  0.127543816E-01  0.375649789E-10
     36     8   31.0275307     -0.823018253E-01  0.197638068E-01 -0.368239135    
     36     9   35.7462463      0.174885720     -0.419967286E-01 -0.231316891E-01
     36    10   35.7462463      0.177326472E-02  0.738435239E-02  0.202415602E-10
     36    11   40.4649582     -0.175600290      0.421683230E-01  0.232262034E-01
     36    12   40.4649582     -0.130678876E-02 -0.544182071E-02 -0.149168039E-10
     36    13   40.4649582       0.00000000       0.00000000       0.00000000    
     36    14   40.4649582       0.00000000       0.00000000       0.00000000    
     37     1   19.0494175      0.443420738     -0.280672871E-01   1.95464969    
     37     2   23.7669792      0.752202868E-01 -0.476123299E-02 -0.958900433E-02
     37     3   23.7669792      0.796282548E-04  0.125800597E-02   0.00000000    
     37     4   33.0756912      0.213389732E-01 -0.130570512E-01 -0.373123260E-02
     37     5   33.0756912      0.840899441E-02  0.137427142E-01  0.584099089E-10
     37     6   34.7622948     -0.151534881E-01  0.107823322E-01  0.290595926E-02
     37     7   34.7622948      0.147572551E-01  0.207398478E-01 -0.920342066E-10
     37     8   31.0431213     -0.837086737E-01  0.529852323E-02 -0.368997455    
     37     9   35.7606812      0.179392770     -0.113550592E-01 -0.228688065E-01
     37    10   35.7606812      0.131413472E-03  0.207613409E-02   0.00000000    
     37    11   40.4782448     -0.179694533      0.113741588E-01  0.229072720E-01
     37    12   40.4782448     -0.968059467E-04 -0.152938766E-02   0.00000000    
     37    13   40.4782448     -0.993409435E-11  0.628800289E-12  0.126638814E-11
     37    14   40.4782448     -0.803333858E-10 -0.126914612E-08   0.00000000    
